   Compiling hsm-sys v0.1.0 (file:///E:/iot/r40/Azure-IoT-Edge-Core/edgelet/hsm-sys)
   Compiling iotedge v0.1.0 (file:///E:/iot/r40/Azure-IoT-Edge-Core/edgelet/iotedge)
error: failed to run custom build command for `hsm-sys v0.1.0 (file:///E:/iot/r40/Azure-IoT-Edge-Core/edgelet/hsm-sys)`
process didn't exit successfully: `E:\iot\r40\Azure-IoT-Edge-Core\edgelet\target\debug\build\hsm-sys-db457c966a081ea2\build-script-build` (exit code: 101)
--- stdout
#Start Update C-Shared Utilities
#Done Updating C-Shared Utilities
#Start building HSM dev-mode library
running: "cmake" "E:\\iot\\r40\\Azure-IoT-Edge-Core\\edgelet\\hsm-sys\\azure-iot-hsm-c" "-G" "Visual Studio 15 2017 Win64" "-Duse_openssl=ON" "-DCMAKE_BUILD_TYPE=Release" "-Drun_unittests=ON" "-Duse_default_uuid=ON" "-Dskip_samples=ON" "-DBUILD_SHARED=OFF" "-DCMAKE_INSTALL_PREFIX=E:\\iot\\r40\\Azure-IoT-Edge-Core\\edgelet\\target\\debug\\build\\hsm-sys-655bd48171248c1c\\out" "-DCMAKE_C_FLAGS= /DWIN32 /D_WINDOWS /nologo /MD" "-DCMAKE_C_FLAGS_RELEASE= /DWIN32 /D_WINDOWS /nologo /MD" "-DCMAKE_CXX_FLAGS= /DWIN32 /D_WINDOWS /nologo /MD" "-DCMAKE_CXX_FLAGS_RELEASE= /DWIN32 /D_WINDOWS /nologo /MD"
-- target architecture: x86_64
-- Configuring done
-- Generating done
-- Build files have been written to: E:/iot/r40/Azure-IoT-Edge-Core/edgelet/target/debug/build/hsm-sys-655bd48171248c1c/out/build
running: "cmake" "--build" "." "--target" "install" "--config" "Release" "--"
Microsoft (R) Build Engine version 15.7.163.20755 for .NET Framework
Copyright (C) Microsoft Corporation. All rights reserved.

Build started 5/22/2018 4:29:47 PM.
Project "E:\iot\r40\Azure-IoT-Edge-Core\edgelet\target\debug\build\hsm-sys-655bd48171248c1c\out\build\install.vcxproj" on node 1 (default targets).
Project "E:\iot\r40\Azure-IoT-Edge-Core\edgelet\target\debug\build\hsm-sys-655bd48171248c1c\out\build\install.vcxproj" (1) is building "E:\iot\r40\Azure-IoT-Edge-Core\edgelet\target\debug\build\hsm-sys-655bd48171248c1c\out\build\ZERO_CHECK.vcxproj" (2) on node 1 (default targets).
InitializeBuildStatus:
  Creating "x64\Release\ZERO_CHECK\ZERO_CHECK.tlog\unsuccessfulbuild" because "AlwaysCreate" was specified.
CustomBuild:
  All outputs are up-to-date.
FinalizeBuildStatus:
  Deleting file "x64\Release\ZERO_CHECK\ZERO_CHECK.tlog\unsuccessfulbuild".
  Touching "x64\Release\ZERO_CHECK\ZERO_CHECK.tlog\ZERO_CHECK.lastbuildstate".
Done Building Project "E:\iot\r40\Azure-IoT-Edge-Core\edgelet\target\debug\build\hsm-sys-655bd48171248c1c\out\build\ZERO_CHECK.vcxproj" (default targets).
Project "E:\iot\r40\Azure-IoT-Edge-Core\edgelet\target\debug\build\hsm-sys-655bd48171248c1c\out\build\install.vcxproj" (1) is building "E:\iot\r40\Azure-IoT-Edge-Core\edgelet\target\debug\build\hsm-sys-655bd48171248c1c\out\build\ALL_BUILD.vcxproj" (3) on node 1 (default targets).
Project "E:\iot\r40\Azure-IoT-Edge-Core\edgelet\target\debug\build\hsm-sys-655bd48171248c1c\out\build\ALL_BUILD.vcxproj" (3) is building "E:\iot\r40\Azure-IoT-Edge-Core\edgelet\target\debug\build\hsm-sys-655bd48171248c1c\out\build\azure-c-shared-utility\aziotsharedutil.vcxproj" (4) on node 1 (default targets).
InitializeBuildStatus:
  Creating "aziotsharedutil.dir\Release\aziotsharedutil.tlog\unsuccessfulbuild" because "AlwaysCreate" was specified.
CustomBuild:
  All outputs are up-to-date.
VcpkgTripletSelection:
  Using triplet "x64-windows" from "C:\vcpkg\installed\x64-windows\"
ClCompile:
  All outputs are up-to-date.
Lib:
  All outputs are up-to-date.
  aziotsharedutil.vcxproj -> E:\iot\r40\Azure-IoT-Edge-Core\edgelet\target\debug\build\hsm-sys-655bd48171248c1c\out\build\azure-c-shared-utility\Release\aziotsharedutil.lib
AppLocalFromInstalled:
  C:\WINDOWS\System32\WindowsPowerShell\v1.0\powershell.exe -ExecutionPolicy Bypass -noprofile -File "C:\vcpkg\scripts\buildsystems\msbuild\applocal.ps1" "E:\iot\r40\Azure-IoT-Edge-Core\edgelet\target\debug\build\hsm-sys-655bd48171248c1c\out\build\azure-c-shared-utility\Release\aziotsharedutil.lib" "C:\vcpkg\installed\x64-windows\bin" "aziotsharedutil.dir\Release\aziotsharedutil.tlog\aziotsharedutil.write.1u.tlog" "aziotsharedutil.dir\Release\vcpkg.applocal.log"
FinalizeBuildStatus:
  Deleting file "aziotsharedutil.dir\Release\aziotsharedutil.tlog\unsuccessfulbuild".
  Touching "aziotsharedutil.dir\Release\aziotsharedutil.tlog\aziotsharedutil.lastbuildstate".
Done Building Project "E:\iot\r40\Azure-IoT-Edge-Core\edgelet\target\debug\build\hsm-sys-655bd48171248c1c\out\build\azure-c-shared-utility\aziotsharedutil.vcxproj" (default targets).
Project "E:\iot\r40\Azure-IoT-Edge-Core\edgelet\target\debug\build\hsm-sys-655bd48171248c1c\out\build\ALL_BUILD.vcxproj" (3) is building "E:\iot\r40\Azure-IoT-Edge-Core\edgelet\target\debug\build\hsm-sys-655bd48171248c1c\out\build\tests\certificate_info_ut\certificate_info_ut_exe.vcxproj" (5) on node 1 (default targets).
Project "E:\iot\r40\Azure-IoT-Edge-Core\edgelet\target\debug\build\hsm-sys-655bd48171248c1c\out\build\tests\certificate_info_ut\certificate_info_ut_exe.vcxproj" (5) is building "E:\iot\r40\Azure-IoT-Edge-Core\edgelet\target\debug\build\hsm-sys-655bd48171248c1c\out\build\azure-c-shared-utility\testtools\ctest\ctest.vcxproj" (6) on node 1 (default targets).
InitializeBuildStatus:
  Creating "ctest.dir\Release\ctest.tlog\unsuccessfulbuild" because "AlwaysCreate" was specified.
CustomBuild:
  All outputs are up-to-date.
VcpkgTripletSelection:
  Using triplet "x64-windows" from "C:\vcpkg\installed\x64-windows\"
ClCompile:
  All outputs are up-to-date.
Lib:
  All outputs are up-to-date.
  ctest.vcxproj -> E:\iot\r40\Azure-IoT-Edge-Core\edgelet\target\debug\build\hsm-sys-655bd48171248c1c\out\build\azure-c-shared-utility\testtools\ctest\Release\ctest.lib
AppLocalFromInstalled:
  C:\WINDOWS\System32\WindowsPowerShell\v1.0\powershell.exe -ExecutionPolicy Bypass -noprofile -File "C:\vcpkg\scripts\buildsystems\msbuild\applocal.ps1" "E:\iot\r40\Azure-IoT-Edge-Core\edgelet\target\debug\build\hsm-sys-655bd48171248c1c\out\build\azure-c-shared-utility\testtools\ctest\Release\ctest.lib" "C:\vcpkg\installed\x64-windows\bin" "ctest.dir\Release\ctest.tlog\ctest.write.1u.tlog" "ctest.dir\Release\vcpkg.applocal.log"
FinalizeBuildStatus:
  Deleting file "ctest.dir\Release\ctest.tlog\unsuccessfulbuild".
  Touching "ctest.dir\Release\ctest.tlog\ctest.lastbuildstate".
Done Building Project "E:\iot\r40\Azure-IoT-Edge-Core\edgelet\target\debug\build\hsm-sys-655bd48171248c1c\out\build\azure-c-shared-utility\testtools\ctest\ctest.vcxproj" (default targets).
Project "E:\iot\r40\Azure-IoT-Edge-Core\edgelet\target\debug\build\hsm-sys-655bd48171248c1c\out\build\tests\certificate_info_ut\certificate_info_ut_exe.vcxproj" (5) is building "E:\iot\r40\Azure-IoT-Edge-Core\edgelet\target\debug\build\hsm-sys-655bd48171248c1c\out\build\azure-c-shared-utility\testtools\testrunner\testrunnerswitcher.vcxproj" (7) on node 1 (default targets).
InitializeBuildStatus:
  Creating "testrunnerswitcher.dir\Release\testrunn.D4BA1958.tlog\unsuccessfulbuild" because "AlwaysCreate" was specified.
CustomBuild:
  All outputs are up-to-date.
VcpkgTripletSelection:
  Using triplet "x64-windows" from "C:\vcpkg\installed\x64-windows\"
ClCompile:
  All outputs are up-to-date.
Lib:
  All outputs are up-to-date.
  testrunnerswitcher.vcxproj -> E:\iot\r40\Azure-IoT-Edge-Core\edgelet\target\debug\build\hsm-sys-655bd48171248c1c\out\build\azure-c-shared-utility\testtools\testrunner\Release\testrunnerswitcher.lib
AppLocalFromInstalled:
  C:\WINDOWS\System32\WindowsPowerShell\v1.0\powershell.exe -ExecutionPolicy Bypass -noprofile -File "C:\vcpkg\scripts\buildsystems\msbuild\applocal.ps1" "E:\iot\r40\Azure-IoT-Edge-Core\edgelet\target\debug\build\hsm-sys-655bd48171248c1c\out\build\azure-c-shared-utility\testtools\testrunner\Release\testrunnerswitcher.lib" "C:\vcpkg\installed\x64-windows\bin" "testrunnerswitcher.dir\Release\testrunn.D4BA1958.tlog\testrunnerswitcher.write.1u.tlog" "testrunnerswitcher.dir\Release\vcpkg.applocal.log"
FinalizeBuildStatus:
  Deleting file "testrunnerswitcher.dir\Release\testrunn.D4BA1958.tlog\unsuccessfulbuild".
  Touching "testrunnerswitcher.dir\Release\testrunn.D4BA1958.tlog\testrunnerswitcher.lastbuildstate".
Done Building Project "E:\iot\r40\Azure-IoT-Edge-Core\edgelet\target\debug\build\hsm-sys-655bd48171248c1c\out\build\azure-c-shared-utility\testtools\testrunner\testrunnerswitcher.vcxproj" (default targets).
Project "E:\iot\r40\Azure-IoT-Edge-Core\edgelet\target\debug\build\hsm-sys-655bd48171248c1c\out\build\tests\certificate_info_ut\certificate_info_ut_exe.vcxproj" (5) is building "E:\iot\r40\Azure-IoT-Edge-Core\edgelet\target\debug\build\hsm-sys-655bd48171248c1c\out\build\azure-c-shared-utility\testtools\umock-c\umock_c.vcxproj" (8) on node 1 (default targets).
InitializeBuildStatus:
  Creating "umock_c.dir\Release\umock_c.tlog\unsuccessfulbuild" because "AlwaysCreate" was specified.
CustomBuild:
  All outputs are up-to-date.
VcpkgTripletSelection:
  Using triplet "x64-windows" from "C:\vcpkg\installed\x64-windows\"
ClCompile:
  All outputs are up-to-date.
Lib:
  All outputs are up-to-date.
  umock_c.vcxproj -> E:\iot\r40\Azure-IoT-Edge-Core\edgelet\target\debug\build\hsm-sys-655bd48171248c1c\out\build\azure-c-shared-utility\testtools\umock-c\Release\umock_c.lib
AppLocalFromInstalled:
  C:\WINDOWS\System32\WindowsPowerShell\v1.0\powershell.exe -ExecutionPolicy Bypass -noprofile -File "C:\vcpkg\scripts\buildsystems\msbuild\applocal.ps1" "E:\iot\r40\Azure-IoT-Edge-Core\edgelet\target\debug\build\hsm-sys-655bd48171248c1c\out\build\azure-c-shared-utility\testtools\umock-c\Release\umock_c.lib" "C:\vcpkg\installed\x64-windows\bin" "umock_c.dir\Release\umock_c.tlog\umock_c.write.1u.tlog" "umock_c.dir\Release\vcpkg.applocal.log"
FinalizeBuildStatus:
  Deleting file "umock_c.dir\Release\umock_c.tlog\unsuccessfulbuild".
  Touching "umock_c.dir\Release\umock_c.tlog\umock_c.lastbuildstate".
Done Building Project "E:\iot\r40\Azure-IoT-Edge-Core\edgelet\target\debug\build\hsm-sys-655bd48171248c1c\out\build\azure-c-shared-utility\testtools\umock-c\umock_c.vcxproj" (default targets).
InitializeBuildStatus:
  Creating "certificate_info_ut_exe.dir\Release\certific.48AB58B4.tlog\unsuccessfulbuild" because "AlwaysCreate" was specified.
CustomBuild:
  All outputs are up-to-date.
VcpkgTripletSelection:
  Using triplet "x64-windows" from "C:\vcpkg\installed\x64-windows\"
ClCompile:
  All outputs are up-to-date.
Link:
  All outputs are up-to-date.
  certificate_info_ut_exe.vcxproj -> E:\iot\r40\Azure-IoT-Edge-Core\edgelet\target\debug\build\hsm-sys-655bd48171248c1c\out\build\tests\certificate_info_ut\Release\certificate_info_ut_exe.exe
AppLocalFromInstalled:
  C:\WINDOWS\System32\WindowsPowerShell\v1.0\powershell.exe -ExecutionPolicy Bypass -noprofile -File "C:\vcpkg\scripts\buildsystems\msbuild\applocal.ps1" "E:\iot\r40\Azure-IoT-Edge-Core\edgelet\target\debug\build\hsm-sys-655bd48171248c1c\out\build\tests\certificate_info_ut\Release\certificate_info_ut_exe.exe" "C:\vcpkg\installed\x64-windows\bin" "certificate_info_ut_exe.dir\Release\certific.48AB58B4.tlog\certificate_info_ut_exe.write.1u.tlog" "certificate_info_ut_exe.dir\Release\vcpkg.applocal.log"
FinalizeBuildStatus:
  Deleting file "certificate_info_ut_exe.dir\Release\certific.48AB58B4.tlog\unsuccessfulbuild".
  Touching "certificate_info_ut_exe.dir\Release\certific.48AB58B4.tlog\certificate_info_ut_exe.lastbuildstate".
Done Building Project "E:\iot\r40\Azure-IoT-Edge-Core\edgelet\target\debug\build\hsm-sys-655bd48171248c1c\out\build\tests\certificate_info_ut\certificate_info_ut_exe.vcxproj" (default targets).
Project "E:\iot\r40\Azure-IoT-Edge-Core\edgelet\target\debug\build\hsm-sys-655bd48171248c1c\out\build\ALL_BUILD.vcxproj" (3) is building "E:\iot\r40\Azure-IoT-Edge-Core\edgelet\target\debug\build\hsm-sys-655bd48171248c1c\out\build\tests\edge_hsm_crypto_int\edge_hsm_crypto_inut_exe.vcxproj" (9) on node 1 (default targets).
Project "E:\iot\r40\Azure-IoT-Edge-Core\edgelet\target\debug\build\hsm-sys-655bd48171248c1c\out\build\tests\edge_hsm_crypto_int\edge_hsm_crypto_inut_exe.vcxproj" (9) is building "E:\iot\r40\Azure-IoT-Edge-Core\edgelet\target\debug\build\hsm-sys-655bd48171248c1c\out\build\iothsm.vcxproj" (10) on node 1 (default targets).
InitializeBuildStatus:
  Creating "iothsm.dir\Release\iothsm.tlog\unsuccessfulbuild" because "AlwaysCreate" was specified.
CustomBuild:
  All outputs are up-to-date.
VcpkgTripletSelection:
  Using triplet "x64-windows" from "C:\vcpkg\installed\x64-windows\"
ClCompile:
  All outputs are up-to-date.
Lib:
  All outputs are up-to-date.
  iothsm.vcxproj -> E:\iot\r40\Azure-IoT-Edge-Core\edgelet\target\debug\build\hsm-sys-655bd48171248c1c\out\build\Release\iothsm.lib
AppLocalFromInstalled:
  C:\WINDOWS\System32\WindowsPowerShell\v1.0\powershell.exe -ExecutionPolicy Bypass -noprofile -File "C:\vcpkg\scripts\buildsystems\msbuild\applocal.ps1" "E:\iot\r40\Azure-IoT-Edge-Core\edgelet\target\debug\build\hsm-sys-655bd48171248c1c\out\build\Release\iothsm.lib" "C:\vcpkg\installed\x64-windows\bin" "iothsm.dir\Release\iothsm.tlog\iothsm.write.1u.tlog" "iothsm.dir\Release\vcpkg.applocal.log"
FinalizeBuildStatus:
  Deleting file "iothsm.dir\Release\iothsm.tlog\unsuccessfulbuild".
  Touching "iothsm.dir\Release\iothsm.tlog\iothsm.lastbuildstate".
Done Building Project "E:\iot\r40\Azure-IoT-Edge-Core\edgelet\target\debug\build\hsm-sys-655bd48171248c1c\out\build\iothsm.vcxproj" (default targets).
InitializeBuildStatus:
  Touching "edge_hsm_crypto_inut_exe.dir\Release\edge_hsm.EF09FFB1.tlog\unsuccessfulbuild".
CustomBuild:
  All outputs are up-to-date.
VcpkgTripletSelection:
  Using triplet "x64-windows" from "C:\vcpkg\installed\x64-windows\"
ClCompile:
  All outputs are up-to-date.
Link:
  C:\Program Files (x86)\Microsoft Visual Studio\Preview\Enterprise\VC\Tools\MSVC\14.14.26412\bin\HostX86\x64\link.exe /ERRORREPORT:QUEUE /OUT:"E:\iot\r40\Azure-IoT-Edge-Core\edgelet\target\debug\build\hsm-sys-655bd48171248c1c\out\build\tests\edge_hsm_crypto_int\Release\edge_hsm_crypto_inut_exe.exe" /INCREMENTAL:NO /NOLOGO /LIBPATH:"C:\vcpkg\installed\x64-windows\lib" /LIBPATH:"C:\vcpkg\installed\x64-windows\lib\manual-link" "..\..\azure-c-shared-utility\testtools\umock-c\Release\umock_c.lib" "..\..\azure-c-shared-utility\testtools\ctest\Release\ctest.lib" "..\..\azure-c-shared-utility\testtools\testrunner\Release\testrunnerswitcher.lib" ..\..\Release\iothsm.lib "..\..\azure-c-shared-utility\Release\aziotsharedutil.lib" "c:\vcpkg\packages\openssl_x86-windows\lib\ssleay32.lib" "c:\vcpkg\packages\openssl_x86-windows\lib\libeay32.lib" crypt32.lib winhttp.lib ws2_32.lib secur32.lib advapi32.lib ncrypt.lib "C:\vcpkg\packages\openssl_x86-windows\lib\ssleay32.lib" "C:\vcpkg\packages\openssl_x86-windows\lib\libeay32.lib" crypt32.lib winhttp.lib ws2_32.lib secur32.lib advapi32.lib ncrypt.lib "C:\vcpkg\packages\openssl_x86-windows\lib\ssleay32.lib" "C:\vcpkg\packages\openssl_x86-windows\lib\libeay32.lib" kernel32.lib user32.lib gdi32.lib winspool.lib shell32.lib ole32.lib oleaut32.lib uuid.lib comdlg32.lib advapi32.lib "C:\vcpkg\installed\x64-windows\lib\*.lib" /MANIFEST /MANIFESTUAC:"level='asInvoker' uiAccess='false'" /manifest:embed /PDB:"E:/iot/r40/Azure-IoT-Edge-Core/edgelet/target/debug/build/hsm-sys-655bd48171248c1c/out/build/tests/edge_hsm_crypto_int/Release/edge_hsm_crypto_inut_exe.pdb" /SUBSYSTEM:CONSOLE /TLBID:1 /DYNAMICBASE /NXCOMPAT /IMPLIB:"E:/iot/r40/Azure-IoT-Edge-Core/edgelet/target/debug/build/hsm-sys-655bd48171248c1c/out/build/tests/edge_hsm_crypto_int/Release/edge_hsm_crypto_inut_exe.lib" /MACHINE:X64  /machine:x64 edge_hsm_crypto_inut_exe.dir\Release\edge_hsm_crypto_int.obj
  edge_hsm_crypto_inut_exe.dir\Release\main.obj
iothsm.lib(edge_pki_openssl.obj) : error LNK2019: unresolved external symbol BIO_new_file referenced in function generate_cert_key [E:\iot\r40\Azure-IoT-Edge-Core\edgelet\target\debug\build\hsm-sys-655bd48171248c1c\out\build\tests\edge_hsm_crypto_int\edge_hsm_crypto_inut_exe.vcxproj]
iothsm.lib(edge_pki_openssl.obj) : error LNK2019: unresolved external symbol BIO_free_all referenced in function generate_cert_key [E:\iot\r40\Azure-IoT-Edge-Core\edgelet\target\debug\build\hsm-sys-655bd48171248c1c\out\build\tests\edge_hsm_crypto_int\edge_hsm_crypto_inut_exe.vcxproj]
iothsm.lib(edge_pki_openssl.obj) : error LNK2019: unresolved external symbol ERR_load_BIO_strings referenced in function generate_pki_cert_and_key_helper [E:\iot\r40\Azure-IoT-Edge-Core\edgelet\target\debug\build\hsm-sys-655bd48171248c1c\out\build\tests\edge_hsm_crypto_int\edge_hsm_crypto_inut_exe.vcxproj]
iothsm.lib(edge_pki_openssl.obj) : error LNK2019: unresolved external symbol BN_new referenced in function generate_rsa_key [E:\iot\r40\Azure-IoT-Edge-Core\edgelet\target\debug\build\hsm-sys-655bd48171248c1c\out\build\tests\edge_hsm_crypto_int\edge_hsm_crypto_inut_exe.vcxproj]
iothsm.lib(edge_pki_openssl.obj) : error LNK2019: unresolved external symbol BN_set_word referenced in function generate_rsa_key [E:\iot\r40\Azure-IoT-Edge-Core\edgelet\target\debug\build\hsm-sys-655bd48171248c1c\out\build\tests\edge_hsm_crypto_int\edge_hsm_crypto_inut_exe.vcxproj]
iothsm.lib(edge_pki_openssl.obj) : error LNK2019: unresolved external symbol BN_free referenced in function generate_rsa_key [E:\iot\r40\Azure-IoT-Edge-Core\edgelet\target\debug\build\hsm-sys-655bd48171248c1c\out\build\tests\edge_hsm_crypto_int\edge_hsm_crypto_inut_exe.vcxproj]
iothsm.lib(edge_pki_openssl.obj) : error LNK2019: unresolved external symbol ASN1_INTEGER_set referenced in function generate_evp_certificate [E:\iot\r40\Azure-IoT-Edge-Core\edgelet\target\debug\build\hsm-sys-655bd48171248c1c\out\build\tests\edge_hsm_crypto_int\edge_hsm_crypto_inut_exe.vcxproj]
iothsm.lib(edge_pki_openssl.obj) : error LNK2019: unresolved external symbol ERR_load_crypto_strings referenced in function generate_pki_cert_and_key_helper [E:\iot\r40\Azure-IoT-Edge-Core\edgelet\target\debug\build\hsm-sys-655bd48171248c1c\out\build\tests\edge_hsm_crypto_int\edge_hsm_crypto_inut_exe.vcxproj]
iothsm.lib(edge_pki_openssl.obj) : error LNK2019: unresolved external symbol EC_GROUP_get_curve_name referenced in function generate_cert_key [E:\iot\r40\Azure-IoT-Edge-Core\edgelet\target\debug\build\hsm-sys-655bd48171248c1c\out\build\tests\edge_hsm_crypto_int\edge_hsm_crypto_inut_exe.vcxproj]
iothsm.lib(edge_pki_openssl.obj) : error LNK2019: unresolved external symbol EC_KEY_new_by_curve_name referenced in function generate_ecc_key [E:\iot\r40\Azure-IoT-Edge-Core\edgelet\target\debug\build\hsm-sys-655bd48171248c1c\out\build\tests\edge_hsm_crypto_int\edge_hsm_crypto_inut_exe.vcxproj]
iothsm.lib(edge_pki_openssl.obj) : error LNK2019: unresolved external symbol EC_KEY_free referenced in function generate_cert_key [E:\iot\r40\Azure-IoT-Edge-Core\edgelet\target\debug\build\hsm-sys-655bd48171248c1c\out\build\tests\edge_hsm_crypto_int\edge_hsm_crypto_inut_exe.vcxproj]
iothsm.lib(edge_pki_openssl.obj) : error LNK2019: unresolved external symbol EC_KEY_get0_group referenced in function generate_cert_key [E:\iot\r40\Azure-IoT-Edge-Core\edgelet\target\debug\build\hsm-sys-655bd48171248c1c\out\build\tests\edge_hsm_crypto_int\edge_hsm_crypto_inut_exe.vcxproj]
iothsm.lib(edge_pki_openssl.obj) : error LNK2019: unresolved external symbol EC_KEY_set_asn1_flag referenced in function generate_ecc_key [E:\iot\r40\Azure-IoT-Edge-Core\edgelet\target\debug\build\hsm-sys-655bd48171248c1c\out\build\tests\edge_hsm_crypto_int\edge_hsm_crypto_inut_exe.vcxproj]
iothsm.lib(edge_pki_openssl.obj) : error LNK2019: unresolved external symbol EC_KEY_generate_key referenced in function generate_ecc_key [E:\iot\r40\Azure-IoT-Edge-Core\edgelet\target\debug\build\hsm-sys-655bd48171248c1c\out\build\tests\edge_hsm_crypto_int\edge_hsm_crypto_inut_exe.vcxproj]
iothsm.lib(edge_pki_openssl.obj) : error LNK2019: unresolved external symbol OBJ_nid2sn referenced in function generate_cert_key [E:\iot\r40\Azure-IoT-Edge-Core\edgelet\target\debug\build\hsm-sys-655bd48171248c1c\out\build\tests\edge_hsm_crypto_int\edge_hsm_crypto_inut_exe.vcxproj]
iothsm.lib(edge_pki_openssl.obj) : error LNK2019: unresolved external symbol OBJ_txt2nid referenced in function generate_ecc_key [E:\iot\r40\Azure-IoT-Edge-Core\edgelet\target\debug\build\hsm-sys-655bd48171248c1c\out\build\tests\edge_hsm_crypto_int\edge_hsm_crypto_inut_exe.vcxproj]
iothsm.lib(edge_pki_openssl.obj) : error LNK2019: unresolved external symbol EVP_sha256 referenced in function generate_evp_certificate [E:\iot\r40\Azure-IoT-Edge-Core\edgelet\target\debug\build\hsm-sys-655bd48171248c1c\out\build\tests\edge_hsm_crypto_int\edge_hsm_crypto_inut_exe.vcxproj]
iothsm.lib(edge_pki_openssl.obj) : error LNK2019: unresolved external symbol OPENSSL_add_all_algorithms_noconf referenced in function generate_pki_cert_and_key_helper [E:\iot\r40\Azure-IoT-Edge-Core\edgelet\target\debug\build\hsm-sys-655bd48171248c1c\out\build\tests\edge_hsm_crypto_int\edge_hsm_crypto_inut_exe.vcxproj]
iothsm.lib(edge_pki_openssl.obj) : error LNK2019: unresolved external symbol EVP_PKEY_base_id referenced in function generate_cert_key [E:\iot\r40\Azure-IoT-Edge-Core\edgelet\target\debug\build\hsm-sys-655bd48171248c1c\out\build\tests\edge_hsm_crypto_int\edge_hsm_crypto_inut_exe.vcxproj]
iothsm.lib(edge_pki_openssl.obj) : error LNK2019: unresolved external symbol EVP_PKEY_bits referenced in function generate_cert_key [E:\iot\r40\Azure-IoT-Edge-Core\edgelet\target\debug\build\hsm-sys-655bd48171248c1c\out\build\tests\edge_hsm_crypto_int\edge_hsm_crypto_inut_exe.vcxproj]
iothsm.lib(edge_pki_openssl.obj) : error LNK2019: unresolved external symbol EVP_PKEY_set1_RSA referenced in function generate_rsa_key [E:\iot\r40\Azure-IoT-Edge-Core\edgelet\target\debug\build\hsm-sys-655bd48171248c1c\out\build\tests\edge_hsm_crypto_int\edge_hsm_crypto_inut_exe.vcxproj]
iothsm.lib(edge_pki_openssl.obj) : error LNK2019: unresolved external symbol EVP_PKEY_set1_EC_KEY referenced in function generate_ecc_key [E:\iot\r40\Azure-IoT-Edge-Core\edgelet\target\debug\build\hsm-sys-655bd48171248c1c\out\build\tests\edge_hsm_crypto_int\edge_hsm_crypto_inut_exe.vcxproj]
iothsm.lib(edge_pki_openssl.obj) : error LNK2019: unresolved external symbol EVP_PKEY_get1_EC_KEY referenced in function generate_cert_key [E:\iot\r40\Azure-IoT-Edge-Core\edgelet\target\debug\build\hsm-sys-655bd48171248c1c\out\build\tests\edge_hsm_crypto_int\edge_hsm_crypto_inut_exe.vcxproj]
iothsm.lib(edge_pki_openssl.obj) : error LNK2019: unresolved external symbol EVP_PKEY_new referenced in function generate_ecc_key [E:\iot\r40\Azure-IoT-Edge-Core\edgelet\target\debug\build\hsm-sys-655bd48171248c1c\out\build\tests\edge_hsm_crypto_int\edge_hsm_crypto_inut_exe.vcxproj]
iothsm.lib(edge_pki_openssl.obj) : error LNK2019: unresolved external symbol EVP_PKEY_free referenced in function create_cert_key [E:\iot\r40\Azure-IoT-Edge-Core\edgelet\target\debug\build\hsm-sys-655bd48171248c1c\out\build\tests\edge_hsm_crypto_int\edge_hsm_crypto_inut_exe.vcxproj]
iothsm.lib(edge_pki_openssl.obj) : error LNK2019: unresolved external symbol RSA_new referenced in function generate_rsa_key [E:\iot\r40\Azure-IoT-Edge-Core\edgelet\target\debug\build\hsm-sys-655bd48171248c1c\out\build\tests\edge_hsm_crypto_int\edge_hsm_crypto_inut_exe.vcxproj]
iothsm.lib(edge_pki_openssl.obj) : error LNK2019: unresolved external symbol RSA_generate_key_ex referenced in function generate_rsa_key [E:\iot\r40\Azure-IoT-Edge-Core\edgelet\target\debug\build\hsm-sys-655bd48171248c1c\out\build\tests\edge_hsm_crypto_int\edge_hsm_crypto_inut_exe.vcxproj]
iothsm.lib(edge_pki_openssl.obj) : error LNK2019: unresolved external symbol RSA_free referenced in function generate_rsa_key [E:\iot\r40\Azure-IoT-Edge-Core\edgelet\target\debug\build\hsm-sys-655bd48171248c1c\out\build\tests\edge_hsm_crypto_int\edge_hsm_crypto_inut_exe.vcxproj]
iothsm.lib(edge_pki_openssl.obj) : error LNK2019: unresolved external symbol X509_sign referenced in function generate_evp_certificate [E:\iot\r40\Azure-IoT-Edge-Core\edgelet\target\debug\build\hsm-sys-655bd48171248c1c\out\build\tests\edge_hsm_crypto_int\edge_hsm_crypto_inut_exe.vcxproj]
iothsm.lib(edge_pki_openssl.obj) : error LNK2019: unresolved external symbol X509_gmtime_adj referenced in function generate_evp_certificate [E:\iot\r40\Azure-IoT-Edge-Core\edgelet\target\debug\build\hsm-sys-655bd48171248c1c\out\build\tests\edge_hsm_crypto_int\edge_hsm_crypto_inut_exe.vcxproj]
iothsm.lib(edge_pki_openssl.obj) : error LNK2019: unresolved external symbol X509_new referenced in function generate_evp_certificate [E:\iot\r40\Azure-IoT-Edge-Core\edgelet\target\debug\build\hsm-sys-655bd48171248c1c\out\build\tests\edge_hsm_crypto_int\edge_hsm_crypto_inut_exe.vcxproj]
iothsm.lib(edge_pki_openssl.obj) : error LNK2019: unresolved external symbol X509_free referenced in function generate_evp_certificate [E:\iot\r40\Azure-IoT-Edge-Core\edgelet\target\debug\build\hsm-sys-655bd48171248c1c\out\build\tests\edge_hsm_crypto_int\edge_hsm_crypto_inut_exe.vcxproj]
iothsm.lib(edge_pki_openssl.obj) : error LNK2019: unresolved external symbol X509_set_version referenced in function generate_evp_certificate [E:\iot\r40\Azure-IoT-Edge-Core\edgelet\target\debug\build\hsm-sys-655bd48171248c1c\out\build\tests\edge_hsm_crypto_int\edge_hsm_crypto_inut_exe.vcxproj]
iothsm.lib(edge_pki_openssl.obj) : error LNK2019: unresolved external symbol X509_get_serialNumber referenced in function generate_evp_certificate [E:\iot\r40\Azure-IoT-Edge-Core\edgelet\target\debug\build\hsm-sys-655bd48171248c1c\out\build\tests\edge_hsm_crypto_int\edge_hsm_crypto_inut_exe.vcxproj]
iothsm.lib(edge_pki_openssl.obj) : error LNK2019: unresolved external symbol X509_set_issuer_name referenced in function cert_set_subject_fields_and_issuer [E:\iot\r40\Azure-IoT-Edge-Core\edgelet\target\debug\build\hsm-sys-655bd48171248c1c\out\build\tests\edge_hsm_crypto_int\edge_hsm_crypto_inut_exe.vcxproj]
iothsm.lib(edge_pki_openssl.obj) : error LNK2019: unresolved external symbol X509_get_subject_name referenced in function cert_set_subject_fields_and_issuer [E:\iot\r40\Azure-IoT-Edge-Core\edgelet\target\debug\build\hsm-sys-655bd48171248c1c\out\build\tests\edge_hsm_crypto_int\edge_hsm_crypto_inut_exe.vcxproj]
iothsm.lib(edge_pki_openssl.obj) : error LNK2019: unresolved external symbol X509_set_pubkey referenced in function generate_evp_certificate [E:\iot\r40\Azure-IoT-Edge-Core\edgelet\target\debug\build\hsm-sys-655bd48171248c1c\out\build\tests\edge_hsm_crypto_int\edge_hsm_crypto_inut_exe.vcxproj]
iothsm.lib(edge_pki_openssl.obj) : error LNK2019: unresolved external symbol X509_get_pubkey referenced in function generate_cert_key [E:\iot\r40\Azure-IoT-Edge-Core\edgelet\target\debug\build\hsm-sys-655bd48171248c1c\out\build\tests\edge_hsm_crypto_int\edge_hsm_crypto_inut_exe.vcxproj]
iothsm.lib(edge_pki_openssl.obj) : error LNK2019: unresolved external symbol X509_NAME_get_text_by_NID referenced in function cert_set_subject_field [E:\iot\r40\Azure-IoT-Edge-Core\edgelet\target\debug\build\hsm-sys-655bd48171248c1c\out\build\tests\edge_hsm_crypto_int\edge_hsm_crypto_inut_exe.vcxproj]
iothsm.lib(edge_pki_openssl.obj) : error LNK2019: unresolved external symbol X509_NAME_add_entry_by_txt referenced in function cert_set_subject_field [E:\iot\r40\Azure-IoT-Edge-Core\edgelet\target\debug\build\hsm-sys-655bd48171248c1c\out\build\tests\edge_hsm_crypto_int\edge_hsm_crypto_inut_exe.vcxproj]
iothsm.lib(edge_pki_openssl.obj) : error LNK2019: unresolved external symbol PEM_read_bio_X509 referenced in function generate_pki_cert_and_key_helper [E:\iot\r40\Azure-IoT-Edge-Core\edgelet\target\debug\build\hsm-sys-655bd48171248c1c\out\build\tests\edge_hsm_crypto_int\edge_hsm_crypto_inut_exe.vcxproj]
iothsm.lib(edge_pki_openssl.obj) : error LNK2019: unresolved external symbol PEM_write_bio_X509 referenced in function generate_evp_certificate [E:\iot\r40\Azure-IoT-Edge-Core\edgelet\target\debug\build\hsm-sys-655bd48171248c1c\out\build\tests\edge_hsm_crypto_int\edge_hsm_crypto_inut_exe.vcxproj]
iothsm.lib(edge_pki_openssl.obj) : error LNK2019: unresolved external symbol PEM_read_bio_PrivateKey referenced in function load_private_key_file [E:\iot\r40\Azure-IoT-Edge-Core\edgelet\target\debug\build\hsm-sys-655bd48171248c1c\out\build\tests\edge_hsm_crypto_int\edge_hsm_crypto_inut_exe.vcxproj]
iothsm.lib(edge_pki_openssl.obj) : error LNK2019: unresolved external symbol PEM_write_bio_PrivateKey referenced in function generate_cert_key [E:\iot\r40\Azure-IoT-Edge-Core\edgelet\target\debug\build\hsm-sys-655bd48171248c1c\out\build\tests\edge_hsm_crypto_int\edge_hsm_crypto_inut_exe.vcxproj]
c:\vcpkg\packages\openssl_x86-windows\lib\ssleay32.lib : warning LNK4272: library machine type 'x86' conflicts with target machine type 'x64' [E:\iot\r40\Azure-IoT-Edge-Core\edgelet\target\debug\build\hsm-sys-655bd48171248c1c\out\build\tests\edge_hsm_crypto_int\edge_hsm_crypto_inut_exe.vcxproj]
c:\vcpkg\packages\openssl_x86-windows\lib\libeay32.lib : warning LNK4272: library machine type 'x86' conflicts with target machine type 'x64' [E:\iot\r40\Azure-IoT-Edge-Core\edgelet\target\debug\build\hsm-sys-655bd48171248c1c\out\build\tests\edge_hsm_crypto_int\edge_hsm_crypto_inut_exe.vcxproj]
E:\iot\r40\Azure-IoT-Edge-Core\edgelet\target\debug\build\hsm-sys-655bd48171248c1c\out\build\tests\edge_hsm_crypto_int\Release\edge_hsm_crypto_inut_exe.exe : fatal error LNK1120: 44 unresolved externals [E:\iot\r40\Azure-IoT-Edge-Core\edgelet\target\debug\build\hsm-sys-655bd48171248c1c\out\build\tests\edge_hsm_crypto_int\edge_hsm_crypto_inut_exe.vcxproj]
Done Building Project "E:\iot\r40\Azure-IoT-Edge-Core\edgelet\target\debug\build\hsm-sys-655bd48171248c1c\out\build\tests\edge_hsm_crypto_int\edge_hsm_crypto_inut_exe.vcxproj" (default targets) -- FAILED.
Project "E:\iot\r40\Azure-IoT-Edge-Core\edgelet\target\debug\build\hsm-sys-655bd48171248c1c\out\build\ALL_BUILD.vcxproj" (3) is building "E:\iot\r40\Azure-IoT-Edge-Core\edgelet\target\debug\build\hsm-sys-655bd48171248c1c\out\build\tests\edge_hsm_crypto_ut\edge_hsm_crypto_ut_exe.vcxproj" (11) on node 1 (default targets).
InitializeBuildStatus:
  Creating "edge_hsm_crypto_ut_exe.dir\Release\edge_hsm.3092AB34.tlog\unsuccessfulbuild" because "AlwaysCreate" was specified.
CustomBuild:
  All outputs are up-to-date.
VcpkgTripletSelection:
  Using triplet "x64-windows" from "C:\vcpkg\installed\x64-windows\"
ClCompile:
  All outputs are up-to-date.
Link:
  All outputs are up-to-date.
  edge_hsm_crypto_ut_exe.vcxproj -> E:\iot\r40\Azure-IoT-Edge-Core\edgelet\target\debug\build\hsm-sys-655bd48171248c1c\out\build\tests\edge_hsm_crypto_ut\Release\edge_hsm_crypto_ut_exe.exe
AppLocalFromInstalled:
  C:\WINDOWS\System32\WindowsPowerShell\v1.0\powershell.exe -ExecutionPolicy Bypass -noprofile -File "C:\vcpkg\scripts\buildsystems\msbuild\applocal.ps1" "E:\iot\r40\Azure-IoT-Edge-Core\edgelet\target\debug\build\hsm-sys-655bd48171248c1c\out\build\tests\edge_hsm_crypto_ut\Release\edge_hsm_crypto_ut_exe.exe" "C:\vcpkg\installed\x64-windows\bin" "edge_hsm_crypto_ut_exe.dir\Release\edge_hsm.3092AB34.tlog\edge_hsm_crypto_ut_exe.write.1u.tlog" "edge_hsm_crypto_ut_exe.dir\Release\vcpkg.applocal.log"
FinalizeBuildStatus:
  Deleting file "edge_hsm_crypto_ut_exe.dir\Release\edge_hsm.3092AB34.tlog\unsuccessfulbuild".
  Touching "edge_hsm_crypto_ut_exe.dir\Release\edge_hsm.3092AB34.tlog\edge_hsm_crypto_ut_exe.lastbuildstate".
Done Building Project "E:\iot\r40\Azure-IoT-Edge-Core\edgelet\target\debug\build\hsm-sys-655bd48171248c1c\out\build\tests\edge_hsm_crypto_ut\edge_hsm_crypto_ut_exe.vcxproj" (default targets).
Project "E:\iot\r40\Azure-IoT-Edge-Core\edgelet\target\debug\build\hsm-sys-655bd48171248c1c\out\build\ALL_BUILD.vcxproj" (3) is building "E:\iot\r40\Azure-IoT-Edge-Core\edgelet\target\debug\build\hsm-sys-655bd48171248c1c\out\build\tests\edge_hsm_key_intf_sas_ut\edge_hsm_key_intf_sas_ut_exe.vcxproj" (12) on node 1 (default targets).
InitializeBuildStatus:
  Creating "edge_hsm_key_intf_sas_ut_exe.dir\Release\edge_hsm.2A87D570.tlog\unsuccessfulbuild" because "AlwaysCreate" was specified.
CustomBuild:
  All outputs are up-to-date.
VcpkgTripletSelection:
  Using triplet "x64-windows" from "C:\vcpkg\installed\x64-windows\"
ClCompile:
  All outputs are up-to-date.
Link:
  All outputs are up-to-date.
  edge_hsm_key_intf_sas_ut_exe.vcxproj -> E:\iot\r40\Azure-IoT-Edge-Core\edgelet\target\debug\build\hsm-sys-655bd48171248c1c\out\build\tests\edge_hsm_key_intf_sas_ut\Release\edge_hsm_key_intf_sas_ut_exe.exe
AppLocalFromInstalled:
  C:\WINDOWS\System32\WindowsPowerShell\v1.0\powershell.exe -ExecutionPolicy Bypass -noprofile -File "C:\vcpkg\scripts\buildsystems\msbuild\applocal.ps1" "E:\iot\r40\Azure-IoT-Edge-Core\edgelet\target\debug\build\hsm-sys-655bd48171248c1c\out\build\tests\edge_hsm_key_intf_sas_ut\Release\edge_hsm_key_intf_sas_ut_exe.exe" "C:\vcpkg\installed\x64-windows\bin" "edge_hsm_key_intf_sas_ut_exe.dir\Release\edge_hsm.2A87D570.tlog\edge_hsm_key_intf_sas_ut_exe.write.1u.tlog" "edge_hsm_key_intf_sas_ut_exe.dir\Release\vcpkg.applocal.log"
FinalizeBuildStatus:
  Deleting file "edge_hsm_key_intf_sas_ut_exe.dir\Release\edge_hsm.2A87D570.tlog\unsuccessfulbuild".
  Touching "edge_hsm_key_intf_sas_ut_exe.dir\Release\edge_hsm.2A87D570.tlog\edge_hsm_key_intf_sas_ut_exe.lastbuildstate".
Done Building Project "E:\iot\r40\Azure-IoT-Edge-Core\edgelet\target\debug\build\hsm-sys-655bd48171248c1c\out\build\tests\edge_hsm_key_intf_sas_ut\edge_hsm_key_intf_sas_ut_exe.vcxproj" (default targets).
Project "E:\iot\r40\Azure-IoT-Edge-Core\edgelet\target\debug\build\hsm-sys-655bd48171248c1c\out\build\ALL_BUILD.vcxproj" (3) is building "E:\iot\r40\Azure-IoT-Edge-Core\edgelet\target\debug\build\hsm-sys-655bd48171248c1c\out\build\tests\edge_hsm_sas_auth_int\edge_hsm_sas_auth_int_exe.vcxproj" (13) on node 1 (default targets).
InitializeBuildStatus:
  Touching "edge_hsm_sas_auth_int_exe.dir\Release\edge_hsm.9454AC71.tlog\unsuccessfulbuild".
CustomBuild:
  All outputs are up-to-date.
VcpkgTripletSelection:
  Using triplet "x64-windows" from "C:\vcpkg\installed\x64-windows\"
ClCompile:
  All outputs are up-to-date.
Link:
  C:\Program Files (x86)\Microsoft Visual Studio\Preview\Enterprise\VC\Tools\MSVC\14.14.26412\bin\HostX86\x64\link.exe /ERRORREPORT:QUEUE /OUT:"E:\iot\r40\Azure-IoT-Edge-Core\edgelet\target\debug\build\hsm-sys-655bd48171248c1c\out\build\tests\edge_hsm_sas_auth_int\Release\edge_hsm_sas_auth_int_exe.exe" /INCREMENTAL:NO /NOLOGO /LIBPATH:"C:\vcpkg\installed\x64-windows\lib" /LIBPATH:"C:\vcpkg\installed\x64-windows\lib\manual-link" "..\..\azure-c-shared-utility\testtools\umock-c\Release\umock_c.lib" "..\..\azure-c-shared-utility\testtools\ctest\Release\ctest.lib" "..\..\azure-c-shared-utility\testtools\testrunner\Release\testrunnerswitcher.lib" ..\..\Release\iothsm.lib "..\..\azure-c-shared-utility\Release\aziotsharedutil.lib" "c:\vcpkg\packages\openssl_x86-windows\lib\ssleay32.lib" "c:\vcpkg\packages\openssl_x86-windows\lib\libeay32.lib" crypt32.lib winhttp.lib ws2_32.lib secur32.lib advapi32.lib ncrypt.lib "C:\vcpkg\packages\openssl_x86-windows\lib\ssleay32.lib" "C:\vcpkg\packages\openssl_x86-windows\lib\libeay32.lib" crypt32.lib winhttp.lib ws2_32.lib secur32.lib advapi32.lib ncrypt.lib "C:\vcpkg\packages\openssl_x86-windows\lib\ssleay32.lib" "C:\vcpkg\packages\openssl_x86-windows\lib\libeay32.lib" kernel32.lib user32.lib gdi32.lib winspool.lib shell32.lib ole32.lib oleaut32.lib uuid.lib comdlg32.lib advapi32.lib "C:\vcpkg\installed\x64-windows\lib\*.lib" /MANIFEST /MANIFESTUAC:"level='asInvoker' uiAccess='false'" /manifest:embed /PDB:"E:/iot/r40/Azure-IoT-Edge-Core/edgelet/target/debug/build/hsm-sys-655bd48171248c1c/out/build/tests/edge_hsm_sas_auth_int/Release/edge_hsm_sas_auth_int_exe.pdb" /SUBSYSTEM:CONSOLE /TLBID:1 /DYNAMICBASE /NXCOMPAT /IMPLIB:"E:/iot/r40/Azure-IoT-Edge-Core/edgelet/target/debug/build/hsm-sys-655bd48171248c1c/out/build/tests/edge_hsm_sas_auth_int/Release/edge_hsm_sas_auth_int_exe.lib" /MACHINE:X64  /machine:x64 edge_hsm_sas_auth_int_exe.dir\Release\edge_hsm_sas_auth_int.obj
  edge_hsm_sas_auth_int_exe.dir\Release\main.obj
iothsm.lib(edge_pki_openssl.obj) : error LNK2019: unresolved external symbol BIO_new_file referenced in function generate_cert_key [E:\iot\r40\Azure-IoT-Edge-Core\edgelet\target\debug\build\hsm-sys-655bd48171248c1c\out\build\tests\edge_hsm_sas_auth_int\edge_hsm_sas_auth_int_exe.vcxproj]
iothsm.lib(edge_pki_openssl.obj) : error LNK2019: unresolved external symbol BIO_free_all referenced in function generate_cert_key [E:\iot\r40\Azure-IoT-Edge-Core\edgelet\target\debug\build\hsm-sys-655bd48171248c1c\out\build\tests\edge_hsm_sas_auth_int\edge_hsm_sas_auth_int_exe.vcxproj]
iothsm.lib(edge_pki_openssl.obj) : error LNK2019: unresolved external symbol ERR_load_BIO_strings referenced in function generate_pki_cert_and_key_helper [E:\iot\r40\Azure-IoT-Edge-Core\edgelet\target\debug\build\hsm-sys-655bd48171248c1c\out\build\tests\edge_hsm_sas_auth_int\edge_hsm_sas_auth_int_exe.vcxproj]
iothsm.lib(edge_pki_openssl.obj) : error LNK2019: unresolved external symbol BN_new referenced in function generate_rsa_key [E:\iot\r40\Azure-IoT-Edge-Core\edgelet\target\debug\build\hsm-sys-655bd48171248c1c\out\build\tests\edge_hsm_sas_auth_int\edge_hsm_sas_auth_int_exe.vcxproj]
iothsm.lib(edge_pki_openssl.obj) : error LNK2019: unresolved external symbol BN_set_word referenced in function generate_rsa_key [E:\iot\r40\Azure-IoT-Edge-Core\edgelet\target\debug\build\hsm-sys-655bd48171248c1c\out\build\tests\edge_hsm_sas_auth_int\edge_hsm_sas_auth_int_exe.vcxproj]
iothsm.lib(edge_pki_openssl.obj) : error LNK2019: unresolved external symbol BN_free referenced in function generate_rsa_key [E:\iot\r40\Azure-IoT-Edge-Core\edgelet\target\debug\build\hsm-sys-655bd48171248c1c\out\build\tests\edge_hsm_sas_auth_int\edge_hsm_sas_auth_int_exe.vcxproj]
iothsm.lib(edge_pki_openssl.obj) : error LNK2019: unresolved external symbol ASN1_INTEGER_set referenced in function generate_evp_certificate [E:\iot\r40\Azure-IoT-Edge-Core\edgelet\target\debug\build\hsm-sys-655bd48171248c1c\out\build\tests\edge_hsm_sas_auth_int\edge_hsm_sas_auth_int_exe.vcxproj]
iothsm.lib(edge_pki_openssl.obj) : error LNK2019: unresolved external symbol ERR_load_crypto_strings referenced in function generate_pki_cert_and_key_helper [E:\iot\r40\Azure-IoT-Edge-Core\edgelet\target\debug\build\hsm-sys-655bd48171248c1c\out\build\tests\edge_hsm_sas_auth_int\edge_hsm_sas_auth_int_exe.vcxproj]
iothsm.lib(edge_pki_openssl.obj) : error LNK2019: unresolved external symbol EC_GROUP_get_curve_name referenced in function generate_cert_key [E:\iot\r40\Azure-IoT-Edge-Core\edgelet\target\debug\build\hsm-sys-655bd48171248c1c\out\build\tests\edge_hsm_sas_auth_int\edge_hsm_sas_auth_int_exe.vcxproj]
iothsm.lib(edge_pki_openssl.obj) : error LNK2019: unresolved external symbol EC_KEY_new_by_curve_name referenced in function generate_ecc_key [E:\iot\r40\Azure-IoT-Edge-Core\edgelet\target\debug\build\hsm-sys-655bd48171248c1c\out\build\tests\edge_hsm_sas_auth_int\edge_hsm_sas_auth_int_exe.vcxproj]
iothsm.lib(edge_pki_openssl.obj) : error LNK2019: unresolved external symbol EC_KEY_free referenced in function generate_cert_key [E:\iot\r40\Azure-IoT-Edge-Core\edgelet\target\debug\build\hsm-sys-655bd48171248c1c\out\build\tests\edge_hsm_sas_auth_int\edge_hsm_sas_auth_int_exe.vcxproj]
iothsm.lib(edge_pki_openssl.obj) : error LNK2019: unresolved external symbol EC_KEY_get0_group referenced in function generate_cert_key [E:\iot\r40\Azure-IoT-Edge-Core\edgelet\target\debug\build\hsm-sys-655bd48171248c1c\out\build\tests\edge_hsm_sas_auth_int\edge_hsm_sas_auth_int_exe.vcxproj]
iothsm.lib(edge_pki_openssl.obj) : error LNK2019: unresolved external symbol EC_KEY_set_asn1_flag referenced in function generate_ecc_key [E:\iot\r40\Azure-IoT-Edge-Core\edgelet\target\debug\build\hsm-sys-655bd48171248c1c\out\build\tests\edge_hsm_sas_auth_int\edge_hsm_sas_auth_int_exe.vcxproj]
iothsm.lib(edge_pki_openssl.obj) : error LNK2019: unresolved external symbol EC_KEY_generate_key referenced in function generate_ecc_key [E:\iot\r40\Azure-IoT-Edge-Core\edgelet\target\debug\build\hsm-sys-655bd48171248c1c\out\build\tests\edge_hsm_sas_auth_int\edge_hsm_sas_auth_int_exe.vcxproj]
iothsm.lib(edge_pki_openssl.obj) : error LNK2019: unresolved external symbol OBJ_nid2sn referenced in function generate_cert_key [E:\iot\r40\Azure-IoT-Edge-Core\edgelet\target\debug\build\hsm-sys-655bd48171248c1c\out\build\tests\edge_hsm_sas_auth_int\edge_hsm_sas_auth_int_exe.vcxproj]
iothsm.lib(edge_pki_openssl.obj) : error LNK2019: unresolved external symbol OBJ_txt2nid referenced in function generate_ecc_key [E:\iot\r40\Azure-IoT-Edge-Core\edgelet\target\debug\build\hsm-sys-655bd48171248c1c\out\build\tests\edge_hsm_sas_auth_int\edge_hsm_sas_auth_int_exe.vcxproj]
iothsm.lib(edge_pki_openssl.obj) : error LNK2019: unresolved external symbol EVP_sha256 referenced in function generate_evp_certificate [E:\iot\r40\Azure-IoT-Edge-Core\edgelet\target\debug\build\hsm-sys-655bd48171248c1c\out\build\tests\edge_hsm_sas_auth_int\edge_hsm_sas_auth_int_exe.vcxproj]
iothsm.lib(edge_pki_openssl.obj) : error LNK2019: unresolved external symbol OPENSSL_add_all_algorithms_noconf referenced in function generate_pki_cert_and_key_helper [E:\iot\r40\Azure-IoT-Edge-Core\edgelet\target\debug\build\hsm-sys-655bd48171248c1c\out\build\tests\edge_hsm_sas_auth_int\edge_hsm_sas_auth_int_exe.vcxproj]
iothsm.lib(edge_pki_openssl.obj) : error LNK2019: unresolved external symbol EVP_PKEY_base_id referenced in function generate_cert_key [E:\iot\r40\Azure-IoT-Edge-Core\edgelet\target\debug\build\hsm-sys-655bd48171248c1c\out\build\tests\edge_hsm_sas_auth_int\edge_hsm_sas_auth_int_exe.vcxproj]
iothsm.lib(edge_pki_openssl.obj) : error LNK2019: unresolved external symbol EVP_PKEY_bits referenced in function generate_cert_key [E:\iot\r40\Azure-IoT-Edge-Core\edgelet\target\debug\build\hsm-sys-655bd48171248c1c\out\build\tests\edge_hsm_sas_auth_int\edge_hsm_sas_auth_int_exe.vcxproj]
iothsm.lib(edge_pki_openssl.obj) : error LNK2019: unresolved external symbol EVP_PKEY_set1_RSA referenced in function generate_rsa_key [E:\iot\r40\Azure-IoT-Edge-Core\edgelet\target\debug\build\hsm-sys-655bd48171248c1c\out\build\tests\edge_hsm_sas_auth_int\edge_hsm_sas_auth_int_exe.vcxproj]
iothsm.lib(edge_pki_openssl.obj) : error LNK2019: unresolved external symbol EVP_PKEY_set1_EC_KEY referenced in function generate_ecc_key [E:\iot\r40\Azure-IoT-Edge-Core\edgelet\target\debug\build\hsm-sys-655bd48171248c1c\out\build\tests\edge_hsm_sas_auth_int\edge_hsm_sas_auth_int_exe.vcxproj]
iothsm.lib(edge_pki_openssl.obj) : error LNK2019: unresolved external symbol EVP_PKEY_get1_EC_KEY referenced in function generate_cert_key [E:\iot\r40\Azure-IoT-Edge-Core\edgelet\target\debug\build\hsm-sys-655bd48171248c1c\out\build\tests\edge_hsm_sas_auth_int\edge_hsm_sas_auth_int_exe.vcxproj]
iothsm.lib(edge_pki_openssl.obj) : error LNK2019: unresolved external symbol EVP_PKEY_new referenced in function generate_ecc_key [E:\iot\r40\Azure-IoT-Edge-Core\edgelet\target\debug\build\hsm-sys-655bd48171248c1c\out\build\tests\edge_hsm_sas_auth_int\edge_hsm_sas_auth_int_exe.vcxproj]
iothsm.lib(edge_pki_openssl.obj) : error LNK2019: unresolved external symbol EVP_PKEY_free referenced in function create_cert_key [E:\iot\r40\Azure-IoT-Edge-Core\edgelet\target\debug\build\hsm-sys-655bd48171248c1c\out\build\tests\edge_hsm_sas_auth_int\edge_hsm_sas_auth_int_exe.vcxproj]
iothsm.lib(edge_pki_openssl.obj) : error LNK2019: unresolved external symbol RSA_new referenced in function generate_rsa_key [E:\iot\r40\Azure-IoT-Edge-Core\edgelet\target\debug\build\hsm-sys-655bd48171248c1c\out\build\tests\edge_hsm_sas_auth_int\edge_hsm_sas_auth_int_exe.vcxproj]
iothsm.lib(edge_pki_openssl.obj) : error LNK2019: unresolved external symbol RSA_generate_key_ex referenced in function generate_rsa_key [E:\iot\r40\Azure-IoT-Edge-Core\edgelet\target\debug\build\hsm-sys-655bd48171248c1c\out\build\tests\edge_hsm_sas_auth_int\edge_hsm_sas_auth_int_exe.vcxproj]
iothsm.lib(edge_pki_openssl.obj) : error LNK2019: unresolved external symbol RSA_free referenced in function generate_rsa_key [E:\iot\r40\Azure-IoT-Edge-Core\edgelet\target\debug\build\hsm-sys-655bd48171248c1c\out\build\tests\edge_hsm_sas_auth_int\edge_hsm_sas_auth_int_exe.vcxproj]
iothsm.lib(edge_pki_openssl.obj) : error LNK2019: unresolved external symbol X509_sign referenced in function generate_evp_certificate [E:\iot\r40\Azure-IoT-Edge-Core\edgelet\target\debug\build\hsm-sys-655bd48171248c1c\out\build\tests\edge_hsm_sas_auth_int\edge_hsm_sas_auth_int_exe.vcxproj]
iothsm.lib(edge_pki_openssl.obj) : error LNK2019: unresolved external symbol X509_gmtime_adj referenced in function generate_evp_certificate [E:\iot\r40\Azure-IoT-Edge-Core\edgelet\target\debug\build\hsm-sys-655bd48171248c1c\out\build\tests\edge_hsm_sas_auth_int\edge_hsm_sas_auth_int_exe.vcxproj]
iothsm.lib(edge_pki_openssl.obj) : error LNK2019: unresolved external symbol X509_new referenced in function generate_evp_certificate [E:\iot\r40\Azure-IoT-Edge-Core\edgelet\target\debug\build\hsm-sys-655bd48171248c1c\out\build\tests\edge_hsm_sas_auth_int\edge_hsm_sas_auth_int_exe.vcxproj]
iothsm.lib(edge_pki_openssl.obj) : error LNK2019: unresolved external symbol X509_free referenced in function generate_evp_certificate [E:\iot\r40\Azure-IoT-Edge-Core\edgelet\target\debug\build\hsm-sys-655bd48171248c1c\out\build\tests\edge_hsm_sas_auth_int\edge_hsm_sas_auth_int_exe.vcxproj]
iothsm.lib(edge_pki_openssl.obj) : error LNK2019: unresolved external symbol X509_set_version referenced in function generate_evp_certificate [E:\iot\r40\Azure-IoT-Edge-Core\edgelet\target\debug\build\hsm-sys-655bd48171248c1c\out\build\tests\edge_hsm_sas_auth_int\edge_hsm_sas_auth_int_exe.vcxproj]
iothsm.lib(edge_pki_openssl.obj) : error LNK2019: unresolved external symbol X509_get_serialNumber referenced in function generate_evp_certificate [E:\iot\r40\Azure-IoT-Edge-Core\edgelet\target\debug\build\hsm-sys-655bd48171248c1c\out\build\tests\edge_hsm_sas_auth_int\edge_hsm_sas_auth_int_exe.vcxproj]
iothsm.lib(edge_pki_openssl.obj) : error LNK2019: unresolved external symbol X509_set_issuer_name referenced in function cert_set_subject_fields_and_issuer [E:\iot\r40\Azure-IoT-Edge-Core\edgelet\target\debug\build\hsm-sys-655bd48171248c1c\out\build\tests\edge_hsm_sas_auth_int\edge_hsm_sas_auth_int_exe.vcxproj]
iothsm.lib(edge_pki_openssl.obj) : error LNK2019: unresolved external symbol X509_get_subject_name referenced in function cert_set_subject_fields_and_issuer [E:\iot\r40\Azure-IoT-Edge-Core\edgelet\target\debug\build\hsm-sys-655bd48171248c1c\out\build\tests\edge_hsm_sas_auth_int\edge_hsm_sas_auth_int_exe.vcxproj]
iothsm.lib(edge_pki_openssl.obj) : error LNK2019: unresolved external symbol X509_set_pubkey referenced in function generate_evp_certificate [E:\iot\r40\Azure-IoT-Edge-Core\edgelet\target\debug\build\hsm-sys-655bd48171248c1c\out\build\tests\edge_hsm_sas_auth_int\edge_hsm_sas_auth_int_exe.vcxproj]
iothsm.lib(edge_pki_openssl.obj) : error LNK2019: unresolved external symbol X509_get_pubkey referenced in function generate_cert_key [E:\iot\r40\Azure-IoT-Edge-Core\edgelet\target\debug\build\hsm-sys-655bd48171248c1c\out\build\tests\edge_hsm_sas_auth_int\edge_hsm_sas_auth_int_exe.vcxproj]
iothsm.lib(edge_pki_openssl.obj) : error LNK2019: unresolved external symbol X509_NAME_get_text_by_NID referenced in function cert_set_subject_field [E:\iot\r40\Azure-IoT-Edge-Core\edgelet\target\debug\build\hsm-sys-655bd48171248c1c\out\build\tests\edge_hsm_sas_auth_int\edge_hsm_sas_auth_int_exe.vcxproj]
iothsm.lib(edge_pki_openssl.obj) : error LNK2019: unresolved external symbol X509_NAME_add_entry_by_txt referenced in function cert_set_subject_field [E:\iot\r40\Azure-IoT-Edge-Core\edgelet\target\debug\build\hsm-sys-655bd48171248c1c\out\build\tests\edge_hsm_sas_auth_int\edge_hsm_sas_auth_int_exe.vcxproj]
iothsm.lib(edge_pki_openssl.obj) : error LNK2019: unresolved external symbol PEM_read_bio_X509 referenced in function generate_pki_cert_and_key_helper [E:\iot\r40\Azure-IoT-Edge-Core\edgelet\target\debug\build\hsm-sys-655bd48171248c1c\out\build\tests\edge_hsm_sas_auth_int\edge_hsm_sas_auth_int_exe.vcxproj]
iothsm.lib(edge_pki_openssl.obj) : error LNK2019: unresolved external symbol PEM_write_bio_X509 referenced in function generate_evp_certificate [E:\iot\r40\Azure-IoT-Edge-Core\edgelet\target\debug\build\hsm-sys-655bd48171248c1c\out\build\tests\edge_hsm_sas_auth_int\edge_hsm_sas_auth_int_exe.vcxproj]
iothsm.lib(edge_pki_openssl.obj) : error LNK2019: unresolved external symbol PEM_read_bio_PrivateKey referenced in function load_private_key_file [E:\iot\r40\Azure-IoT-Edge-Core\edgelet\target\debug\build\hsm-sys-655bd48171248c1c\out\build\tests\edge_hsm_sas_auth_int\edge_hsm_sas_auth_int_exe.vcxproj]
iothsm.lib(edge_pki_openssl.obj) : error LNK2019: unresolved external symbol PEM_write_bio_PrivateKey referenced in function generate_cert_key [E:\iot\r40\Azure-IoT-Edge-Core\edgelet\target\debug\build\hsm-sys-655bd48171248c1c\out\build\tests\edge_hsm_sas_auth_int\edge_hsm_sas_auth_int_exe.vcxproj]
c:\vcpkg\packages\openssl_x86-windows\lib\ssleay32.lib : warning LNK4272: library machine type 'x86' conflicts with target machine type 'x64' [E:\iot\r40\Azure-IoT-Edge-Core\edgelet\target\debug\build\hsm-sys-655bd48171248c1c\out\build\tests\edge_hsm_sas_auth_int\edge_hsm_sas_auth_int_exe.vcxproj]
c:\vcpkg\packages\openssl_x86-windows\lib\libeay32.lib : warning LNK4272: library machine type 'x86' conflicts with target machine type 'x64' [E:\iot\r40\Azure-IoT-Edge-Core\edgelet\target\debug\build\hsm-sys-655bd48171248c1c\out\build\tests\edge_hsm_sas_auth_int\edge_hsm_sas_auth_int_exe.vcxproj]
E:\iot\r40\Azure-IoT-Edge-Core\edgelet\target\debug\build\hsm-sys-655bd48171248c1c\out\build\tests\edge_hsm_sas_auth_int\Release\edge_hsm_sas_auth_int_exe.exe : fatal error LNK1120: 44 unresolved externals [E:\iot\r40\Azure-IoT-Edge-Core\edgelet\target\debug\build\hsm-sys-655bd48171248c1c\out\build\tests\edge_hsm_sas_auth_int\edge_hsm_sas_auth_int_exe.vcxproj]
Done Building Project "E:\iot\r40\Azure-IoT-Edge-Core\edgelet\target\debug\build\hsm-sys-655bd48171248c1c\out\build\tests\edge_hsm_sas_auth_int\edge_hsm_sas_auth_int_exe.vcxproj" (default targets) -- FAILED.
Project "E:\iot\r40\Azure-IoT-Edge-Core\edgelet\target\debug\build\hsm-sys-655bd48171248c1c\out\build\ALL_BUILD.vcxproj" (3) is building "E:\iot\r40\Azure-IoT-Edge-Core\edgelet\target\debug\build\hsm-sys-655bd48171248c1c\out\build\tests\edge_hsm_store_int\edge_hsm_store_inut_exe.vcxproj" (14) on node 1 (default targets).
InitializeBuildStatus:
  Touching "edge_hsm_store_inut_exe.dir\Release\edge_hsm.C57ED033.tlog\unsuccessfulbuild".
CustomBuild:
  All outputs are up-to-date.
VcpkgTripletSelection:
  Using triplet "x64-windows" from "C:\vcpkg\installed\x64-windows\"
ClCompile:
  All outputs are up-to-date.
Link:
  C:\Program Files (x86)\Microsoft Visual Studio\Preview\Enterprise\VC\Tools\MSVC\14.14.26412\bin\HostX86\x64\link.exe /ERRORREPORT:QUEUE /OUT:"E:\iot\r40\Azure-IoT-Edge-Core\edgelet\target\debug\build\hsm-sys-655bd48171248c1c\out\build\tests\edge_hsm_store_int\Release\edge_hsm_store_inut_exe.exe" /INCREMENTAL:NO /NOLOGO /LIBPATH:"C:\vcpkg\installed\x64-windows\lib" /LIBPATH:"C:\vcpkg\installed\x64-windows\lib\manual-link" "..\..\azure-c-shared-utility\testtools\umock-c\Release\umock_c.lib" "..\..\azure-c-shared-utility\testtools\ctest\Release\ctest.lib" "..\..\azure-c-shared-utility\testtools\testrunner\Release\testrunnerswitcher.lib" ..\..\Release\iothsm.lib "..\..\azure-c-shared-utility\Release\aziotsharedutil.lib" "c:\vcpkg\packages\openssl_x86-windows\lib\ssleay32.lib" "c:\vcpkg\packages\openssl_x86-windows\lib\libeay32.lib" crypt32.lib winhttp.lib ws2_32.lib secur32.lib advapi32.lib ncrypt.lib "C:\vcpkg\packages\openssl_x86-windows\lib\ssleay32.lib" "C:\vcpkg\packages\openssl_x86-windows\lib\libeay32.lib" crypt32.lib winhttp.lib ws2_32.lib secur32.lib advapi32.lib ncrypt.lib "C:\vcpkg\packages\openssl_x86-windows\lib\ssleay32.lib" "C:\vcpkg\packages\openssl_x86-windows\lib\libeay32.lib" kernel32.lib user32.lib gdi32.lib winspool.lib shell32.lib ole32.lib oleaut32.lib uuid.lib comdlg32.lib advapi32.lib "C:\vcpkg\installed\x64-windows\lib\*.lib" /MANIFEST /MANIFESTUAC:"level='asInvoker' uiAccess='false'" /manifest:embed /PDB:"E:/iot/r40/Azure-IoT-Edge-Core/edgelet/target/debug/build/hsm-sys-655bd48171248c1c/out/build/tests/edge_hsm_store_int/Release/edge_hsm_store_inut_exe.pdb" /SUBSYSTEM:CONSOLE /TLBID:1 /DYNAMICBASE /NXCOMPAT /IMPLIB:"E:/iot/r40/Azure-IoT-Edge-Core/edgelet/target/debug/build/hsm-sys-655bd48171248c1c/out/build/tests/edge_hsm_store_int/Release/edge_hsm_store_inut_exe.lib" /MACHINE:X64  /machine:x64 edge_hsm_store_inut_exe.dir\Release\edge_hsm_store_int.obj
  edge_hsm_store_inut_exe.dir\Release\main.obj
iothsm.lib(edge_pki_openssl.obj) : error LNK2019: unresolved external symbol BIO_new_file referenced in function generate_cert_key [E:\iot\r40\Azure-IoT-Edge-Core\edgelet\target\debug\build\hsm-sys-655bd48171248c1c\out\build\tests\edge_hsm_store_int\edge_hsm_store_inut_exe.vcxproj]
iothsm.lib(edge_pki_openssl.obj) : error LNK2019: unresolved external symbol BIO_free_all referenced in function generate_cert_key [E:\iot\r40\Azure-IoT-Edge-Core\edgelet\target\debug\build\hsm-sys-655bd48171248c1c\out\build\tests\edge_hsm_store_int\edge_hsm_store_inut_exe.vcxproj]
iothsm.lib(edge_pki_openssl.obj) : error LNK2019: unresolved external symbol ERR_load_BIO_strings referenced in function generate_pki_cert_and_key_helper [E:\iot\r40\Azure-IoT-Edge-Core\edgelet\target\debug\build\hsm-sys-655bd48171248c1c\out\build\tests\edge_hsm_store_int\edge_hsm_store_inut_exe.vcxproj]
iothsm.lib(edge_pki_openssl.obj) : error LNK2019: unresolved external symbol BN_new referenced in function generate_rsa_key [E:\iot\r40\Azure-IoT-Edge-Core\edgelet\target\debug\build\hsm-sys-655bd48171248c1c\out\build\tests\edge_hsm_store_int\edge_hsm_store_inut_exe.vcxproj]
iothsm.lib(edge_pki_openssl.obj) : error LNK2019: unresolved external symbol BN_set_word referenced in function generate_rsa_key [E:\iot\r40\Azure-IoT-Edge-Core\edgelet\target\debug\build\hsm-sys-655bd48171248c1c\out\build\tests\edge_hsm_store_int\edge_hsm_store_inut_exe.vcxproj]
iothsm.lib(edge_pki_openssl.obj) : error LNK2019: unresolved external symbol BN_free referenced in function generate_rsa_key [E:\iot\r40\Azure-IoT-Edge-Core\edgelet\target\debug\build\hsm-sys-655bd48171248c1c\out\build\tests\edge_hsm_store_int\edge_hsm_store_inut_exe.vcxproj]
iothsm.lib(edge_pki_openssl.obj) : error LNK2019: unresolved external symbol ASN1_INTEGER_set referenced in function generate_evp_certificate [E:\iot\r40\Azure-IoT-Edge-Core\edgelet\target\debug\build\hsm-sys-655bd48171248c1c\out\build\tests\edge_hsm_store_int\edge_hsm_store_inut_exe.vcxproj]
iothsm.lib(edge_pki_openssl.obj) : error LNK2019: unresolved external symbol ERR_load_crypto_strings referenced in function generate_pki_cert_and_key_helper [E:\iot\r40\Azure-IoT-Edge-Core\edgelet\target\debug\build\hsm-sys-655bd48171248c1c\out\build\tests\edge_hsm_store_int\edge_hsm_store_inut_exe.vcxproj]
iothsm.lib(edge_pki_openssl.obj) : error LNK2019: unresolved external symbol EC_GROUP_get_curve_name referenced in function generate_cert_key [E:\iot\r40\Azure-IoT-Edge-Core\edgelet\target\debug\build\hsm-sys-655bd48171248c1c\out\build\tests\edge_hsm_store_int\edge_hsm_store_inut_exe.vcxproj]
iothsm.lib(edge_pki_openssl.obj) : error LNK2019: unresolved external symbol EC_KEY_new_by_curve_name referenced in function generate_ecc_key [E:\iot\r40\Azure-IoT-Edge-Core\edgelet\target\debug\build\hsm-sys-655bd48171248c1c\out\build\tests\edge_hsm_store_int\edge_hsm_store_inut_exe.vcxproj]
iothsm.lib(edge_pki_openssl.obj) : error LNK2019: unresolved external symbol EC_KEY_free referenced in function generate_cert_key [E:\iot\r40\Azure-IoT-Edge-Core\edgelet\target\debug\build\hsm-sys-655bd48171248c1c\out\build\tests\edge_hsm_store_int\edge_hsm_store_inut_exe.vcxproj]
iothsm.lib(edge_pki_openssl.obj) : error LNK2019: unresolved external symbol EC_KEY_get0_group referenced in function generate_cert_key [E:\iot\r40\Azure-IoT-Edge-Core\edgelet\target\debug\build\hsm-sys-655bd48171248c1c\out\build\tests\edge_hsm_store_int\edge_hsm_store_inut_exe.vcxproj]
iothsm.lib(edge_pki_openssl.obj) : error LNK2019: unresolved external symbol EC_KEY_set_asn1_flag referenced in function generate_ecc_key [E:\iot\r40\Azure-IoT-Edge-Core\edgelet\target\debug\build\hsm-sys-655bd48171248c1c\out\build\tests\edge_hsm_store_int\edge_hsm_store_inut_exe.vcxproj]
iothsm.lib(edge_pki_openssl.obj) : error LNK2019: unresolved external symbol EC_KEY_generate_key referenced in function generate_ecc_key [E:\iot\r40\Azure-IoT-Edge-Core\edgelet\target\debug\build\hsm-sys-655bd48171248c1c\out\build\tests\edge_hsm_store_int\edge_hsm_store_inut_exe.vcxproj]
iothsm.lib(edge_pki_openssl.obj) : error LNK2019: unresolved external symbol OBJ_nid2sn referenced in function generate_cert_key [E:\iot\r40\Azure-IoT-Edge-Core\edgelet\target\debug\build\hsm-sys-655bd48171248c1c\out\build\tests\edge_hsm_store_int\edge_hsm_store_inut_exe.vcxproj]
iothsm.lib(edge_pki_openssl.obj) : error LNK2019: unresolved external symbol OBJ_txt2nid referenced in function generate_ecc_key [E:\iot\r40\Azure-IoT-Edge-Core\edgelet\target\debug\build\hsm-sys-655bd48171248c1c\out\build\tests\edge_hsm_store_int\edge_hsm_store_inut_exe.vcxproj]
iothsm.lib(edge_pki_openssl.obj) : error LNK2019: unresolved external symbol EVP_sha256 referenced in function generate_evp_certificate [E:\iot\r40\Azure-IoT-Edge-Core\edgelet\target\debug\build\hsm-sys-655bd48171248c1c\out\build\tests\edge_hsm_store_int\edge_hsm_store_inut_exe.vcxproj]
iothsm.lib(edge_pki_openssl.obj) : error LNK2019: unresolved external symbol OPENSSL_add_all_algorithms_noconf referenced in function generate_pki_cert_and_key_helper [E:\iot\r40\Azure-IoT-Edge-Core\edgelet\target\debug\build\hsm-sys-655bd48171248c1c\out\build\tests\edge_hsm_store_int\edge_hsm_store_inut_exe.vcxproj]
iothsm.lib(edge_pki_openssl.obj) : error LNK2019: unresolved external symbol EVP_PKEY_base_id referenced in function generate_cert_key [E:\iot\r40\Azure-IoT-Edge-Core\edgelet\target\debug\build\hsm-sys-655bd48171248c1c\out\build\tests\edge_hsm_store_int\edge_hsm_store_inut_exe.vcxproj]
iothsm.lib(edge_pki_openssl.obj) : error LNK2019: unresolved external symbol EVP_PKEY_bits referenced in function generate_cert_key [E:\iot\r40\Azure-IoT-Edge-Core\edgelet\target\debug\build\hsm-sys-655bd48171248c1c\out\build\tests\edge_hsm_store_int\edge_hsm_store_inut_exe.vcxproj]
iothsm.lib(edge_pki_openssl.obj) : error LNK2019: unresolved external symbol EVP_PKEY_set1_RSA referenced in function generate_rsa_key [E:\iot\r40\Azure-IoT-Edge-Core\edgelet\target\debug\build\hsm-sys-655bd48171248c1c\out\build\tests\edge_hsm_store_int\edge_hsm_store_inut_exe.vcxproj]
iothsm.lib(edge_pki_openssl.obj) : error LNK2019: unresolved external symbol EVP_PKEY_set1_EC_KEY referenced in function generate_ecc_key [E:\iot\r40\Azure-IoT-Edge-Core\edgelet\target\debug\build\hsm-sys-655bd48171248c1c\out\build\tests\edge_hsm_store_int\edge_hsm_store_inut_exe.vcxproj]
iothsm.lib(edge_pki_openssl.obj) : error LNK2019: unresolved external symbol EVP_PKEY_get1_EC_KEY referenced in function generate_cert_key [E:\iot\r40\Azure-IoT-Edge-Core\edgelet\target\debug\build\hsm-sys-655bd48171248c1c\out\build\tests\edge_hsm_store_int\edge_hsm_store_inut_exe.vcxproj]
iothsm.lib(edge_pki_openssl.obj) : error LNK2019: unresolved external symbol EVP_PKEY_new referenced in function generate_ecc_key [E:\iot\r40\Azure-IoT-Edge-Core\edgelet\target\debug\build\hsm-sys-655bd48171248c1c\out\build\tests\edge_hsm_store_int\edge_hsm_store_inut_exe.vcxproj]
iothsm.lib(edge_pki_openssl.obj) : error LNK2019: unresolved external symbol EVP_PKEY_free referenced in function create_cert_key [E:\iot\r40\Azure-IoT-Edge-Core\edgelet\target\debug\build\hsm-sys-655bd48171248c1c\out\build\tests\edge_hsm_store_int\edge_hsm_store_inut_exe.vcxproj]
iothsm.lib(edge_pki_openssl.obj) : error LNK2019: unresolved external symbol RSA_new referenced in function generate_rsa_key [E:\iot\r40\Azure-IoT-Edge-Core\edgelet\target\debug\build\hsm-sys-655bd48171248c1c\out\build\tests\edge_hsm_store_int\edge_hsm_store_inut_exe.vcxproj]
iothsm.lib(edge_pki_openssl.obj) : error LNK2019: unresolved external symbol RSA_generate_key_ex referenced in function generate_rsa_key [E:\iot\r40\Azure-IoT-Edge-Core\edgelet\target\debug\build\hsm-sys-655bd48171248c1c\out\build\tests\edge_hsm_store_int\edge_hsm_store_inut_exe.vcxproj]
iothsm.lib(edge_pki_openssl.obj) : error LNK2019: unresolved external symbol RSA_free referenced in function generate_rsa_key [E:\iot\r40\Azure-IoT-Edge-Core\edgelet\target\debug\build\hsm-sys-655bd48171248c1c\out\build\tests\edge_hsm_store_int\edge_hsm_store_inut_exe.vcxproj]
iothsm.lib(edge_pki_openssl.obj) : error LNK2019: unresolved external symbol X509_sign referenced in function generate_evp_certificate [E:\iot\r40\Azure-IoT-Edge-Core\edgelet\target\debug\build\hsm-sys-655bd48171248c1c\out\build\tests\edge_hsm_store_int\edge_hsm_store_inut_exe.vcxproj]
iothsm.lib(edge_pki_openssl.obj) : error LNK2019: unresolved external symbol X509_gmtime_adj referenced in function generate_evp_certificate [E:\iot\r40\Azure-IoT-Edge-Core\edgelet\target\debug\build\hsm-sys-655bd48171248c1c\out\build\tests\edge_hsm_store_int\edge_hsm_store_inut_exe.vcxproj]
iothsm.lib(edge_pki_openssl.obj) : error LNK2019: unresolved external symbol X509_new referenced in function generate_evp_certificate [E:\iot\r40\Azure-IoT-Edge-Core\edgelet\target\debug\build\hsm-sys-655bd48171248c1c\out\build\tests\edge_hsm_store_int\edge_hsm_store_inut_exe.vcxproj]
iothsm.lib(edge_pki_openssl.obj) : error LNK2019: unresolved external symbol X509_free referenced in function generate_evp_certificate [E:\iot\r40\Azure-IoT-Edge-Core\edgelet\target\debug\build\hsm-sys-655bd48171248c1c\out\build\tests\edge_hsm_store_int\edge_hsm_store_inut_exe.vcxproj]
iothsm.lib(edge_pki_openssl.obj) : error LNK2019: unresolved external symbol X509_set_version referenced in function generate_evp_certificate [E:\iot\r40\Azure-IoT-Edge-Core\edgelet\target\debug\build\hsm-sys-655bd48171248c1c\out\build\tests\edge_hsm_store_int\edge_hsm_store_inut_exe.vcxproj]
iothsm.lib(edge_pki_openssl.obj) : error LNK2019: unresolved external symbol X509_get_serialNumber referenced in function generate_evp_certificate [E:\iot\r40\Azure-IoT-Edge-Core\edgelet\target\debug\build\hsm-sys-655bd48171248c1c\out\build\tests\edge_hsm_store_int\edge_hsm_store_inut_exe.vcxproj]
iothsm.lib(edge_pki_openssl.obj) : error LNK2019: unresolved external symbol X509_set_issuer_name referenced in function cert_set_subject_fields_and_issuer [E:\iot\r40\Azure-IoT-Edge-Core\edgelet\target\debug\build\hsm-sys-655bd48171248c1c\out\build\tests\edge_hsm_store_int\edge_hsm_store_inut_exe.vcxproj]
iothsm.lib(edge_pki_openssl.obj) : error LNK2019: unresolved external symbol X509_get_subject_name referenced in function cert_set_subject_fields_and_issuer [E:\iot\r40\Azure-IoT-Edge-Core\edgelet\target\debug\build\hsm-sys-655bd48171248c1c\out\build\tests\edge_hsm_store_int\edge_hsm_store_inut_exe.vcxproj]
iothsm.lib(edge_pki_openssl.obj) : error LNK2019: unresolved external symbol X509_set_pubkey referenced in function generate_evp_certificate [E:\iot\r40\Azure-IoT-Edge-Core\edgelet\target\debug\build\hsm-sys-655bd48171248c1c\out\build\tests\edge_hsm_store_int\edge_hsm_store_inut_exe.vcxproj]
iothsm.lib(edge_pki_openssl.obj) : error LNK2019: unresolved external symbol X509_get_pubkey referenced in function generate_cert_key [E:\iot\r40\Azure-IoT-Edge-Core\edgelet\target\debug\build\hsm-sys-655bd48171248c1c\out\build\tests\edge_hsm_store_int\edge_hsm_store_inut_exe.vcxproj]
iothsm.lib(edge_pki_openssl.obj) : error LNK2019: unresolved external symbol X509_NAME_get_text_by_NID referenced in function cert_set_subject_field [E:\iot\r40\Azure-IoT-Edge-Core\edgelet\target\debug\build\hsm-sys-655bd48171248c1c\out\build\tests\edge_hsm_store_int\edge_hsm_store_inut_exe.vcxproj]
iothsm.lib(edge_pki_openssl.obj) : error LNK2019: unresolved external symbol X509_NAME_add_entry_by_txt referenced in function cert_set_subject_field [E:\iot\r40\Azure-IoT-Edge-Core\edgelet\target\debug\build\hsm-sys-655bd48171248c1c\out\build\tests\edge_hsm_store_int\edge_hsm_store_inut_exe.vcxproj]
iothsm.lib(edge_pki_openssl.obj) : error LNK2019: unresolved external symbol PEM_read_bio_X509 referenced in function generate_pki_cert_and_key_helper [E:\iot\r40\Azure-IoT-Edge-Core\edgelet\target\debug\build\hsm-sys-655bd48171248c1c\out\build\tests\edge_hsm_store_int\edge_hsm_store_inut_exe.vcxproj]
iothsm.lib(edge_pki_openssl.obj) : error LNK2019: unresolved external symbol PEM_write_bio_X509 referenced in function generate_evp_certificate [E:\iot\r40\Azure-IoT-Edge-Core\edgelet\target\debug\build\hsm-sys-655bd48171248c1c\out\build\tests\edge_hsm_store_int\edge_hsm_store_inut_exe.vcxproj]
iothsm.lib(edge_pki_openssl.obj) : error LNK2019: unresolved external symbol PEM_read_bio_PrivateKey referenced in function load_private_key_file [E:\iot\r40\Azure-IoT-Edge-Core\edgelet\target\debug\build\hsm-sys-655bd48171248c1c\out\build\tests\edge_hsm_store_int\edge_hsm_store_inut_exe.vcxproj]
iothsm.lib(edge_pki_openssl.obj) : error LNK2019: unresolved external symbol PEM_write_bio_PrivateKey referenced in function generate_cert_key [E:\iot\r40\Azure-IoT-Edge-Core\edgelet\target\debug\build\hsm-sys-655bd48171248c1c\out\build\tests\edge_hsm_store_int\edge_hsm_store_inut_exe.vcxproj]
c:\vcpkg\packages\openssl_x86-windows\lib\ssleay32.lib : warning LNK4272: library machine type 'x86' conflicts with target machine type 'x64' [E:\iot\r40\Azure-IoT-Edge-Core\edgelet\target\debug\build\hsm-sys-655bd48171248c1c\out\build\tests\edge_hsm_store_int\edge_hsm_store_inut_exe.vcxproj]
c:\vcpkg\packages\openssl_x86-windows\lib\libeay32.lib : warning LNK4272: library machine type 'x86' conflicts with target machine type 'x64' [E:\iot\r40\Azure-IoT-Edge-Core\edgelet\target\debug\build\hsm-sys-655bd48171248c1c\out\build\tests\edge_hsm_store_int\edge_hsm_store_inut_exe.vcxproj]
E:\iot\r40\Azure-IoT-Edge-Core\edgelet\target\debug\build\hsm-sys-655bd48171248c1c\out\build\tests\edge_hsm_store_int\Release\edge_hsm_store_inut_exe.exe : fatal error LNK1120: 44 unresolved externals [E:\iot\r40\Azure-IoT-Edge-Core\edgelet\target\debug\build\hsm-sys-655bd48171248c1c\out\build\tests\edge_hsm_store_int\edge_hsm_store_inut_exe.vcxproj]
Done Building Project "E:\iot\r40\Azure-IoT-Edge-Core\edgelet\target\debug\build\hsm-sys-655bd48171248c1c\out\build\tests\edge_hsm_store_int\edge_hsm_store_inut_exe.vcxproj" (default targets) -- FAILED.
Project "E:\iot\r40\Azure-IoT-Edge-Core\edgelet\target\debug\build\hsm-sys-655bd48171248c1c\out\build\ALL_BUILD.vcxproj" (3) is building "E:\iot\r40\Azure-IoT-Edge-Core\edgelet\target\debug\build\hsm-sys-655bd48171248c1c\out\build\tests\edge_hsm_tpm_ut\edge_hsm_tpm_ut_exe.vcxproj" (15) on node 1 (default targets).
InitializeBuildStatus:
  Creating "edge_hsm_tpm_ut_exe.dir\Release\edge_hsm.DC1D786A.tlog\unsuccessfulbuild" because "AlwaysCreate" was specified.
CustomBuild:
  All outputs are up-to-date.
VcpkgTripletSelection:
  Using triplet "x64-windows" from "C:\vcpkg\installed\x64-windows\"
ClCompile:
  All outputs are up-to-date.
Link:
  All outputs are up-to-date.
  edge_hsm_tpm_ut_exe.vcxproj -> E:\iot\r40\Azure-IoT-Edge-Core\edgelet\target\debug\build\hsm-sys-655bd48171248c1c\out\build\tests\edge_hsm_tpm_ut\Release\edge_hsm_tpm_ut_exe.exe
AppLocalFromInstalled:
  C:\WINDOWS\System32\WindowsPowerShell\v1.0\powershell.exe -ExecutionPolicy Bypass -noprofile -File "C:\vcpkg\scripts\buildsystems\msbuild\applocal.ps1" "E:\iot\r40\Azure-IoT-Edge-Core\edgelet\target\debug\build\hsm-sys-655bd48171248c1c\out\build\tests\edge_hsm_tpm_ut\Release\edge_hsm_tpm_ut_exe.exe" "C:\vcpkg\installed\x64-windows\bin" "edge_hsm_tpm_ut_exe.dir\Release\edge_hsm.DC1D786A.tlog\edge_hsm_tpm_ut_exe.write.1u.tlog" "edge_hsm_tpm_ut_exe.dir\Release\vcpkg.applocal.log"
FinalizeBuildStatus:
  Deleting file "edge_hsm_tpm_ut_exe.dir\Release\edge_hsm.DC1D786A.tlog\unsuccessfulbuild".
  Touching "edge_hsm_tpm_ut_exe.dir\Release\edge_hsm.DC1D786A.tlog\edge_hsm_tpm_ut_exe.lastbuildstate".
Done Building Project "E:\iot\r40\Azure-IoT-Edge-Core\edgelet\target\debug\build\hsm-sys-655bd48171248c1c\out\build\tests\edge_hsm_tpm_ut\edge_hsm_tpm_ut_exe.vcxproj" (default targets).
Project "E:\iot\r40\Azure-IoT-Edge-Core\edgelet\target\debug\build\hsm-sys-655bd48171248c1c\out\build\ALL_BUILD.vcxproj" (3) is building "E:\iot\r40\Azure-IoT-Edge-Core\edgelet\target\debug\build\hsm-sys-655bd48171248c1c\out\build\tests\edge_hsm_util_int\edge_hsm_util_int_exe.vcxproj" (16) on node 1 (default targets).
InitializeBuildStatus:
  Creating "edge_hsm_util_int_exe.dir\Release\edge_hsm.F38358F7.tlog\unsuccessfulbuild" because "AlwaysCreate" was specified.
CustomBuild:
  All outputs are up-to-date.
VcpkgTripletSelection:
  Using triplet "x64-windows" from "C:\vcpkg\installed\x64-windows\"
ClCompile:
  All outputs are up-to-date.
Link:
  All outputs are up-to-date.
  edge_hsm_util_int_exe.vcxproj -> E:\iot\r40\Azure-IoT-Edge-Core\edgelet\target\debug\build\hsm-sys-655bd48171248c1c\out\build\tests\edge_hsm_util_int\Release\edge_hsm_util_int_exe.exe
AppLocalFromInstalled:
  C:\WINDOWS\System32\WindowsPowerShell\v1.0\powershell.exe -ExecutionPolicy Bypass -noprofile -File "C:\vcpkg\scripts\buildsystems\msbuild\applocal.ps1" "E:\iot\r40\Azure-IoT-Edge-Core\edgelet\target\debug\build\hsm-sys-655bd48171248c1c\out\build\tests\edge_hsm_util_int\Release\edge_hsm_util_int_exe.exe" "C:\vcpkg\installed\x64-windows\bin" "edge_hsm_util_int_exe.dir\Release\edge_hsm.F38358F7.tlog\edge_hsm_util_int_exe.write.1u.tlog" "edge_hsm_util_int_exe.dir\Release\vcpkg.applocal.log"
FinalizeBuildStatus:
  Deleting file "edge_hsm_util_int_exe.dir\Release\edge_hsm.F38358F7.tlog\unsuccessfulbuild".
  Touching "edge_hsm_util_int_exe.dir\Release\edge_hsm.F38358F7.tlog\edge_hsm_util_int_exe.lastbuildstate".
Done Building Project "E:\iot\r40\Azure-IoT-Edge-Core\edgelet\target\debug\build\hsm-sys-655bd48171248c1c\out\build\tests\edge_hsm_util_int\edge_hsm_util_int_exe.vcxproj" (default targets).
Project "E:\iot\r40\Azure-IoT-Edge-Core\edgelet\target\debug\build\hsm-sys-655bd48171248c1c\out\build\ALL_BUILD.vcxproj" (3) is building "E:\iot\r40\Azure-IoT-Edge-Core\edgelet\target\debug\build\hsm-sys-655bd48171248c1c\out\build\tests\edge_openssl_int\edge_openssl_inut_exe.vcxproj" (17) on node 1 (default targets).
InitializeBuildStatus:
  Touching "edge_openssl_inut_exe.dir\Release\edge_ope.8A94657F.tlog\unsuccessfulbuild".
CustomBuild:
  All outputs are up-to-date.
VcpkgTripletSelection:
  Using triplet "x64-windows" from "C:\vcpkg\installed\x64-windows\"
ClCompile:
  All outputs are up-to-date.
Link:
  C:\Program Files (x86)\Microsoft Visual Studio\Preview\Enterprise\VC\Tools\MSVC\14.14.26412\bin\HostX86\x64\link.exe /ERRORREPORT:QUEUE /OUT:"E:\iot\r40\Azure-IoT-Edge-Core\edgelet\target\debug\build\hsm-sys-655bd48171248c1c\out\build\tests\edge_openssl_int\Release\edge_openssl_inut_exe.exe" /INCREMENTAL:NO /NOLOGO /LIBPATH:"C:\vcpkg\installed\x64-windows\lib" /LIBPATH:"C:\vcpkg\installed\x64-windows\lib\manual-link" "..\..\azure-c-shared-utility\testtools\umock-c\Release\umock_c.lib" "..\..\azure-c-shared-utility\testtools\ctest\Release\ctest.lib" "..\..\azure-c-shared-utility\testtools\testrunner\Release\testrunnerswitcher.lib" ..\..\Release\iothsm.lib "..\..\azure-c-shared-utility\Release\aziotsharedutil.lib" "c:\vcpkg\packages\openssl_x86-windows\lib\ssleay32.lib" "c:\vcpkg\packages\openssl_x86-windows\lib\libeay32.lib" crypt32.lib winhttp.lib ws2_32.lib secur32.lib advapi32.lib ncrypt.lib "C:\vcpkg\packages\openssl_x86-windows\lib\ssleay32.lib" "C:\vcpkg\packages\openssl_x86-windows\lib\libeay32.lib" crypt32.lib winhttp.lib ws2_32.lib secur32.lib advapi32.lib ncrypt.lib "C:\vcpkg\packages\openssl_x86-windows\lib\ssleay32.lib" "C:\vcpkg\packages\openssl_x86-windows\lib\libeay32.lib" kernel32.lib user32.lib gdi32.lib winspool.lib shell32.lib ole32.lib oleaut32.lib uuid.lib comdlg32.lib advapi32.lib "C:\vcpkg\installed\x64-windows\lib\*.lib" /MANIFEST /MANIFESTUAC:"level='asInvoker' uiAccess='false'" /manifest:embed /PDB:"E:/iot/r40/Azure-IoT-Edge-Core/edgelet/target/debug/build/hsm-sys-655bd48171248c1c/out/build/tests/edge_openssl_int/Release/edge_openssl_inut_exe.pdb" /SUBSYSTEM:CONSOLE /TLBID:1 /DYNAMICBASE /NXCOMPAT /IMPLIB:"E:/iot/r40/Azure-IoT-Edge-Core/edgelet/target/debug/build/hsm-sys-655bd48171248c1c/out/build/tests/edge_openssl_int/Release/edge_openssl_inut_exe.lib" /MACHINE:X64  /machine:x64 edge_openssl_inut_exe.dir\Release\edge_openssl_int.obj
  edge_openssl_inut_exe.dir\Release\main.obj
iothsm.lib(edge_pki_openssl.obj) : error LNK2019: unresolved external symbol BIO_new_file referenced in function generate_cert_key [E:\iot\r40\Azure-IoT-Edge-Core\edgelet\target\debug\build\hsm-sys-655bd48171248c1c\out\build\tests\edge_openssl_int\edge_openssl_inut_exe.vcxproj]
iothsm.lib(edge_pki_openssl.obj) : error LNK2019: unresolved external symbol BIO_free_all referenced in function generate_cert_key [E:\iot\r40\Azure-IoT-Edge-Core\edgelet\target\debug\build\hsm-sys-655bd48171248c1c\out\build\tests\edge_openssl_int\edge_openssl_inut_exe.vcxproj]
iothsm.lib(edge_pki_openssl.obj) : error LNK2019: unresolved external symbol ERR_load_BIO_strings referenced in function generate_pki_cert_and_key_helper [E:\iot\r40\Azure-IoT-Edge-Core\edgelet\target\debug\build\hsm-sys-655bd48171248c1c\out\build\tests\edge_openssl_int\edge_openssl_inut_exe.vcxproj]
iothsm.lib(edge_pki_openssl.obj) : error LNK2019: unresolved external symbol BN_new referenced in function generate_rsa_key [E:\iot\r40\Azure-IoT-Edge-Core\edgelet\target\debug\build\hsm-sys-655bd48171248c1c\out\build\tests\edge_openssl_int\edge_openssl_inut_exe.vcxproj]
iothsm.lib(edge_pki_openssl.obj) : error LNK2019: unresolved external symbol BN_set_word referenced in function generate_rsa_key [E:\iot\r40\Azure-IoT-Edge-Core\edgelet\target\debug\build\hsm-sys-655bd48171248c1c\out\build\tests\edge_openssl_int\edge_openssl_inut_exe.vcxproj]
iothsm.lib(edge_pki_openssl.obj) : error LNK2019: unresolved external symbol BN_free referenced in function generate_rsa_key [E:\iot\r40\Azure-IoT-Edge-Core\edgelet\target\debug\build\hsm-sys-655bd48171248c1c\out\build\tests\edge_openssl_int\edge_openssl_inut_exe.vcxproj]
iothsm.lib(edge_pki_openssl.obj) : error LNK2019: unresolved external symbol ASN1_INTEGER_set referenced in function generate_evp_certificate [E:\iot\r40\Azure-IoT-Edge-Core\edgelet\target\debug\build\hsm-sys-655bd48171248c1c\out\build\tests\edge_openssl_int\edge_openssl_inut_exe.vcxproj]
iothsm.lib(edge_pki_openssl.obj) : error LNK2019: unresolved external symbol ERR_load_crypto_strings referenced in function generate_pki_cert_and_key_helper [E:\iot\r40\Azure-IoT-Edge-Core\edgelet\target\debug\build\hsm-sys-655bd48171248c1c\out\build\tests\edge_openssl_int\edge_openssl_inut_exe.vcxproj]
iothsm.lib(edge_pki_openssl.obj) : error LNK2019: unresolved external symbol EC_GROUP_get_curve_name referenced in function generate_cert_key [E:\iot\r40\Azure-IoT-Edge-Core\edgelet\target\debug\build\hsm-sys-655bd48171248c1c\out\build\tests\edge_openssl_int\edge_openssl_inut_exe.vcxproj]
iothsm.lib(edge_pki_openssl.obj) : error LNK2019: unresolved external symbol EC_KEY_new_by_curve_name referenced in function generate_ecc_key [E:\iot\r40\Azure-IoT-Edge-Core\edgelet\target\debug\build\hsm-sys-655bd48171248c1c\out\build\tests\edge_openssl_int\edge_openssl_inut_exe.vcxproj]
iothsm.lib(edge_pki_openssl.obj) : error LNK2019: unresolved external symbol EC_KEY_free referenced in function generate_cert_key [E:\iot\r40\Azure-IoT-Edge-Core\edgelet\target\debug\build\hsm-sys-655bd48171248c1c\out\build\tests\edge_openssl_int\edge_openssl_inut_exe.vcxproj]
iothsm.lib(edge_pki_openssl.obj) : error LNK2019: unresolved external symbol EC_KEY_get0_group referenced in function generate_cert_key [E:\iot\r40\Azure-IoT-Edge-Core\edgelet\target\debug\build\hsm-sys-655bd48171248c1c\out\build\tests\edge_openssl_int\edge_openssl_inut_exe.vcxproj]
iothsm.lib(edge_pki_openssl.obj) : error LNK2019: unresolved external symbol EC_KEY_set_asn1_flag referenced in function generate_ecc_key [E:\iot\r40\Azure-IoT-Edge-Core\edgelet\target\debug\build\hsm-sys-655bd48171248c1c\out\build\tests\edge_openssl_int\edge_openssl_inut_exe.vcxproj]
iothsm.lib(edge_pki_openssl.obj) : error LNK2019: unresolved external symbol EC_KEY_generate_key referenced in function generate_ecc_key [E:\iot\r40\Azure-IoT-Edge-Core\edgelet\target\debug\build\hsm-sys-655bd48171248c1c\out\build\tests\edge_openssl_int\edge_openssl_inut_exe.vcxproj]
iothsm.lib(edge_pki_openssl.obj) : error LNK2019: unresolved external symbol OBJ_nid2sn referenced in function generate_cert_key [E:\iot\r40\Azure-IoT-Edge-Core\edgelet\target\debug\build\hsm-sys-655bd48171248c1c\out\build\tests\edge_openssl_int\edge_openssl_inut_exe.vcxproj]
iothsm.lib(edge_pki_openssl.obj) : error LNK2019: unresolved external symbol OBJ_txt2nid referenced in function generate_ecc_key [E:\iot\r40\Azure-IoT-Edge-Core\edgelet\target\debug\build\hsm-sys-655bd48171248c1c\out\build\tests\edge_openssl_int\edge_openssl_inut_exe.vcxproj]
iothsm.lib(edge_pki_openssl.obj) : error LNK2019: unresolved external symbol EVP_sha256 referenced in function generate_evp_certificate [E:\iot\r40\Azure-IoT-Edge-Core\edgelet\target\debug\build\hsm-sys-655bd48171248c1c\out\build\tests\edge_openssl_int\edge_openssl_inut_exe.vcxproj]
iothsm.lib(edge_pki_openssl.obj) : error LNK2019: unresolved external symbol OPENSSL_add_all_algorithms_noconf referenced in function generate_pki_cert_and_key_helper [E:\iot\r40\Azure-IoT-Edge-Core\edgelet\target\debug\build\hsm-sys-655bd48171248c1c\out\build\tests\edge_openssl_int\edge_openssl_inut_exe.vcxproj]
iothsm.lib(edge_pki_openssl.obj) : error LNK2019: unresolved external symbol EVP_PKEY_base_id referenced in function generate_cert_key [E:\iot\r40\Azure-IoT-Edge-Core\edgelet\target\debug\build\hsm-sys-655bd48171248c1c\out\build\tests\edge_openssl_int\edge_openssl_inut_exe.vcxproj]
iothsm.lib(edge_pki_openssl.obj) : error LNK2019: unresolved external symbol EVP_PKEY_bits referenced in function generate_cert_key [E:\iot\r40\Azure-IoT-Edge-Core\edgelet\target\debug\build\hsm-sys-655bd48171248c1c\out\build\tests\edge_openssl_int\edge_openssl_inut_exe.vcxproj]
iothsm.lib(edge_pki_openssl.obj) : error LNK2019: unresolved external symbol EVP_PKEY_set1_RSA referenced in function generate_rsa_key [E:\iot\r40\Azure-IoT-Edge-Core\edgelet\target\debug\build\hsm-sys-655bd48171248c1c\out\build\tests\edge_openssl_int\edge_openssl_inut_exe.vcxproj]
iothsm.lib(edge_pki_openssl.obj) : error LNK2019: unresolved external symbol EVP_PKEY_set1_EC_KEY referenced in function generate_ecc_key [E:\iot\r40\Azure-IoT-Edge-Core\edgelet\target\debug\build\hsm-sys-655bd48171248c1c\out\build\tests\edge_openssl_int\edge_openssl_inut_exe.vcxproj]
iothsm.lib(edge_pki_openssl.obj) : error LNK2019: unresolved external symbol EVP_PKEY_get1_EC_KEY referenced in function generate_cert_key [E:\iot\r40\Azure-IoT-Edge-Core\edgelet\target\debug\build\hsm-sys-655bd48171248c1c\out\build\tests\edge_openssl_int\edge_openssl_inut_exe.vcxproj]
iothsm.lib(edge_pki_openssl.obj) : error LNK2019: unresolved external symbol EVP_PKEY_new referenced in function generate_ecc_key [E:\iot\r40\Azure-IoT-Edge-Core\edgelet\target\debug\build\hsm-sys-655bd48171248c1c\out\build\tests\edge_openssl_int\edge_openssl_inut_exe.vcxproj]
iothsm.lib(edge_pki_openssl.obj) : error LNK2019: unresolved external symbol EVP_PKEY_free referenced in function create_cert_key [E:\iot\r40\Azure-IoT-Edge-Core\edgelet\target\debug\build\hsm-sys-655bd48171248c1c\out\build\tests\edge_openssl_int\edge_openssl_inut_exe.vcxproj]
iothsm.lib(edge_pki_openssl.obj) : error LNK2019: unresolved external symbol RSA_new referenced in function generate_rsa_key [E:\iot\r40\Azure-IoT-Edge-Core\edgelet\target\debug\build\hsm-sys-655bd48171248c1c\out\build\tests\edge_openssl_int\edge_openssl_inut_exe.vcxproj]
iothsm.lib(edge_pki_openssl.obj) : error LNK2019: unresolved external symbol RSA_generate_key_ex referenced in function generate_rsa_key [E:\iot\r40\Azure-IoT-Edge-Core\edgelet\target\debug\build\hsm-sys-655bd48171248c1c\out\build\tests\edge_openssl_int\edge_openssl_inut_exe.vcxproj]
iothsm.lib(edge_pki_openssl.obj) : error LNK2019: unresolved external symbol RSA_free referenced in function generate_rsa_key [E:\iot\r40\Azure-IoT-Edge-Core\edgelet\target\debug\build\hsm-sys-655bd48171248c1c\out\build\tests\edge_openssl_int\edge_openssl_inut_exe.vcxproj]
iothsm.lib(edge_pki_openssl.obj) : error LNK2019: unresolved external symbol X509_sign referenced in function generate_evp_certificate [E:\iot\r40\Azure-IoT-Edge-Core\edgelet\target\debug\build\hsm-sys-655bd48171248c1c\out\build\tests\edge_openssl_int\edge_openssl_inut_exe.vcxproj]
iothsm.lib(edge_pki_openssl.obj) : error LNK2019: unresolved external symbol X509_gmtime_adj referenced in function generate_evp_certificate [E:\iot\r40\Azure-IoT-Edge-Core\edgelet\target\debug\build\hsm-sys-655bd48171248c1c\out\build\tests\edge_openssl_int\edge_openssl_inut_exe.vcxproj]
iothsm.lib(edge_pki_openssl.obj) : error LNK2019: unresolved external symbol X509_new referenced in function generate_evp_certificate [E:\iot\r40\Azure-IoT-Edge-Core\edgelet\target\debug\build\hsm-sys-655bd48171248c1c\out\build\tests\edge_openssl_int\edge_openssl_inut_exe.vcxproj]
iothsm.lib(edge_pki_openssl.obj) : error LNK2019: unresolved external symbol X509_free referenced in function generate_evp_certificate [E:\iot\r40\Azure-IoT-Edge-Core\edgelet\target\debug\build\hsm-sys-655bd48171248c1c\out\build\tests\edge_openssl_int\edge_openssl_inut_exe.vcxproj]
iothsm.lib(edge_pki_openssl.obj) : error LNK2019: unresolved external symbol X509_set_version referenced in function generate_evp_certificate [E:\iot\r40\Azure-IoT-Edge-Core\edgelet\target\debug\build\hsm-sys-655bd48171248c1c\out\build\tests\edge_openssl_int\edge_openssl_inut_exe.vcxproj]
iothsm.lib(edge_pki_openssl.obj) : error LNK2019: unresolved external symbol X509_get_serialNumber referenced in function generate_evp_certificate [E:\iot\r40\Azure-IoT-Edge-Core\edgelet\target\debug\build\hsm-sys-655bd48171248c1c\out\build\tests\edge_openssl_int\edge_openssl_inut_exe.vcxproj]
iothsm.lib(edge_pki_openssl.obj) : error LNK2019: unresolved external symbol X509_set_issuer_name referenced in function cert_set_subject_fields_and_issuer [E:\iot\r40\Azure-IoT-Edge-Core\edgelet\target\debug\build\hsm-sys-655bd48171248c1c\out\build\tests\edge_openssl_int\edge_openssl_inut_exe.vcxproj]
iothsm.lib(edge_pki_openssl.obj) : error LNK2019: unresolved external symbol X509_get_subject_name referenced in function cert_set_subject_fields_and_issuer [E:\iot\r40\Azure-IoT-Edge-Core\edgelet\target\debug\build\hsm-sys-655bd48171248c1c\out\build\tests\edge_openssl_int\edge_openssl_inut_exe.vcxproj]
iothsm.lib(edge_pki_openssl.obj) : error LNK2019: unresolved external symbol X509_set_pubkey referenced in function generate_evp_certificate [E:\iot\r40\Azure-IoT-Edge-Core\edgelet\target\debug\build\hsm-sys-655bd48171248c1c\out\build\tests\edge_openssl_int\edge_openssl_inut_exe.vcxproj]
iothsm.lib(edge_pki_openssl.obj) : error LNK2019: unresolved external symbol X509_get_pubkey referenced in function generate_cert_key [E:\iot\r40\Azure-IoT-Edge-Core\edgelet\target\debug\build\hsm-sys-655bd48171248c1c\out\build\tests\edge_openssl_int\edge_openssl_inut_exe.vcxproj]
iothsm.lib(edge_pki_openssl.obj) : error LNK2019: unresolved external symbol X509_NAME_get_text_by_NID referenced in function cert_set_subject_field [E:\iot\r40\Azure-IoT-Edge-Core\edgelet\target\debug\build\hsm-sys-655bd48171248c1c\out\build\tests\edge_openssl_int\edge_openssl_inut_exe.vcxproj]
iothsm.lib(edge_pki_openssl.obj) : error LNK2019: unresolved external symbol X509_NAME_add_entry_by_txt referenced in function cert_set_subject_field [E:\iot\r40\Azure-IoT-Edge-Core\edgelet\target\debug\build\hsm-sys-655bd48171248c1c\out\build\tests\edge_openssl_int\edge_openssl_inut_exe.vcxproj]
iothsm.lib(edge_pki_openssl.obj) : error LNK2019: unresolved external symbol PEM_read_bio_X509 referenced in function generate_pki_cert_and_key_helper [E:\iot\r40\Azure-IoT-Edge-Core\edgelet\target\debug\build\hsm-sys-655bd48171248c1c\out\build\tests\edge_openssl_int\edge_openssl_inut_exe.vcxproj]
iothsm.lib(edge_pki_openssl.obj) : error LNK2019: unresolved external symbol PEM_write_bio_X509 referenced in function generate_evp_certificate [E:\iot\r40\Azure-IoT-Edge-Core\edgelet\target\debug\build\hsm-sys-655bd48171248c1c\out\build\tests\edge_openssl_int\edge_openssl_inut_exe.vcxproj]
iothsm.lib(edge_pki_openssl.obj) : error LNK2019: unresolved external symbol PEM_read_bio_PrivateKey referenced in function load_private_key_file [E:\iot\r40\Azure-IoT-Edge-Core\edgelet\target\debug\build\hsm-sys-655bd48171248c1c\out\build\tests\edge_openssl_int\edge_openssl_inut_exe.vcxproj]
iothsm.lib(edge_pki_openssl.obj) : error LNK2019: unresolved external symbol PEM_write_bio_PrivateKey referenced in function generate_cert_key [E:\iot\r40\Azure-IoT-Edge-Core\edgelet\target\debug\build\hsm-sys-655bd48171248c1c\out\build\tests\edge_openssl_int\edge_openssl_inut_exe.vcxproj]
c:\vcpkg\packages\openssl_x86-windows\lib\ssleay32.lib : warning LNK4272: library machine type 'x86' conflicts with target machine type 'x64' [E:\iot\r40\Azure-IoT-Edge-Core\edgelet\target\debug\build\hsm-sys-655bd48171248c1c\out\build\tests\edge_openssl_int\edge_openssl_inut_exe.vcxproj]
c:\vcpkg\packages\openssl_x86-windows\lib\libeay32.lib : warning LNK4272: library machine type 'x86' conflicts with target machine type 'x64' [E:\iot\r40\Azure-IoT-Edge-Core\edgelet\target\debug\build\hsm-sys-655bd48171248c1c\out\build\tests\edge_openssl_int\edge_openssl_inut_exe.vcxproj]
E:\iot\r40\Azure-IoT-Edge-Core\edgelet\target\debug\build\hsm-sys-655bd48171248c1c\out\build\tests\edge_openssl_int\Release\edge_openssl_inut_exe.exe : fatal error LNK1120: 44 unresolved externals [E:\iot\r40\Azure-IoT-Edge-Core\edgelet\target\debug\build\hsm-sys-655bd48171248c1c\out\build\tests\edge_openssl_int\edge_openssl_inut_exe.vcxproj]
Done Building Project "E:\iot\r40\Azure-IoT-Edge-Core\edgelet\target\debug\build\hsm-sys-655bd48171248c1c\out\build\tests\edge_openssl_int\edge_openssl_inut_exe.vcxproj" (default targets) -- FAILED.
Project "E:\iot\r40\Azure-IoT-Edge-Core\edgelet\target\debug\build\hsm-sys-655bd48171248c1c\out\build\ALL_BUILD.vcxproj" (3) is building "E:\iot\r40\Azure-IoT-Edge-Core\edgelet\target\debug\build\hsm-sys-655bd48171248c1c\out\build\tests\hsm_certificate_props_ut\hsm_certificate_props_ut_exe.vcxproj" (18) on node 1 (default targets).
InitializeBuildStatus:
  Creating "hsm_certificate_props_ut_exe.dir\Release\hsm_cert.672C4076.tlog\unsuccessfulbuild" because "AlwaysCreate" was specified.
CustomBuild:
  All outputs are up-to-date.
VcpkgTripletSelection:
  Using triplet "x64-windows" from "C:\vcpkg\installed\x64-windows\"
ClCompile:
  All outputs are up-to-date.
Link:
  All outputs are up-to-date.
  hsm_certificate_props_ut_exe.vcxproj -> E:\iot\r40\Azure-IoT-Edge-Core\edgelet\target\debug\build\hsm-sys-655bd48171248c1c\out\build\tests\hsm_certificate_props_ut\Release\hsm_certificate_props_ut_exe.exe
AppLocalFromInstalled:
  C:\WINDOWS\System32\WindowsPowerShell\v1.0\powershell.exe -ExecutionPolicy Bypass -noprofile -File "C:\vcpkg\scripts\buildsystems\msbuild\applocal.ps1" "E:\iot\r40\Azure-IoT-Edge-Core\edgelet\target\debug\build\hsm-sys-655bd48171248c1c\out\build\tests\hsm_certificate_props_ut\Release\hsm_certificate_props_ut_exe.exe" "C:\vcpkg\installed\x64-windows\bin" "hsm_certificate_props_ut_exe.dir\Release\hsm_cert.672C4076.tlog\hsm_certificate_props_ut_exe.write.1u.tlog" "hsm_certificate_props_ut_exe.dir\Release\vcpkg.applocal.log"
FinalizeBuildStatus:
  Deleting file "hsm_certificate_props_ut_exe.dir\Release\hsm_cert.672C4076.tlog\unsuccessfulbuild".
  Touching "hsm_certificate_props_ut_exe.dir\Release\hsm_cert.672C4076.tlog\hsm_certificate_props_ut_exe.lastbuildstate".
Done Building Project "E:\iot\r40\Azure-IoT-Edge-Core\edgelet\target\debug\build\hsm-sys-655bd48171248c1c\out\build\tests\hsm_certificate_props_ut\hsm_certificate_props_ut_exe.vcxproj" (default targets).
Done Building Project "E:\iot\r40\Azure-IoT-Edge-Core\edgelet\target\debug\build\hsm-sys-655bd48171248c1c\out\build\ALL_BUILD.vcxproj" (default targets) -- FAILED.
Done Building Project "E:\iot\r40\Azure-IoT-Edge-Core\edgelet\target\debug\build\hsm-sys-655bd48171248c1c\out\build\install.vcxproj" (default targets) -- FAILED.

Build FAILED.

"E:\iot\r40\Azure-IoT-Edge-Core\edgelet\target\debug\build\hsm-sys-655bd48171248c1c\out\build\install.vcxproj" (default target) (1) ->
"E:\iot\r40\Azure-IoT-Edge-Core\edgelet\target\debug\build\hsm-sys-655bd48171248c1c\out\build\ALL_BUILD.vcxproj" (default target) (3) ->
"E:\iot\r40\Azure-IoT-Edge-Core\edgelet\target\debug\build\hsm-sys-655bd48171248c1c\out\build\tests\edge_hsm_crypto_int\edge_hsm_crypto_inut_exe.vcxproj" (default target) (9) ->
(Link target) -> 
  c:\vcpkg\packages\openssl_x86-windows\lib\ssleay32.lib : warning LNK4272: library machine type 'x86' conflicts with target machine type 'x64' [E:\iot\r40\Azure-IoT-Edge-Core\edgelet\target\debug\build\hsm-sys-655bd48171248c1c\out\build\tests\edge_hsm_crypto_int\edge_hsm_crypto_inut_exe.vcxproj]
  c:\vcpkg\packages\openssl_x86-windows\lib\libeay32.lib : warning LNK4272: library machine type 'x86' conflicts with target machine type 'x64' [E:\iot\r40\Azure-IoT-Edge-Core\edgelet\target\debug\build\hsm-sys-655bd48171248c1c\out\build\tests\edge_hsm_crypto_int\edge_hsm_crypto_inut_exe.vcxproj]


"E:\iot\r40\Azure-IoT-Edge-Core\edgelet\target\debug\build\hsm-sys-655bd48171248c1c\out\build\install.vcxproj" (default target) (1) ->
"E:\iot\r40\Azure-IoT-Edge-Core\edgelet\target\debug\build\hsm-sys-655bd48171248c1c\out\build\ALL_BUILD.vcxproj" (default target) (3) ->
"E:\iot\r40\Azure-IoT-Edge-Core\edgelet\target\debug\build\hsm-sys-655bd48171248c1c\out\build\tests\edge_hsm_sas_auth_int\edge_hsm_sas_auth_int_exe.vcxproj" (default target) (13) ->
  c:\vcpkg\packages\openssl_x86-windows\lib\ssleay32.lib : warning LNK4272: library machine type 'x86' conflicts with target machine type 'x64' [E:\iot\r40\Azure-IoT-Edge-Core\edgelet\target\debug\build\hsm-sys-655bd48171248c1c\out\build\tests\edge_hsm_sas_auth_int\edge_hsm_sas_auth_int_exe.vcxproj]
  c:\vcpkg\packages\openssl_x86-windows\lib\libeay32.lib : warning LNK4272: library machine type 'x86' conflicts with target machine type 'x64' [E:\iot\r40\Azure-IoT-Edge-Core\edgelet\target\debug\build\hsm-sys-655bd48171248c1c\out\build\tests\edge_hsm_sas_auth_int\edge_hsm_sas_auth_int_exe.vcxproj]


"E:\iot\r40\Azure-IoT-Edge-Core\edgelet\target\debug\build\hsm-sys-655bd48171248c1c\out\build\install.vcxproj" (default target) (1) ->
"E:\iot\r40\Azure-IoT-Edge-Core\edgelet\target\debug\build\hsm-sys-655bd48171248c1c\out\build\ALL_BUILD.vcxproj" (default target) (3) ->
"E:\iot\r40\Azure-IoT-Edge-Core\edgelet\target\debug\build\hsm-sys-655bd48171248c1c\out\build\tests\edge_hsm_store_int\edge_hsm_store_inut_exe.vcxproj" (default target) (14) ->
  c:\vcpkg\packages\openssl_x86-windows\lib\ssleay32.lib : warning LNK4272: library machine type 'x86' conflicts with target machine type 'x64' [E:\iot\r40\Azure-IoT-Edge-Core\edgelet\target\debug\build\hsm-sys-655bd48171248c1c\out\build\tests\edge_hsm_store_int\edge_hsm_store_inut_exe.vcxproj]
  c:\vcpkg\packages\openssl_x86-windows\lib\libeay32.lib : warning LNK4272: library machine type 'x86' conflicts with target machine type 'x64' [E:\iot\r40\Azure-IoT-Edge-Core\edgelet\target\debug\build\hsm-sys-655bd48171248c1c\out\build\tests\edge_hsm_store_int\edge_hsm_store_inut_exe.vcxproj]


"E:\iot\r40\Azure-IoT-Edge-Core\edgelet\target\debug\build\hsm-sys-655bd48171248c1c\out\build\install.vcxproj" (default target) (1) ->
"E:\iot\r40\Azure-IoT-Edge-Core\edgelet\target\debug\build\hsm-sys-655bd48171248c1c\out\build\ALL_BUILD.vcxproj" (default target) (3) ->
"E:\iot\r40\Azure-IoT-Edge-Core\edgelet\target\debug\build\hsm-sys-655bd48171248c1c\out\build\tests\edge_openssl_int\edge_openssl_inut_exe.vcxproj" (default target) (17) ->
  c:\vcpkg\packages\openssl_x86-windows\lib\ssleay32.lib : warning LNK4272: library machine type 'x86' conflicts with target machine type 'x64' [E:\iot\r40\Azure-IoT-Edge-Core\edgelet\target\debug\build\hsm-sys-655bd48171248c1c\out\build\tests\edge_openssl_int\edge_openssl_inut_exe.vcxproj]
  c:\vcpkg\packages\openssl_x86-windows\lib\libeay32.lib : warning LNK4272: library machine type 'x86' conflicts with target machine type 'x64' [E:\iot\r40\Azure-IoT-Edge-Core\edgelet\target\debug\build\hsm-sys-655bd48171248c1c\out\build\tests\edge_openssl_int\edge_openssl_inut_exe.vcxproj]


"E:\iot\r40\Azure-IoT-Edge-Core\edgelet\target\debug\build\hsm-sys-655bd48171248c1c\out\build\install.vcxproj" (default target) (1) ->
"E:\iot\r40\Azure-IoT-Edge-Core\edgelet\target\debug\build\hsm-sys-655bd48171248c1c\out\build\ALL_BUILD.vcxproj" (default target) (3) ->
"E:\iot\r40\Azure-IoT-Edge-Core\edgelet\target\debug\build\hsm-sys-655bd48171248c1c\out\build\tests\edge_hsm_crypto_int\edge_hsm_crypto_inut_exe.vcxproj" (default target) (9) ->
(Link target) -> 
  iothsm.lib(edge_pki_openssl.obj) : error LNK2019: unresolved external symbol BIO_new_file referenced in function generate_cert_key [E:\iot\r40\Azure-IoT-Edge-Core\edgelet\target\debug\build\hsm-sys-655bd48171248c1c\out\build\tests\edge_hsm_crypto_int\edge_hsm_crypto_inut_exe.vcxproj]
  iothsm.lib(edge_pki_openssl.obj) : error LNK2019: unresolved external symbol BIO_free_all referenced in function generate_cert_key [E:\iot\r40\Azure-IoT-Edge-Core\edgelet\target\debug\build\hsm-sys-655bd48171248c1c\out\build\tests\edge_hsm_crypto_int\edge_hsm_crypto_inut_exe.vcxproj]
  iothsm.lib(edge_pki_openssl.obj) : error LNK2019: unresolved external symbol ERR_load_BIO_strings referenced in function generate_pki_cert_and_key_helper [E:\iot\r40\Azure-IoT-Edge-Core\edgelet\target\debug\build\hsm-sys-655bd48171248c1c\out\build\tests\edge_hsm_crypto_int\edge_hsm_crypto_inut_exe.vcxproj]
  iothsm.lib(edge_pki_openssl.obj) : error LNK2019: unresolved external symbol BN_new referenced in function generate_rsa_key [E:\iot\r40\Azure-IoT-Edge-Core\edgelet\target\debug\build\hsm-sys-655bd48171248c1c\out\build\tests\edge_hsm_crypto_int\edge_hsm_crypto_inut_exe.vcxproj]
  iothsm.lib(edge_pki_openssl.obj) : error LNK2019: unresolved external symbol BN_set_word referenced in function generate_rsa_key [E:\iot\r40\Azure-IoT-Edge-Core\edgelet\target\debug\build\hsm-sys-655bd48171248c1c\out\build\tests\edge_hsm_crypto_int\edge_hsm_crypto_inut_exe.vcxproj]
  iothsm.lib(edge_pki_openssl.obj) : error LNK2019: unresolved external symbol BN_free referenced in function generate_rsa_key [E:\iot\r40\Azure-IoT-Edge-Core\edgelet\target\debug\build\hsm-sys-655bd48171248c1c\out\build\tests\edge_hsm_crypto_int\edge_hsm_crypto_inut_exe.vcxproj]
  iothsm.lib(edge_pki_openssl.obj) : error LNK2019: unresolved external symbol ASN1_INTEGER_set referenced in function generate_evp_certificate [E:\iot\r40\Azure-IoT-Edge-Core\edgelet\target\debug\build\hsm-sys-655bd48171248c1c\out\build\tests\edge_hsm_crypto_int\edge_hsm_crypto_inut_exe.vcxproj]
  iothsm.lib(edge_pki_openssl.obj) : error LNK2019: unresolved external symbol ERR_load_crypto_strings referenced in function generate_pki_cert_and_key_helper [E:\iot\r40\Azure-IoT-Edge-Core\edgelet\target\debug\build\hsm-sys-655bd48171248c1c\out\build\tests\edge_hsm_crypto_int\edge_hsm_crypto_inut_exe.vcxproj]
  iothsm.lib(edge_pki_openssl.obj) : error LNK2019: unresolved external symbol EC_GROUP_get_curve_name referenced in function generate_cert_key [E:\iot\r40\Azure-IoT-Edge-Core\edgelet\target\debug\build\hsm-sys-655bd48171248c1c\out\build\tests\edge_hsm_crypto_int\edge_hsm_crypto_inut_exe.vcxproj]
  iothsm.lib(edge_pki_openssl.obj) : error LNK2019: unresolved external symbol EC_KEY_new_by_curve_name referenced in function generate_ecc_key [E:\iot\r40\Azure-IoT-Edge-Core\edgelet\target\debug\build\hsm-sys-655bd48171248c1c\out\build\tests\edge_hsm_crypto_int\edge_hsm_crypto_inut_exe.vcxproj]
  iothsm.lib(edge_pki_openssl.obj) : error LNK2019: unresolved external symbol EC_KEY_free referenced in function generate_cert_key [E:\iot\r40\Azure-IoT-Edge-Core\edgelet\target\debug\build\hsm-sys-655bd48171248c1c\out\build\tests\edge_hsm_crypto_int\edge_hsm_crypto_inut_exe.vcxproj]
  iothsm.lib(edge_pki_openssl.obj) : error LNK2019: unresolved external symbol EC_KEY_get0_group referenced in function generate_cert_key [E:\iot\r40\Azure-IoT-Edge-Core\edgelet\target\debug\build\hsm-sys-655bd48171248c1c\out\build\tests\edge_hsm_crypto_int\edge_hsm_crypto_inut_exe.vcxproj]
  iothsm.lib(edge_pki_openssl.obj) : error LNK2019: unresolved external symbol EC_KEY_set_asn1_flag referenced in function generate_ecc_key [E:\iot\r40\Azure-IoT-Edge-Core\edgelet\target\debug\build\hsm-sys-655bd48171248c1c\out\build\tests\edge_hsm_crypto_int\edge_hsm_crypto_inut_exe.vcxproj]
  iothsm.lib(edge_pki_openssl.obj) : error LNK2019: unresolved external symbol EC_KEY_generate_key referenced in function generate_ecc_key [E:\iot\r40\Azure-IoT-Edge-Core\edgelet\target\debug\build\hsm-sys-655bd48171248c1c\out\build\tests\edge_hsm_crypto_int\edge_hsm_crypto_inut_exe.vcxproj]
  iothsm.lib(edge_pki_openssl.obj) : error LNK2019: unresolved external symbol OBJ_nid2sn referenced in function generate_cert_key [E:\iot\r40\Azure-IoT-Edge-Core\edgelet\target\debug\build\hsm-sys-655bd48171248c1c\out\build\tests\edge_hsm_crypto_int\edge_hsm_crypto_inut_exe.vcxproj]
  iothsm.lib(edge_pki_openssl.obj) : error LNK2019: unresolved external symbol OBJ_txt2nid referenced in function generate_ecc_key [E:\iot\r40\Azure-IoT-Edge-Core\edgelet\target\debug\build\hsm-sys-655bd48171248c1c\out\build\tests\edge_hsm_crypto_int\edge_hsm_crypto_inut_exe.vcxproj]
  iothsm.lib(edge_pki_openssl.obj) : error LNK2019: unresolved external symbol EVP_sha256 referenced in function generate_evp_certificate [E:\iot\r40\Azure-IoT-Edge-Core\edgelet\target\debug\build\hsm-sys-655bd48171248c1c\out\build\tests\edge_hsm_crypto_int\edge_hsm_crypto_inut_exe.vcxproj]
  iothsm.lib(edge_pki_openssl.obj) : error LNK2019: unresolved external symbol OPENSSL_add_all_algorithms_noconf referenced in function generate_pki_cert_and_key_helper [E:\iot\r40\Azure-IoT-Edge-Core\edgelet\target\debug\build\hsm-sys-655bd48171248c1c\out\build\tests\edge_hsm_crypto_int\edge_hsm_crypto_inut_exe.vcxproj]
  iothsm.lib(edge_pki_openssl.obj) : error LNK2019: unresolved external symbol EVP_PKEY_base_id referenced in function generate_cert_key [E:\iot\r40\Azure-IoT-Edge-Core\edgelet\target\debug\build\hsm-sys-655bd48171248c1c\out\build\tests\edge_hsm_crypto_int\edge_hsm_crypto_inut_exe.vcxproj]
  iothsm.lib(edge_pki_openssl.obj) : error LNK2019: unresolved external symbol EVP_PKEY_bits referenced in function generate_cert_key [E:\iot\r40\Azure-IoT-Edge-Core\edgelet\target\debug\build\hsm-sys-655bd48171248c1c\out\build\tests\edge_hsm_crypto_int\edge_hsm_crypto_inut_exe.vcxproj]
  iothsm.lib(edge_pki_openssl.obj) : error LNK2019: unresolved external symbol EVP_PKEY_set1_RSA referenced in function generate_rsa_key [E:\iot\r40\Azure-IoT-Edge-Core\edgelet\target\debug\build\hsm-sys-655bd48171248c1c\out\build\tests\edge_hsm_crypto_int\edge_hsm_crypto_inut_exe.vcxproj]
  iothsm.lib(edge_pki_openssl.obj) : error LNK2019: unresolved external symbol EVP_PKEY_set1_EC_KEY referenced in function generate_ecc_key [E:\iot\r40\Azure-IoT-Edge-Core\edgelet\target\debug\build\hsm-sys-655bd48171248c1c\out\build\tests\edge_hsm_crypto_int\edge_hsm_crypto_inut_exe.vcxproj]
  iothsm.lib(edge_pki_openssl.obj) : error LNK2019: unresolved external symbol EVP_PKEY_get1_EC_KEY referenced in function generate_cert_key [E:\iot\r40\Azure-IoT-Edge-Core\edgelet\target\debug\build\hsm-sys-655bd48171248c1c\out\build\tests\edge_hsm_crypto_int\edge_hsm_crypto_inut_exe.vcxproj]
  iothsm.lib(edge_pki_openssl.obj) : error LNK2019: unresolved external symbol EVP_PKEY_new referenced in function generate_ecc_key [E:\iot\r40\Azure-IoT-Edge-Core\edgelet\target\debug\build\hsm-sys-655bd48171248c1c\out\build\tests\edge_hsm_crypto_int\edge_hsm_crypto_inut_exe.vcxproj]
  iothsm.lib(edge_pki_openssl.obj) : error LNK2019: unresolved external symbol EVP_PKEY_free referenced in function create_cert_key [E:\iot\r40\Azure-IoT-Edge-Core\edgelet\target\debug\build\hsm-sys-655bd48171248c1c\out\build\tests\edge_hsm_crypto_int\edge_hsm_crypto_inut_exe.vcxproj]
  iothsm.lib(edge_pki_openssl.obj) : error LNK2019: unresolved external symbol RSA_new referenced in function generate_rsa_key [E:\iot\r40\Azure-IoT-Edge-Core\edgelet\target\debug\build\hsm-sys-655bd48171248c1c\out\build\tests\edge_hsm_crypto_int\edge_hsm_crypto_inut_exe.vcxproj]
  iothsm.lib(edge_pki_openssl.obj) : error LNK2019: unresolved external symbol RSA_generate_key_ex referenced in function generate_rsa_key [E:\iot\r40\Azure-IoT-Edge-Core\edgelet\target\debug\build\hsm-sys-655bd48171248c1c\out\build\tests\edge_hsm_crypto_int\edge_hsm_crypto_inut_exe.vcxproj]
  iothsm.lib(edge_pki_openssl.obj) : error LNK2019: unresolved external symbol RSA_free referenced in function generate_rsa_key [E:\iot\r40\Azure-IoT-Edge-Core\edgelet\target\debug\build\hsm-sys-655bd48171248c1c\out\build\tests\edge_hsm_crypto_int\edge_hsm_crypto_inut_exe.vcxproj]
  iothsm.lib(edge_pki_openssl.obj) : error LNK2019: unresolved external symbol X509_sign referenced in function generate_evp_certificate [E:\iot\r40\Azure-IoT-Edge-Core\edgelet\target\debug\build\hsm-sys-655bd48171248c1c\out\build\tests\edge_hsm_crypto_int\edge_hsm_crypto_inut_exe.vcxproj]
  iothsm.lib(edge_pki_openssl.obj) : error LNK2019: unresolved external symbol X509_gmtime_adj referenced in function generate_evp_certificate [E:\iot\r40\Azure-IoT-Edge-Core\edgelet\target\debug\build\hsm-sys-655bd48171248c1c\out\build\tests\edge_hsm_crypto_int\edge_hsm_crypto_inut_exe.vcxproj]
  iothsm.lib(edge_pki_openssl.obj) : error LNK2019: unresolved external symbol X509_new referenced in function generate_evp_certificate [E:\iot\r40\Azure-IoT-Edge-Core\edgelet\target\debug\build\hsm-sys-655bd48171248c1c\out\build\tests\edge_hsm_crypto_int\edge_hsm_crypto_inut_exe.vcxproj]
  iothsm.lib(edge_pki_openssl.obj) : error LNK2019: unresolved external symbol X509_free referenced in function generate_evp_certificate [E:\iot\r40\Azure-IoT-Edge-Core\edgelet\target\debug\build\hsm-sys-655bd48171248c1c\out\build\tests\edge_hsm_crypto_int\edge_hsm_crypto_inut_exe.vcxproj]
  iothsm.lib(edge_pki_openssl.obj) : error LNK2019: unresolved external symbol X509_set_version referenced in function generate_evp_certificate [E:\iot\r40\Azure-IoT-Edge-Core\edgelet\target\debug\build\hsm-sys-655bd48171248c1c\out\build\tests\edge_hsm_crypto_int\edge_hsm_crypto_inut_exe.vcxproj]
  iothsm.lib(edge_pki_openssl.obj) : error LNK2019: unresolved external symbol X509_get_serialNumber referenced in function generate_evp_certificate [E:\iot\r40\Azure-IoT-Edge-Core\edgelet\target\debug\build\hsm-sys-655bd48171248c1c\out\build\tests\edge_hsm_crypto_int\edge_hsm_crypto_inut_exe.vcxproj]
  iothsm.lib(edge_pki_openssl.obj) : error LNK2019: unresolved external symbol X509_set_issuer_name referenced in function cert_set_subject_fields_and_issuer [E:\iot\r40\Azure-IoT-Edge-Core\edgelet\target\debug\build\hsm-sys-655bd48171248c1c\out\build\tests\edge_hsm_crypto_int\edge_hsm_crypto_inut_exe.vcxproj]
  iothsm.lib(edge_pki_openssl.obj) : error LNK2019: unresolved external symbol X509_get_subject_name referenced in function cert_set_subject_fields_and_issuer [E:\iot\r40\Azure-IoT-Edge-Core\edgelet\target\debug\build\hsm-sys-655bd48171248c1c\out\build\tests\edge_hsm_crypto_int\edge_hsm_crypto_inut_exe.vcxproj]
  iothsm.lib(edge_pki_openssl.obj) : error LNK2019: unresolved external symbol X509_set_pubkey referenced in function generate_evp_certificate [E:\iot\r40\Azure-IoT-Edge-Core\edgelet\target\debug\build\hsm-sys-655bd48171248c1c\out\build\tests\edge_hsm_crypto_int\edge_hsm_crypto_inut_exe.vcxproj]
  iothsm.lib(edge_pki_openssl.obj) : error LNK2019: unresolved external symbol X509_get_pubkey referenced in function generate_cert_key [E:\iot\r40\Azure-IoT-Edge-Core\edgelet\target\debug\build\hsm-sys-655bd48171248c1c\out\build\tests\edge_hsm_crypto_int\edge_hsm_crypto_inut_exe.vcxproj]
  iothsm.lib(edge_pki_openssl.obj) : error LNK2019: unresolved external symbol X509_NAME_get_text_by_NID referenced in function cert_set_subject_field [E:\iot\r40\Azure-IoT-Edge-Core\edgelet\target\debug\build\hsm-sys-655bd48171248c1c\out\build\tests\edge_hsm_crypto_int\edge_hsm_crypto_inut_exe.vcxproj]
  iothsm.lib(edge_pki_openssl.obj) : error LNK2019: unresolved external symbol X509_NAME_add_entry_by_txt referenced in function cert_set_subject_field [E:\iot\r40\Azure-IoT-Edge-Core\edgelet\target\debug\build\hsm-sys-655bd48171248c1c\out\build\tests\edge_hsm_crypto_int\edge_hsm_crypto_inut_exe.vcxproj]
  iothsm.lib(edge_pki_openssl.obj) : error LNK2019: unresolved external symbol PEM_read_bio_X509 referenced in function generate_pki_cert_and_key_helper [E:\iot\r40\Azure-IoT-Edge-Core\edgelet\target\debug\build\hsm-sys-655bd48171248c1c\out\build\tests\edge_hsm_crypto_int\edge_hsm_crypto_inut_exe.vcxproj]
  iothsm.lib(edge_pki_openssl.obj) : error LNK2019: unresolved external symbol PEM_write_bio_X509 referenced in function generate_evp_certificate [E:\iot\r40\Azure-IoT-Edge-Core\edgelet\target\debug\build\hsm-sys-655bd48171248c1c\out\build\tests\edge_hsm_crypto_int\edge_hsm_crypto_inut_exe.vcxproj]
  iothsm.lib(edge_pki_openssl.obj) : error LNK2019: unresolved external symbol PEM_read_bio_PrivateKey referenced in function load_private_key_file [E:\iot\r40\Azure-IoT-Edge-Core\edgelet\target\debug\build\hsm-sys-655bd48171248c1c\out\build\tests\edge_hsm_crypto_int\edge_hsm_crypto_inut_exe.vcxproj]
  iothsm.lib(edge_pki_openssl.obj) : error LNK2019: unresolved external symbol PEM_write_bio_PrivateKey referenced in function generate_cert_key [E:\iot\r40\Azure-IoT-Edge-Core\edgelet\target\debug\build\hsm-sys-655bd48171248c1c\out\build\tests\edge_hsm_crypto_int\edge_hsm_crypto_inut_exe.vcxproj]
  E:\iot\r40\Azure-IoT-Edge-Core\edgelet\target\debug\build\hsm-sys-655bd48171248c1c\out\build\tests\edge_hsm_crypto_int\Release\edge_hsm_crypto_inut_exe.exe : fatal error LNK1120: 44 unresolved externals [E:\iot\r40\Azure-IoT-Edge-Core\edgelet\target\debug\build\hsm-sys-655bd48171248c1c\out\build\tests\edge_hsm_crypto_int\edge_hsm_crypto_inut_exe.vcxproj]


"E:\iot\r40\Azure-IoT-Edge-Core\edgelet\target\debug\build\hsm-sys-655bd48171248c1c\out\build\install.vcxproj" (default target) (1) ->
"E:\iot\r40\Azure-IoT-Edge-Core\edgelet\target\debug\build\hsm-sys-655bd48171248c1c\out\build\ALL_BUILD.vcxproj" (default target) (3) ->
"E:\iot\r40\Azure-IoT-Edge-Core\edgelet\target\debug\build\hsm-sys-655bd48171248c1c\out\build\tests\edge_hsm_sas_auth_int\edge_hsm_sas_auth_int_exe.vcxproj" (default target) (13) ->
  iothsm.lib(edge_pki_openssl.obj) : error LNK2019: unresolved external symbol BIO_new_file referenced in function generate_cert_key [E:\iot\r40\Azure-IoT-Edge-Core\edgelet\target\debug\build\hsm-sys-655bd48171248c1c\out\build\tests\edge_hsm_sas_auth_int\edge_hsm_sas_auth_int_exe.vcxproj]
  iothsm.lib(edge_pki_openssl.obj) : error LNK2019: unresolved external symbol BIO_free_all referenced in function generate_cert_key [E:\iot\r40\Azure-IoT-Edge-Core\edgelet\target\debug\build\hsm-sys-655bd48171248c1c\out\build\tests\edge_hsm_sas_auth_int\edge_hsm_sas_auth_int_exe.vcxproj]
  iothsm.lib(edge_pki_openssl.obj) : error LNK2019: unresolved external symbol ERR_load_BIO_strings referenced in function generate_pki_cert_and_key_helper [E:\iot\r40\Azure-IoT-Edge-Core\edgelet\target\debug\build\hsm-sys-655bd48171248c1c\out\build\tests\edge_hsm_sas_auth_int\edge_hsm_sas_auth_int_exe.vcxproj]
  iothsm.lib(edge_pki_openssl.obj) : error LNK2019: unresolved external symbol BN_new referenced in function generate_rsa_key [E:\iot\r40\Azure-IoT-Edge-Core\edgelet\target\debug\build\hsm-sys-655bd48171248c1c\out\build\tests\edge_hsm_sas_auth_int\edge_hsm_sas_auth_int_exe.vcxproj]
  iothsm.lib(edge_pki_openssl.obj) : error LNK2019: unresolved external symbol BN_set_word referenced in function generate_rsa_key [E:\iot\r40\Azure-IoT-Edge-Core\edgelet\target\debug\build\hsm-sys-655bd48171248c1c\out\build\tests\edge_hsm_sas_auth_int\edge_hsm_sas_auth_int_exe.vcxproj]
  iothsm.lib(edge_pki_openssl.obj) : error LNK2019: unresolved external symbol BN_free referenced in function generate_rsa_key [E:\iot\r40\Azure-IoT-Edge-Core\edgelet\target\debug\build\hsm-sys-655bd48171248c1c\out\build\tests\edge_hsm_sas_auth_int\edge_hsm_sas_auth_int_exe.vcxproj]
  iothsm.lib(edge_pki_openssl.obj) : error LNK2019: unresolved external symbol ASN1_INTEGER_set referenced in function generate_evp_certificate [E:\iot\r40\Azure-IoT-Edge-Core\edgelet\target\debug\build\hsm-sys-655bd48171248c1c\out\build\tests\edge_hsm_sas_auth_int\edge_hsm_sas_auth_int_exe.vcxproj]
  iothsm.lib(edge_pki_openssl.obj) : error LNK2019: unresolved external symbol ERR_load_crypto_strings referenced in function generate_pki_cert_and_key_helper [E:\iot\r40\Azure-IoT-Edge-Core\edgelet\target\debug\build\hsm-sys-655bd48171248c1c\out\build\tests\edge_hsm_sas_auth_int\edge_hsm_sas_auth_int_exe.vcxproj]
  iothsm.lib(edge_pki_openssl.obj) : error LNK2019: unresolved external symbol EC_GROUP_get_curve_name referenced in function generate_cert_key [E:\iot\r40\Azure-IoT-Edge-Core\edgelet\target\debug\build\hsm-sys-655bd48171248c1c\out\build\tests\edge_hsm_sas_auth_int\edge_hsm_sas_auth_int_exe.vcxproj]
  iothsm.lib(edge_pki_openssl.obj) : error LNK2019: unresolved external symbol EC_KEY_new_by_curve_name referenced in function generate_ecc_key [E:\iot\r40\Azure-IoT-Edge-Core\edgelet\target\debug\build\hsm-sys-655bd48171248c1c\out\build\tests\edge_hsm_sas_auth_int\edge_hsm_sas_auth_int_exe.vcxproj]
  iothsm.lib(edge_pki_openssl.obj) : error LNK2019: unresolved external symbol EC_KEY_free referenced in function generate_cert_key [E:\iot\r40\Azure-IoT-Edge-Core\edgelet\target\debug\build\hsm-sys-655bd48171248c1c\out\build\tests\edge_hsm_sas_auth_int\edge_hsm_sas_auth_int_exe.vcxproj]
  iothsm.lib(edge_pki_openssl.obj) : error LNK2019: unresolved external symbol EC_KEY_get0_group referenced in function generate_cert_key [E:\iot\r40\Azure-IoT-Edge-Core\edgelet\target\debug\build\hsm-sys-655bd48171248c1c\out\build\tests\edge_hsm_sas_auth_int\edge_hsm_sas_auth_int_exe.vcxproj]
  iothsm.lib(edge_pki_openssl.obj) : error LNK2019: unresolved external symbol EC_KEY_set_asn1_flag referenced in function generate_ecc_key [E:\iot\r40\Azure-IoT-Edge-Core\edgelet\target\debug\build\hsm-sys-655bd48171248c1c\out\build\tests\edge_hsm_sas_auth_int\edge_hsm_sas_auth_int_exe.vcxproj]
  iothsm.lib(edge_pki_openssl.obj) : error LNK2019: unresolved external symbol EC_KEY_generate_key referenced in function generate_ecc_key [E:\iot\r40\Azure-IoT-Edge-Core\edgelet\target\debug\build\hsm-sys-655bd48171248c1c\out\build\tests\edge_hsm_sas_auth_int\edge_hsm_sas_auth_int_exe.vcxproj]
  iothsm.lib(edge_pki_openssl.obj) : error LNK2019: unresolved external symbol OBJ_nid2sn referenced in function generate_cert_key [E:\iot\r40\Azure-IoT-Edge-Core\edgelet\target\debug\build\hsm-sys-655bd48171248c1c\out\build\tests\edge_hsm_sas_auth_int\edge_hsm_sas_auth_int_exe.vcxproj]
  iothsm.lib(edge_pki_openssl.obj) : error LNK2019: unresolved external symbol OBJ_txt2nid referenced in function generate_ecc_key [E:\iot\r40\Azure-IoT-Edge-Core\edgelet\target\debug\build\hsm-sys-655bd48171248c1c\out\build\tests\edge_hsm_sas_auth_int\edge_hsm_sas_auth_int_exe.vcxproj]
  iothsm.lib(edge_pki_openssl.obj) : error LNK2019: unresolved external symbol EVP_sha256 referenced in function generate_evp_certificate [E:\iot\r40\Azure-IoT-Edge-Core\edgelet\target\debug\build\hsm-sys-655bd48171248c1c\out\build\tests\edge_hsm_sas_auth_int\edge_hsm_sas_auth_int_exe.vcxproj]
  iothsm.lib(edge_pki_openssl.obj) : error LNK2019: unresolved external symbol OPENSSL_add_all_algorithms_noconf referenced in function generate_pki_cert_and_key_helper [E:\iot\r40\Azure-IoT-Edge-Core\edgelet\target\debug\build\hsm-sys-655bd48171248c1c\out\build\tests\edge_hsm_sas_auth_int\edge_hsm_sas_auth_int_exe.vcxproj]
  iothsm.lib(edge_pki_openssl.obj) : error LNK2019: unresolved external symbol EVP_PKEY_base_id referenced in function generate_cert_key [E:\iot\r40\Azure-IoT-Edge-Core\edgelet\target\debug\build\hsm-sys-655bd48171248c1c\out\build\tests\edge_hsm_sas_auth_int\edge_hsm_sas_auth_int_exe.vcxproj]
  iothsm.lib(edge_pki_openssl.obj) : error LNK2019: unresolved external symbol EVP_PKEY_bits referenced in function generate_cert_key [E:\iot\r40\Azure-IoT-Edge-Core\edgelet\target\debug\build\hsm-sys-655bd48171248c1c\out\build\tests\edge_hsm_sas_auth_int\edge_hsm_sas_auth_int_exe.vcxproj]
  iothsm.lib(edge_pki_openssl.obj) : error LNK2019: unresolved external symbol EVP_PKEY_set1_RSA referenced in function generate_rsa_key [E:\iot\r40\Azure-IoT-Edge-Core\edgelet\target\debug\build\hsm-sys-655bd48171248c1c\out\build\tests\edge_hsm_sas_auth_int\edge_hsm_sas_auth_int_exe.vcxproj]
  iothsm.lib(edge_pki_openssl.obj) : error LNK2019: unresolved external symbol EVP_PKEY_set1_EC_KEY referenced in function generate_ecc_key [E:\iot\r40\Azure-IoT-Edge-Core\edgelet\target\debug\build\hsm-sys-655bd48171248c1c\out\build\tests\edge_hsm_sas_auth_int\edge_hsm_sas_auth_int_exe.vcxproj]
  iothsm.lib(edge_pki_openssl.obj) : error LNK2019: unresolved external symbol EVP_PKEY_get1_EC_KEY referenced in function generate_cert_key [E:\iot\r40\Azure-IoT-Edge-Core\edgelet\target\debug\build\hsm-sys-655bd48171248c1c\out\build\tests\edge_hsm_sas_auth_int\edge_hsm_sas_auth_int_exe.vcxproj]
  iothsm.lib(edge_pki_openssl.obj) : error LNK2019: unresolved external symbol EVP_PKEY_new referenced in function generate_ecc_key [E:\iot\r40\Azure-IoT-Edge-Core\edgelet\target\debug\build\hsm-sys-655bd48171248c1c\out\build\tests\edge_hsm_sas_auth_int\edge_hsm_sas_auth_int_exe.vcxproj]
  iothsm.lib(edge_pki_openssl.obj) : error LNK2019: unresolved external symbol EVP_PKEY_free referenced in function create_cert_key [E:\iot\r40\Azure-IoT-Edge-Core\edgelet\target\debug\build\hsm-sys-655bd48171248c1c\out\build\tests\edge_hsm_sas_auth_int\edge_hsm_sas_auth_int_exe.vcxproj]
  iothsm.lib(edge_pki_openssl.obj) : error LNK2019: unresolved external symbol RSA_new referenced in function generate_rsa_key [E:\iot\r40\Azure-IoT-Edge-Core\edgelet\target\debug\build\hsm-sys-655bd48171248c1c\out\build\tests\edge_hsm_sas_auth_int\edge_hsm_sas_auth_int_exe.vcxproj]
  iothsm.lib(edge_pki_openssl.obj) : error LNK2019: unresolved external symbol RSA_generate_key_ex referenced in function generate_rsa_key [E:\iot\r40\Azure-IoT-Edge-Core\edgelet\target\debug\build\hsm-sys-655bd48171248c1c\out\build\tests\edge_hsm_sas_auth_int\edge_hsm_sas_auth_int_exe.vcxproj]
  iothsm.lib(edge_pki_openssl.obj) : error LNK2019: unresolved external symbol RSA_free referenced in function generate_rsa_key [E:\iot\r40\Azure-IoT-Edge-Core\edgelet\target\debug\build\hsm-sys-655bd48171248c1c\out\build\tests\edge_hsm_sas_auth_int\edge_hsm_sas_auth_int_exe.vcxproj]
  iothsm.lib(edge_pki_openssl.obj) : error LNK2019: unresolved external symbol X509_sign referenced in function generate_evp_certificate [E:\iot\r40\Azure-IoT-Edge-Core\edgelet\target\debug\build\hsm-sys-655bd48171248c1c\out\build\tests\edge_hsm_sas_auth_int\edge_hsm_sas_auth_int_exe.vcxproj]
  iothsm.lib(edge_pki_openssl.obj) : error LNK2019: unresolved external symbol X509_gmtime_adj referenced in function generate_evp_certificate [E:\iot\r40\Azure-IoT-Edge-Core\edgelet\target\debug\build\hsm-sys-655bd48171248c1c\out\build\tests\edge_hsm_sas_auth_int\edge_hsm_sas_auth_int_exe.vcxproj]
  iothsm.lib(edge_pki_openssl.obj) : error LNK2019: unresolved external symbol X509_new referenced in function generate_evp_certificate [E:\iot\r40\Azure-IoT-Edge-Core\edgelet\target\debug\build\hsm-sys-655bd48171248c1c\out\build\tests\edge_hsm_sas_auth_int\edge_hsm_sas_auth_int_exe.vcxproj]
  iothsm.lib(edge_pki_openssl.obj) : error LNK2019: unresolved external symbol X509_free referenced in function generate_evp_certificate [E:\iot\r40\Azure-IoT-Edge-Core\edgelet\target\debug\build\hsm-sys-655bd48171248c1c\out\build\tests\edge_hsm_sas_auth_int\edge_hsm_sas_auth_int_exe.vcxproj]
  iothsm.lib(edge_pki_openssl.obj) : error LNK2019: unresolved external symbol X509_set_version referenced in function generate_evp_certificate [E:\iot\r40\Azure-IoT-Edge-Core\edgelet\target\debug\build\hsm-sys-655bd48171248c1c\out\build\tests\edge_hsm_sas_auth_int\edge_hsm_sas_auth_int_exe.vcxproj]
  iothsm.lib(edge_pki_openssl.obj) : error LNK2019: unresolved external symbol X509_get_serialNumber referenced in function generate_evp_certificate [E:\iot\r40\Azure-IoT-Edge-Core\edgelet\target\debug\build\hsm-sys-655bd48171248c1c\out\build\tests\edge_hsm_sas_auth_int\edge_hsm_sas_auth_int_exe.vcxproj]
  iothsm.lib(edge_pki_openssl.obj) : error LNK2019: unresolved external symbol X509_set_issuer_name referenced in function cert_set_subject_fields_and_issuer [E:\iot\r40\Azure-IoT-Edge-Core\edgelet\target\debug\build\hsm-sys-655bd48171248c1c\out\build\tests\edge_hsm_sas_auth_int\edge_hsm_sas_auth_int_exe.vcxproj]
  iothsm.lib(edge_pki_openssl.obj) : error LNK2019: unresolved external symbol X509_get_subject_name referenced in function cert_set_subject_fields_and_issuer [E:\iot\r40\Azure-IoT-Edge-Core\edgelet\target\debug\build\hsm-sys-655bd48171248c1c\out\build\tests\edge_hsm_sas_auth_int\edge_hsm_sas_auth_int_exe.vcxproj]
  iothsm.lib(edge_pki_openssl.obj) : error LNK2019: unresolved external symbol X509_set_pubkey referenced in function generate_evp_certificate [E:\iot\r40\Azure-IoT-Edge-Core\edgelet\target\debug\build\hsm-sys-655bd48171248c1c\out\build\tests\edge_hsm_sas_auth_int\edge_hsm_sas_auth_int_exe.vcxproj]
  iothsm.lib(edge_pki_openssl.obj) : error LNK2019: unresolved external symbol X509_get_pubkey referenced in function generate_cert_key [E:\iot\r40\Azure-IoT-Edge-Core\edgelet\target\debug\build\hsm-sys-655bd48171248c1c\out\build\tests\edge_hsm_sas_auth_int\edge_hsm_sas_auth_int_exe.vcxproj]
  iothsm.lib(edge_pki_openssl.obj) : error LNK2019: unresolved external symbol X509_NAME_get_text_by_NID referenced in function cert_set_subject_field [E:\iot\r40\Azure-IoT-Edge-Core\edgelet\target\debug\build\hsm-sys-655bd48171248c1c\out\build\tests\edge_hsm_sas_auth_int\edge_hsm_sas_auth_int_exe.vcxproj]
  iothsm.lib(edge_pki_openssl.obj) : error LNK2019: unresolved external symbol X509_NAME_add_entry_by_txt referenced in function cert_set_subject_field [E:\iot\r40\Azure-IoT-Edge-Core\edgelet\target\debug\build\hsm-sys-655bd48171248c1c\out\build\tests\edge_hsm_sas_auth_int\edge_hsm_sas_auth_int_exe.vcxproj]
  iothsm.lib(edge_pki_openssl.obj) : error LNK2019: unresolved external symbol PEM_read_bio_X509 referenced in function generate_pki_cert_and_key_helper [E:\iot\r40\Azure-IoT-Edge-Core\edgelet\target\debug\build\hsm-sys-655bd48171248c1c\out\build\tests\edge_hsm_sas_auth_int\edge_hsm_sas_auth_int_exe.vcxproj]
  iothsm.lib(edge_pki_openssl.obj) : error LNK2019: unresolved external symbol PEM_write_bio_X509 referenced in function generate_evp_certificate [E:\iot\r40\Azure-IoT-Edge-Core\edgelet\target\debug\build\hsm-sys-655bd48171248c1c\out\build\tests\edge_hsm_sas_auth_int\edge_hsm_sas_auth_int_exe.vcxproj]
  iothsm.lib(edge_pki_openssl.obj) : error LNK2019: unresolved external symbol PEM_read_bio_PrivateKey referenced in function load_private_key_file [E:\iot\r40\Azure-IoT-Edge-Core\edgelet\target\debug\build\hsm-sys-655bd48171248c1c\out\build\tests\edge_hsm_sas_auth_int\edge_hsm_sas_auth_int_exe.vcxproj]
  iothsm.lib(edge_pki_openssl.obj) : error LNK2019: unresolved external symbol PEM_write_bio_PrivateKey referenced in function generate_cert_key [E:\iot\r40\Azure-IoT-Edge-Core\edgelet\target\debug\build\hsm-sys-655bd48171248c1c\out\build\tests\edge_hsm_sas_auth_int\edge_hsm_sas_auth_int_exe.vcxproj]
  E:\iot\r40\Azure-IoT-Edge-Core\edgelet\target\debug\build\hsm-sys-655bd48171248c1c\out\build\tests\edge_hsm_sas_auth_int\Release\edge_hsm_sas_auth_int_exe.exe : fatal error LNK1120: 44 unresolved externals [E:\iot\r40\Azure-IoT-Edge-Core\edgelet\target\debug\build\hsm-sys-655bd48171248c1c\out\build\tests\edge_hsm_sas_auth_int\edge_hsm_sas_auth_int_exe.vcxproj]


"E:\iot\r40\Azure-IoT-Edge-Core\edgelet\target\debug\build\hsm-sys-655bd48171248c1c\out\build\install.vcxproj" (default target) (1) ->
"E:\iot\r40\Azure-IoT-Edge-Core\edgelet\target\debug\build\hsm-sys-655bd48171248c1c\out\build\ALL_BUILD.vcxproj" (default target) (3) ->
"E:\iot\r40\Azure-IoT-Edge-Core\edgelet\target\debug\build\hsm-sys-655bd48171248c1c\out\build\tests\edge_hsm_store_int\edge_hsm_store_inut_exe.vcxproj" (default target) (14) ->
  iothsm.lib(edge_pki_openssl.obj) : error LNK2019: unresolved external symbol BIO_new_file referenced in function generate_cert_key [E:\iot\r40\Azure-IoT-Edge-Core\edgelet\target\debug\build\hsm-sys-655bd48171248c1c\out\build\tests\edge_hsm_store_int\edge_hsm_store_inut_exe.vcxproj]
  iothsm.lib(edge_pki_openssl.obj) : error LNK2019: unresolved external symbol BIO_free_all referenced in function generate_cert_key [E:\iot\r40\Azure-IoT-Edge-Core\edgelet\target\debug\build\hsm-sys-655bd48171248c1c\out\build\tests\edge_hsm_store_int\edge_hsm_store_inut_exe.vcxproj]
  iothsm.lib(edge_pki_openssl.obj) : error LNK2019: unresolved external symbol ERR_load_BIO_strings referenced in function generate_pki_cert_and_key_helper [E:\iot\r40\Azure-IoT-Edge-Core\edgelet\target\debug\build\hsm-sys-655bd48171248c1c\out\build\tests\edge_hsm_store_int\edge_hsm_store_inut_exe.vcxproj]
  iothsm.lib(edge_pki_openssl.obj) : error LNK2019: unresolved external symbol BN_new referenced in function generate_rsa_key [E:\iot\r40\Azure-IoT-Edge-Core\edgelet\target\debug\build\hsm-sys-655bd48171248c1c\out\build\tests\edge_hsm_store_int\edge_hsm_store_inut_exe.vcxproj]
  iothsm.lib(edge_pki_openssl.obj) : error LNK2019: unresolved external symbol BN_set_word referenced in function generate_rsa_key [E:\iot\r40\Azure-IoT-Edge-Core\edgelet\target\debug\build\hsm-sys-655bd48171248c1c\out\build\tests\edge_hsm_store_int\edge_hsm_store_inut_exe.vcxproj]
  iothsm.lib(edge_pki_openssl.obj) : error LNK2019: unresolved external symbol BN_free referenced in function generate_rsa_key [E:\iot\r40\Azure-IoT-Edge-Core\edgelet\target\debug\build\hsm-sys-655bd48171248c1c\out\build\tests\edge_hsm_store_int\edge_hsm_store_inut_exe.vcxproj]
  iothsm.lib(edge_pki_openssl.obj) : error LNK2019: unresolved external symbol ASN1_INTEGER_set referenced in function generate_evp_certificate [E:\iot\r40\Azure-IoT-Edge-Core\edgelet\target\debug\build\hsm-sys-655bd48171248c1c\out\build\tests\edge_hsm_store_int\edge_hsm_store_inut_exe.vcxproj]
  iothsm.lib(edge_pki_openssl.obj) : error LNK2019: unresolved external symbol ERR_load_crypto_strings referenced in function generate_pki_cert_and_key_helper [E:\iot\r40\Azure-IoT-Edge-Core\edgelet\target\debug\build\hsm-sys-655bd48171248c1c\out\build\tests\edge_hsm_store_int\edge_hsm_store_inut_exe.vcxproj]
  iothsm.lib(edge_pki_openssl.obj) : error LNK2019: unresolved external symbol EC_GROUP_get_curve_name referenced in function generate_cert_key [E:\iot\r40\Azure-IoT-Edge-Core\edgelet\target\debug\build\hsm-sys-655bd48171248c1c\out\build\tests\edge_hsm_store_int\edge_hsm_store_inut_exe.vcxproj]
  iothsm.lib(edge_pki_openssl.obj) : error LNK2019: unresolved external symbol EC_KEY_new_by_curve_name referenced in function generate_ecc_key [E:\iot\r40\Azure-IoT-Edge-Core\edgelet\target\debug\build\hsm-sys-655bd48171248c1c\out\build\tests\edge_hsm_store_int\edge_hsm_store_inut_exe.vcxproj]
  iothsm.lib(edge_pki_openssl.obj) : error LNK2019: unresolved external symbol EC_KEY_free referenced in function generate_cert_key [E:\iot\r40\Azure-IoT-Edge-Core\edgelet\target\debug\build\hsm-sys-655bd48171248c1c\out\build\tests\edge_hsm_store_int\edge_hsm_store_inut_exe.vcxproj]
  iothsm.lib(edge_pki_openssl.obj) : error LNK2019: unresolved external symbol EC_KEY_get0_group referenced in function generate_cert_key [E:\iot\r40\Azure-IoT-Edge-Core\edgelet\target\debug\build\hsm-sys-655bd48171248c1c\out\build\tests\edge_hsm_store_int\edge_hsm_store_inut_exe.vcxproj]
  iothsm.lib(edge_pki_openssl.obj) : error LNK2019: unresolved external symbol EC_KEY_set_asn1_flag referenced in function generate_ecc_key [E:\iot\r40\Azure-IoT-Edge-Core\edgelet\target\debug\build\hsm-sys-655bd48171248c1c\out\build\tests\edge_hsm_store_int\edge_hsm_store_inut_exe.vcxproj]
  iothsm.lib(edge_pki_openssl.obj) : error LNK2019: unresolved external symbol EC_KEY_generate_key referenced in function generate_ecc_key [E:\iot\r40\Azure-IoT-Edge-Core\edgelet\target\debug\build\hsm-sys-655bd48171248c1c\out\build\tests\edge_hsm_store_int\edge_hsm_store_inut_exe.vcxproj]
  iothsm.lib(edge_pki_openssl.obj) : error LNK2019: unresolved external symbol OBJ_nid2sn referenced in function generate_cert_key [E:\iot\r40\Azure-IoT-Edge-Core\edgelet\target\debug\build\hsm-sys-655bd48171248c1c\out\build\tests\edge_hsm_store_int\edge_hsm_store_inut_exe.vcxproj]
  iothsm.lib(edge_pki_openssl.obj) : error LNK2019: unresolved external symbol OBJ_txt2nid referenced in function generate_ecc_key [E:\iot\r40\Azure-IoT-Edge-Core\edgelet\target\debug\build\hsm-sys-655bd48171248c1c\out\build\tests\edge_hsm_store_int\edge_hsm_store_inut_exe.vcxproj]
  iothsm.lib(edge_pki_openssl.obj) : error LNK2019: unresolved external symbol EVP_sha256 referenced in function generate_evp_certificate [E:\iot\r40\Azure-IoT-Edge-Core\edgelet\target\debug\build\hsm-sys-655bd48171248c1c\out\build\tests\edge_hsm_store_int\edge_hsm_store_inut_exe.vcxproj]
  iothsm.lib(edge_pki_openssl.obj) : error LNK2019: unresolved external symbol OPENSSL_add_all_algorithms_noconf referenced in function generate_pki_cert_and_key_helper [E:\iot\r40\Azure-IoT-Edge-Core\edgelet\target\debug\build\hsm-sys-655bd48171248c1c\out\build\tests\edge_hsm_store_int\edge_hsm_store_inut_exe.vcxproj]
  iothsm.lib(edge_pki_openssl.obj) : error LNK2019: unresolved external symbol EVP_PKEY_base_id referenced in function generate_cert_key [E:\iot\r40\Azure-IoT-Edge-Core\edgelet\target\debug\build\hsm-sys-655bd48171248c1c\out\build\tests\edge_hsm_store_int\edge_hsm_store_inut_exe.vcxproj]
  iothsm.lib(edge_pki_openssl.obj) : error LNK2019: unresolved external symbol EVP_PKEY_bits referenced in function generate_cert_key [E:\iot\r40\Azure-IoT-Edge-Core\edgelet\target\debug\build\hsm-sys-655bd48171248c1c\out\build\tests\edge_hsm_store_int\edge_hsm_store_inut_exe.vcxproj]
  iothsm.lib(edge_pki_openssl.obj) : error LNK2019: unresolved external symbol EVP_PKEY_set1_RSA referenced in function generate_rsa_key [E:\iot\r40\Azure-IoT-Edge-Core\edgelet\target\debug\build\hsm-sys-655bd48171248c1c\out\build\tests\edge_hsm_store_int\edge_hsm_store_inut_exe.vcxproj]
  iothsm.lib(edge_pki_openssl.obj) : error LNK2019: unresolved external symbol EVP_PKEY_set1_EC_KEY referenced in function generate_ecc_key [E:\iot\r40\Azure-IoT-Edge-Core\edgelet\target\debug\build\hsm-sys-655bd48171248c1c\out\build\tests\edge_hsm_store_int\edge_hsm_store_inut_exe.vcxproj]
  iothsm.lib(edge_pki_openssl.obj) : error LNK2019: unresolved external symbol EVP_PKEY_get1_EC_KEY referenced in function generate_cert_key [E:\iot\r40\Azure-IoT-Edge-Core\edgelet\target\debug\build\hsm-sys-655bd48171248c1c\out\build\tests\edge_hsm_store_int\edge_hsm_store_inut_exe.vcxproj]
  iothsm.lib(edge_pki_openssl.obj) : error LNK2019: unresolved external symbol EVP_PKEY_new referenced in function generate_ecc_key [E:\iot\r40\Azure-IoT-Edge-Core\edgelet\target\debug\build\hsm-sys-655bd48171248c1c\out\build\tests\edge_hsm_store_int\edge_hsm_store_inut_exe.vcxproj]
  iothsm.lib(edge_pki_openssl.obj) : error LNK2019: unresolved external symbol EVP_PKEY_free referenced in function create_cert_key [E:\iot\r40\Azure-IoT-Edge-Core\edgelet\target\debug\build\hsm-sys-655bd48171248c1c\out\build\tests\edge_hsm_store_int\edge_hsm_store_inut_exe.vcxproj]
  iothsm.lib(edge_pki_openssl.obj) : error LNK2019: unresolved external symbol RSA_new referenced in function generate_rsa_key [E:\iot\r40\Azure-IoT-Edge-Core\edgelet\target\debug\build\hsm-sys-655bd48171248c1c\out\build\tests\edge_hsm_store_int\edge_hsm_store_inut_exe.vcxproj]
  iothsm.lib(edge_pki_openssl.obj) : error LNK2019: unresolved external symbol RSA_generate_key_ex referenced in function generate_rsa_key [E:\iot\r40\Azure-IoT-Edge-Core\edgelet\target\debug\build\hsm-sys-655bd48171248c1c\out\build\tests\edge_hsm_store_int\edge_hsm_store_inut_exe.vcxproj]
  iothsm.lib(edge_pki_openssl.obj) : error LNK2019: unresolved external symbol RSA_free referenced in function generate_rsa_key [E:\iot\r40\Azure-IoT-Edge-Core\edgelet\target\debug\build\hsm-sys-655bd48171248c1c\out\build\tests\edge_hsm_store_int\edge_hsm_store_inut_exe.vcxproj]
  iothsm.lib(edge_pki_openssl.obj) : error LNK2019: unresolved external symbol X509_sign referenced in function generate_evp_certificate [E:\iot\r40\Azure-IoT-Edge-Core\edgelet\target\debug\build\hsm-sys-655bd48171248c1c\out\build\tests\edge_hsm_store_int\edge_hsm_store_inut_exe.vcxproj]
  iothsm.lib(edge_pki_openssl.obj) : error LNK2019: unresolved external symbol X509_gmtime_adj referenced in function generate_evp_certificate [E:\iot\r40\Azure-IoT-Edge-Core\edgelet\target\debug\build\hsm-sys-655bd48171248c1c\out\build\tests\edge_hsm_store_int\edge_hsm_store_inut_exe.vcxproj]
  iothsm.lib(edge_pki_openssl.obj) : error LNK2019: unresolved external symbol X509_new referenced in function generate_evp_certificate [E:\iot\r40\Azure-IoT-Edge-Core\edgelet\target\debug\build\hsm-sys-655bd48171248c1c\out\build\tests\edge_hsm_store_int\edge_hsm_store_inut_exe.vcxproj]
  iothsm.lib(edge_pki_openssl.obj) : error LNK2019: unresolved external symbol X509_free referenced in function generate_evp_certificate [E:\iot\r40\Azure-IoT-Edge-Core\edgelet\target\debug\build\hsm-sys-655bd48171248c1c\out\build\tests\edge_hsm_store_int\edge_hsm_store_inut_exe.vcxproj]
  iothsm.lib(edge_pki_openssl.obj) : error LNK2019: unresolved external symbol X509_set_version referenced in function generate_evp_certificate [E:\iot\r40\Azure-IoT-Edge-Core\edgelet\target\debug\build\hsm-sys-655bd48171248c1c\out\build\tests\edge_hsm_store_int\edge_hsm_store_inut_exe.vcxproj]
  iothsm.lib(edge_pki_openssl.obj) : error LNK2019: unresolved external symbol X509_get_serialNumber referenced in function generate_evp_certificate [E:\iot\r40\Azure-IoT-Edge-Core\edgelet\target\debug\build\hsm-sys-655bd48171248c1c\out\build\tests\edge_hsm_store_int\edge_hsm_store_inut_exe.vcxproj]
  iothsm.lib(edge_pki_openssl.obj) : error LNK2019: unresolved external symbol X509_set_issuer_name referenced in function cert_set_subject_fields_and_issuer [E:\iot\r40\Azure-IoT-Edge-Core\edgelet\target\debug\build\hsm-sys-655bd48171248c1c\out\build\tests\edge_hsm_store_int\edge_hsm_store_inut_exe.vcxproj]
  iothsm.lib(edge_pki_openssl.obj) : error LNK2019: unresolved external symbol X509_get_subject_name referenced in function cert_set_subject_fields_and_issuer [E:\iot\r40\Azure-IoT-Edge-Core\edgelet\target\debug\build\hsm-sys-655bd48171248c1c\out\build\tests\edge_hsm_store_int\edge_hsm_store_inut_exe.vcxproj]
  iothsm.lib(edge_pki_openssl.obj) : error LNK2019: unresolved external symbol X509_set_pubkey referenced in function generate_evp_certificate [E:\iot\r40\Azure-IoT-Edge-Core\edgelet\target\debug\build\hsm-sys-655bd48171248c1c\out\build\tests\edge_hsm_store_int\edge_hsm_store_inut_exe.vcxproj]
  iothsm.lib(edge_pki_openssl.obj) : error LNK2019: unresolved external symbol X509_get_pubkey referenced in function generate_cert_key [E:\iot\r40\Azure-IoT-Edge-Core\edgelet\target\debug\build\hsm-sys-655bd48171248c1c\out\build\tests\edge_hsm_store_int\edge_hsm_store_inut_exe.vcxproj]
  iothsm.lib(edge_pki_openssl.obj) : error LNK2019: unresolved external symbol X509_NAME_get_text_by_NID referenced in function cert_set_subject_field [E:\iot\r40\Azure-IoT-Edge-Core\edgelet\target\debug\build\hsm-sys-655bd48171248c1c\out\build\tests\edge_hsm_store_int\edge_hsm_store_inut_exe.vcxproj]
  iothsm.lib(edge_pki_openssl.obj) : error LNK2019: unresolved external symbol X509_NAME_add_entry_by_txt referenced in function cert_set_subject_field [E:\iot\r40\Azure-IoT-Edge-Core\edgelet\target\debug\build\hsm-sys-655bd48171248c1c\out\build\tests\edge_hsm_store_int\edge_hsm_store_inut_exe.vcxproj]
  iothsm.lib(edge_pki_openssl.obj) : error LNK2019: unresolved external symbol PEM_read_bio_X509 referenced in function generate_pki_cert_and_key_helper [E:\iot\r40\Azure-IoT-Edge-Core\edgelet\target\debug\build\hsm-sys-655bd48171248c1c\out\build\tests\edge_hsm_store_int\edge_hsm_store_inut_exe.vcxproj]
  iothsm.lib(edge_pki_openssl.obj) : error LNK2019: unresolved external symbol PEM_write_bio_X509 referenced in function generate_evp_certificate [E:\iot\r40\Azure-IoT-Edge-Core\edgelet\target\debug\build\hsm-sys-655bd48171248c1c\out\build\tests\edge_hsm_store_int\edge_hsm_store_inut_exe.vcxproj]
  iothsm.lib(edge_pki_openssl.obj) : error LNK2019: unresolved external symbol PEM_read_bio_PrivateKey referenced in function load_private_key_file [E:\iot\r40\Azure-IoT-Edge-Core\edgelet\target\debug\build\hsm-sys-655bd48171248c1c\out\build\tests\edge_hsm_store_int\edge_hsm_store_inut_exe.vcxproj]
  iothsm.lib(edge_pki_openssl.obj) : error LNK2019: unresolved external symbol PEM_write_bio_PrivateKey referenced in function generate_cert_key [E:\iot\r40\Azure-IoT-Edge-Core\edgelet\target\debug\build\hsm-sys-655bd48171248c1c\out\build\tests\edge_hsm_store_int\edge_hsm_store_inut_exe.vcxproj]
  E:\iot\r40\Azure-IoT-Edge-Core\edgelet\target\debug\build\hsm-sys-655bd48171248c1c\out\build\tests\edge_hsm_store_int\Release\edge_hsm_store_inut_exe.exe : fatal error LNK1120: 44 unresolved externals [E:\iot\r40\Azure-IoT-Edge-Core\edgelet\target\debug\build\hsm-sys-655bd48171248c1c\out\build\tests\edge_hsm_store_int\edge_hsm_store_inut_exe.vcxproj]


"E:\iot\r40\Azure-IoT-Edge-Core\edgelet\target\debug\build\hsm-sys-655bd48171248c1c\out\build\install.vcxproj" (default target) (1) ->
"E:\iot\r40\Azure-IoT-Edge-Core\edgelet\target\debug\build\hsm-sys-655bd48171248c1c\out\build\ALL_BUILD.vcxproj" (default target) (3) ->
"E:\iot\r40\Azure-IoT-Edge-Core\edgelet\target\debug\build\hsm-sys-655bd48171248c1c\out\build\tests\edge_openssl_int\edge_openssl_inut_exe.vcxproj" (default target) (17) ->
  iothsm.lib(edge_pki_openssl.obj) : error LNK2019: unresolved external symbol BIO_new_file referenced in function generate_cert_key [E:\iot\r40\Azure-IoT-Edge-Core\edgelet\target\debug\build\hsm-sys-655bd48171248c1c\out\build\tests\edge_openssl_int\edge_openssl_inut_exe.vcxproj]
  iothsm.lib(edge_pki_openssl.obj) : error LNK2019: unresolved external symbol BIO_free_all referenced in function generate_cert_key [E:\iot\r40\Azure-IoT-Edge-Core\edgelet\target\debug\build\hsm-sys-655bd48171248c1c\out\build\tests\edge_openssl_int\edge_openssl_inut_exe.vcxproj]
  iothsm.lib(edge_pki_openssl.obj) : error LNK2019: unresolved external symbol ERR_load_BIO_strings referenced in function generate_pki_cert_and_key_helper [E:\iot\r40\Azure-IoT-Edge-Core\edgelet\target\debug\build\hsm-sys-655bd48171248c1c\out\build\tests\edge_openssl_int\edge_openssl_inut_exe.vcxproj]
  iothsm.lib(edge_pki_openssl.obj) : error LNK2019: unresolved external symbol BN_new referenced in function generate_rsa_key [E:\iot\r40\Azure-IoT-Edge-Core\edgelet\target\debug\build\hsm-sys-655bd48171248c1c\out\build\tests\edge_openssl_int\edge_openssl_inut_exe.vcxproj]
  iothsm.lib(edge_pki_openssl.obj) : error LNK2019: unresolved external symbol BN_set_word referenced in function generate_rsa_key [E:\iot\r40\Azure-IoT-Edge-Core\edgelet\target\debug\build\hsm-sys-655bd48171248c1c\out\build\tests\edge_openssl_int\edge_openssl_inut_exe.vcxproj]
  iothsm.lib(edge_pki_openssl.obj) : error LNK2019: unresolved external symbol BN_free referenced in function generate_rsa_key [E:\iot\r40\Azure-IoT-Edge-Core\edgelet\target\debug\build\hsm-sys-655bd48171248c1c\out\build\tests\edge_openssl_int\edge_openssl_inut_exe.vcxproj]
  iothsm.lib(edge_pki_openssl.obj) : error LNK2019: unresolved external symbol ASN1_INTEGER_set referenced in function generate_evp_certificate [E:\iot\r40\Azure-IoT-Edge-Core\edgelet\target\debug\build\hsm-sys-655bd48171248c1c\out\build\tests\edge_openssl_int\edge_openssl_inut_exe.vcxproj]
  iothsm.lib(edge_pki_openssl.obj) : error LNK2019: unresolved external symbol ERR_load_crypto_strings referenced in function generate_pki_cert_and_key_helper [E:\iot\r40\Azure-IoT-Edge-Core\edgelet\target\debug\build\hsm-sys-655bd48171248c1c\out\build\tests\edge_openssl_int\edge_openssl_inut_exe.vcxproj]
  iothsm.lib(edge_pki_openssl.obj) : error LNK2019: unresolved external symbol EC_GROUP_get_curve_name referenced in function generate_cert_key [E:\iot\r40\Azure-IoT-Edge-Core\edgelet\target\debug\build\hsm-sys-655bd48171248c1c\out\build\tests\edge_openssl_int\edge_openssl_inut_exe.vcxproj]
  iothsm.lib(edge_pki_openssl.obj) : error LNK2019: unresolved external symbol EC_KEY_new_by_curve_name referenced in function generate_ecc_key [E:\iot\r40\Azure-IoT-Edge-Core\edgelet\target\debug\build\hsm-sys-655bd48171248c1c\out\build\tests\edge_openssl_int\edge_openssl_inut_exe.vcxproj]
  iothsm.lib(edge_pki_openssl.obj) : error LNK2019: unresolved external symbol EC_KEY_free referenced in function generate_cert_key [E:\iot\r40\Azure-IoT-Edge-Core\edgelet\target\debug\build\hsm-sys-655bd48171248c1c\out\build\tests\edge_openssl_int\edge_openssl_inut_exe.vcxproj]
  iothsm.lib(edge_pki_openssl.obj) : error LNK2019: unresolved external symbol EC_KEY_get0_group referenced in function generate_cert_key [E:\iot\r40\Azure-IoT-Edge-Core\edgelet\target\debug\build\hsm-sys-655bd48171248c1c\out\build\tests\edge_openssl_int\edge_openssl_inut_exe.vcxproj]
  iothsm.lib(edge_pki_openssl.obj) : error LNK2019: unresolved external symbol EC_KEY_set_asn1_flag referenced in function generate_ecc_key [E:\iot\r40\Azure-IoT-Edge-Core\edgelet\target\debug\build\hsm-sys-655bd48171248c1c\out\build\tests\edge_openssl_int\edge_openssl_inut_exe.vcxproj]
  iothsm.lib(edge_pki_openssl.obj) : error LNK2019: unresolved external symbol EC_KEY_generate_key referenced in function generate_ecc_key [E:\iot\r40\Azure-IoT-Edge-Core\edgelet\target\debug\build\hsm-sys-655bd48171248c1c\out\build\tests\edge_openssl_int\edge_openssl_inut_exe.vcxproj]
  iothsm.lib(edge_pki_openssl.obj) : error LNK2019: unresolved external symbol OBJ_nid2sn referenced in function generate_cert_key [E:\iot\r40\Azure-IoT-Edge-Core\edgelet\target\debug\build\hsm-sys-655bd48171248c1c\out\build\tests\edge_openssl_int\edge_openssl_inut_exe.vcxproj]
  iothsm.lib(edge_pki_openssl.obj) : error LNK2019: unresolved external symbol OBJ_txt2nid referenced in function generate_ecc_key [E:\iot\r40\Azure-IoT-Edge-Core\edgelet\target\debug\build\hsm-sys-655bd48171248c1c\out\build\tests\edge_openssl_int\edge_openssl_inut_exe.vcxproj]
  iothsm.lib(edge_pki_openssl.obj) : error LNK2019: unresolved external symbol EVP_sha256 referenced in function generate_evp_certificate [E:\iot\r40\Azure-IoT-Edge-Core\edgelet\target\debug\build\hsm-sys-655bd48171248c1c\out\build\tests\edge_openssl_int\edge_openssl_inut_exe.vcxproj]
  iothsm.lib(edge_pki_openssl.obj) : error LNK2019: unresolved external symbol OPENSSL_add_all_algorithms_noconf referenced in function generate_pki_cert_and_key_helper [E:\iot\r40\Azure-IoT-Edge-Core\edgelet\target\debug\build\hsm-sys-655bd48171248c1c\out\build\tests\edge_openssl_int\edge_openssl_inut_exe.vcxproj]
  iothsm.lib(edge_pki_openssl.obj) : error LNK2019: unresolved external symbol EVP_PKEY_base_id referenced in function generate_cert_key [E:\iot\r40\Azure-IoT-Edge-Core\edgelet\target\debug\build\hsm-sys-655bd48171248c1c\out\build\tests\edge_openssl_int\edge_openssl_inut_exe.vcxproj]
  iothsm.lib(edge_pki_openssl.obj) : error LNK2019: unresolved external symbol EVP_PKEY_bits referenced in function generate_cert_key [E:\iot\r40\Azure-IoT-Edge-Core\edgelet\target\debug\build\hsm-sys-655bd48171248c1c\out\build\tests\edge_openssl_int\edge_openssl_inut_exe.vcxproj]
  iothsm.lib(edge_pki_openssl.obj) : error LNK2019: unresolved external symbol EVP_PKEY_set1_RSA referenced in function generate_rsa_key [E:\iot\r40\Azure-IoT-Edge-Core\edgelet\target\debug\build\hsm-sys-655bd48171248c1c\out\build\tests\edge_openssl_int\edge_openssl_inut_exe.vcxproj]
  iothsm.lib(edge_pki_openssl.obj) : error LNK2019: unresolved external symbol EVP_PKEY_set1_EC_KEY referenced in function generate_ecc_key [E:\iot\r40\Azure-IoT-Edge-Core\edgelet\target\debug\build\hsm-sys-655bd48171248c1c\out\build\tests\edge_openssl_int\edge_openssl_inut_exe.vcxproj]
  iothsm.lib(edge_pki_openssl.obj) : error LNK2019: unresolved external symbol EVP_PKEY_get1_EC_KEY referenced in function generate_cert_key [E:\iot\r40\Azure-IoT-Edge-Core\edgelet\target\debug\build\hsm-sys-655bd48171248c1c\out\build\tests\edge_openssl_int\edge_openssl_inut_exe.vcxproj]
  iothsm.lib(edge_pki_openssl.obj) : error LNK2019: unresolved external symbol EVP_PKEY_new referenced in function generate_ecc_key [E:\iot\r40\Azure-IoT-Edge-Core\edgelet\target\debug\build\hsm-sys-655bd48171248c1c\out\build\tests\edge_openssl_int\edge_openssl_inut_exe.vcxproj]
  iothsm.lib(edge_pki_openssl.obj) : error LNK2019: unresolved external symbol EVP_PKEY_free referenced in function create_cert_key [E:\iot\r40\Azure-IoT-Edge-Core\edgelet\target\debug\build\hsm-sys-655bd48171248c1c\out\build\tests\edge_openssl_int\edge_openssl_inut_exe.vcxproj]
  iothsm.lib(edge_pki_openssl.obj) : error LNK2019: unresolved external symbol RSA_new referenced in function generate_rsa_key [E:\iot\r40\Azure-IoT-Edge-Core\edgelet\target\debug\build\hsm-sys-655bd48171248c1c\out\build\tests\edge_openssl_int\edge_openssl_inut_exe.vcxproj]
  iothsm.lib(edge_pki_openssl.obj) : error LNK2019: unresolved external symbol RSA_generate_key_ex referenced in function generate_rsa_key [E:\iot\r40\Azure-IoT-Edge-Core\edgelet\target\debug\build\hsm-sys-655bd48171248c1c\out\build\tests\edge_openssl_int\edge_openssl_inut_exe.vcxproj]
  iothsm.lib(edge_pki_openssl.obj) : error LNK2019: unresolved external symbol RSA_free referenced in function generate_rsa_key [E:\iot\r40\Azure-IoT-Edge-Core\edgelet\target\debug\build\hsm-sys-655bd48171248c1c\out\build\tests\edge_openssl_int\edge_openssl_inut_exe.vcxproj]
  iothsm.lib(edge_pki_openssl.obj) : error LNK2019: unresolved external symbol X509_sign referenced in function generate_evp_certificate [E:\iot\r40\Azure-IoT-Edge-Core\edgelet\target\debug\build\hsm-sys-655bd48171248c1c\out\build\tests\edge_openssl_int\edge_openssl_inut_exe.vcxproj]
  iothsm.lib(edge_pki_openssl.obj) : error LNK2019: unresolved external symbol X509_gmtime_adj referenced in function generate_evp_certificate [E:\iot\r40\Azure-IoT-Edge-Core\edgelet\target\debug\build\hsm-sys-655bd48171248c1c\out\build\tests\edge_openssl_int\edge_openssl_inut_exe.vcxproj]
  iothsm.lib(edge_pki_openssl.obj) : error LNK2019: unresolved external symbol X509_new referenced in function generate_evp_certificate [E:\iot\r40\Azure-IoT-Edge-Core\edgelet\target\debug\build\hsm-sys-655bd48171248c1c\out\build\tests\edge_openssl_int\edge_openssl_inut_exe.vcxproj]
  iothsm.lib(edge_pki_openssl.obj) : error LNK2019: unresolved external symbol X509_free referenced in function generate_evp_certificate [E:\iot\r40\Azure-IoT-Edge-Core\edgelet\target\debug\build\hsm-sys-655bd48171248c1c\out\build\tests\edge_openssl_int\edge_openssl_inut_exe.vcxproj]
  iothsm.lib(edge_pki_openssl.obj) : error LNK2019: unresolved external symbol X509_set_version referenced in function generate_evp_certificate [E:\iot\r40\Azure-IoT-Edge-Core\edgelet\target\debug\build\hsm-sys-655bd48171248c1c\out\build\tests\edge_openssl_int\edge_openssl_inut_exe.vcxproj]
  iothsm.lib(edge_pki_openssl.obj) : error LNK2019: unresolved external symbol X509_get_serialNumber referenced in function generate_evp_certificate [E:\iot\r40\Azure-IoT-Edge-Core\edgelet\target\debug\build\hsm-sys-655bd48171248c1c\out\build\tests\edge_openssl_int\edge_openssl_inut_exe.vcxproj]
  iothsm.lib(edge_pki_openssl.obj) : error LNK2019: unresolved external symbol X509_set_issuer_name referenced in function cert_set_subject_fields_and_issuer [E:\iot\r40\Azure-IoT-Edge-Core\edgelet\target\debug\build\hsm-sys-655bd48171248c1c\out\build\tests\edge_openssl_int\edge_openssl_inut_exe.vcxproj]
  iothsm.lib(edge_pki_openssl.obj) : error LNK2019: unresolved external symbol X509_get_subject_name referenced in function cert_set_subject_fields_and_issuer [E:\iot\r40\Azure-IoT-Edge-Core\edgelet\target\debug\build\hsm-sys-655bd48171248c1c\out\build\tests\edge_openssl_int\edge_openssl_inut_exe.vcxproj]
  iothsm.lib(edge_pki_openssl.obj) : error LNK2019: unresolved external symbol X509_set_pubkey referenced in function generate_evp_certificate [E:\iot\r40\Azure-IoT-Edge-Core\edgelet\target\debug\build\hsm-sys-655bd48171248c1c\out\build\tests\edge_openssl_int\edge_openssl_inut_exe.vcxproj]
  iothsm.lib(edge_pki_openssl.obj) : error LNK2019: unresolved external symbol X509_get_pubkey referenced in function generate_cert_key [E:\iot\r40\Azure-IoT-Edge-Core\edgelet\target\debug\build\hsm-sys-655bd48171248c1c\out\build\tests\edge_openssl_int\edge_openssl_inut_exe.vcxproj]
  iothsm.lib(edge_pki_openssl.obj) : error LNK2019: unresolved external symbol X509_NAME_get_text_by_NID referenced in function cert_set_subject_field [E:\iot\r40\Azure-IoT-Edge-Core\edgelet\target\debug\build\hsm-sys-655bd48171248c1c\out\build\tests\edge_openssl_int\edge_openssl_inut_exe.vcxproj]
  iothsm.lib(edge_pki_openssl.obj) : error LNK2019: unresolved external symbol X509_NAME_add_entry_by_txt referenced in function cert_set_subject_field [E:\iot\r40\Azure-IoT-Edge-Core\edgelet\target\debug\build\hsm-sys-655bd48171248c1c\out\build\tests\edge_openssl_int\edge_openssl_inut_exe.vcxproj]
  iothsm.lib(edge_pki_openssl.obj) : error LNK2019: unresolved external symbol PEM_read_bio_X509 referenced in function generate_pki_cert_and_key_helper [E:\iot\r40\Azure-IoT-Edge-Core\edgelet\target\debug\build\hsm-sys-655bd48171248c1c\out\build\tests\edge_openssl_int\edge_openssl_inut_exe.vcxproj]
  iothsm.lib(edge_pki_openssl.obj) : error LNK2019: unresolved external symbol PEM_write_bio_X509 referenced in function generate_evp_certificate [E:\iot\r40\Azure-IoT-Edge-Core\edgelet\target\debug\build\hsm-sys-655bd48171248c1c\out\build\tests\edge_openssl_int\edge_openssl_inut_exe.vcxproj]
  iothsm.lib(edge_pki_openssl.obj) : error LNK2019: unresolved external symbol PEM_read_bio_PrivateKey referenced in function load_private_key_file [E:\iot\r40\Azure-IoT-Edge-Core\edgelet\target\debug\build\hsm-sys-655bd48171248c1c\out\build\tests\edge_openssl_int\edge_openssl_inut_exe.vcxproj]
  iothsm.lib(edge_pki_openssl.obj) : error LNK2019: unresolved external symbol PEM_write_bio_PrivateKey referenced in function generate_cert_key [E:\iot\r40\Azure-IoT-Edge-Core\edgelet\target\debug\build\hsm-sys-655bd48171248c1c\out\build\tests\edge_openssl_int\edge_openssl_inut_exe.vcxproj]
  E:\iot\r40\Azure-IoT-Edge-Core\edgelet\target\debug\build\hsm-sys-655bd48171248c1c\out\build\tests\edge_openssl_int\Release\edge_openssl_inut_exe.exe : fatal error LNK1120: 44 unresolved externals [E:\iot\r40\Azure-IoT-Edge-Core\edgelet\target\debug\build\hsm-sys-655bd48171248c1c\out\build\tests\edge_openssl_int\edge_openssl_inut_exe.vcxproj]

    8 Warning(s)
    180 Error(s)

Time Elapsed 00:00:14.24

--- stderr
thread 'main' panicked at '
command did not execute successfully, got: exit code: 1

build script failed, must exit now', C:\Users\vpuranik.REDMOND\.cargo\registry\src\github.com-1ecc6299db9ec823\cmake-0.1.30\src\lib.rs:643:5
note: Run with `RUST_BACKTRACE=1` for a backtrace.

