<?xml version="1.0" encoding="utf-8"?>
<CoverageSession xmlns:xsd="http://www.w3.org/2001/XMLSchema" xmlns:xsi="http://www.w3.org/2001/XMLSchema-instance">
  <Summary numSequencePoints="0" visitedSequencePoints="0" numBranchPoints="0" visitedBranchPoints="0" sequenceCoverage="0" branchCoverage="0" maxCyclomaticComplexity="0" minCyclomaticComplexity="0" visitedClasses="0" numClasses="0" visitedMethods="0" numMethods="0" />
  <Modules>
    <Module skippedDueTo="Filter" hash="04-7D-5C-C6-C3-11-D8-F7-A7-7B-84-9E-EF-FF-50-78-5E-47-DF-60">
      <ModulePath>C:\Program Files\dotnet\shared\Microsoft.NETCore.App\1.1.1\System.Private.CoreLib.ni.dll</ModulePath>
      <ModuleTime>2017-02-10T08:37:52Z</ModuleTime>
      <ModuleName>System.Private.CoreLib</ModuleName>
      <Classes />
    </Module>
    <Module skippedDueTo="MissingPdb" hash="41-C3-2A-AD-E3-68-64-7A-CE-31-1E-63-52-86-C2-DE-24-AA-C0-68">
      <ModulePath>C:\Program Files\dotnet\sdk\1.0.1\dotnet.dll</ModulePath>
      <ModuleTime>2017-02-27T23:32:26Z</ModuleTime>
      <ModuleName>dotnet</ModuleName>
      <Classes />
    </Module>
    <Module skippedDueTo="Filter" hash="F1-50-99-8F-96-03-53-60-56-BB-33-F9-8F-0A-F4-12-C2-6B-2B-2B">
      <ModulePath>C:\Program Files\dotnet\shared\Microsoft.NETCore.App\1.1.1\System.Runtime.dll</ModulePath>
      <ModuleTime>2017-02-10T08:37:22Z</ModuleTime>
      <ModuleName>System.Runtime</ModuleName>
      <Classes />
    </Module>
    <Module skippedDueTo="Filter" hash="4F-57-B1-DA-12-6E-E4-14-D0-F4-E3-6B-40-B0-6B-0B-E4-2C-29-33">
      <ModulePath>C:\Program Files\dotnet\shared\Microsoft.NETCore.App\1.1.1\mscorlib.dll</ModulePath>
      <ModuleTime>2017-02-09T14:11:22Z</ModuleTime>
      <ModuleName>mscorlib</ModuleName>
      <Classes />
    </Module>
    <Module skippedDueTo="MissingPdb" hash="7D-D2-FB-6F-10-0A-48-E2-A0-9A-66-12-BE-49-25-E0-B0-74-D7-E0">
      <ModulePath>C:\Program Files\dotnet\sdk\1.0.1\Microsoft.DotNet.Cli.Utils.dll</ModulePath>
      <ModuleTime>2017-02-27T23:32:26Z</ModuleTime>
      <ModuleName>Microsoft.DotNet.Cli.Utils</ModuleName>
      <Classes />
    </Module>
    <Module skippedDueTo="Filter" hash="C8-A8-E9-BF-B2-71-33-30-7F-C0-1E-C4-1B-FB-89-95-FC-BD-63-59">
      <ModulePath>C:\Program Files\dotnet\shared\Microsoft.NETCore.App\1.1.1\System.Runtime.Extensions.dll</ModulePath>
      <ModuleTime>2017-02-10T08:37:30Z</ModuleTime>
      <ModuleName>System.Runtime.Extensions</ModuleName>
      <Classes />
    </Module>
    <Module skippedDueTo="Filter" hash="76-58-64-70-63-64-F3-AB-3B-31-01-3D-36-48-E5-71-99-44-6B-DE">
      <ModulePath>C:\Program Files\dotnet\shared\Microsoft.NETCore.App\1.1.1\System.Runtime.InteropServices.RuntimeInformation.dll</ModulePath>
      <ModuleTime>2017-02-10T08:37:20Z</ModuleTime>
      <ModuleName>System.Runtime.InteropServices.RuntimeInformation</ModuleName>
      <Classes />
    </Module>
    <Module skippedDueTo="Filter" hash="95-67-9C-94-81-13-6D-22-92-3A-65-A6-19-55-82-2C-B0-F5-9D-62">
      <ModulePath>C:\Program Files\dotnet\shared\Microsoft.NETCore.App\1.1.1\System.Reflection.Extensions.dll</ModulePath>
      <ModuleTime>2017-02-10T08:37:16Z</ModuleTime>
      <ModuleName>System.Reflection.Extensions</ModuleName>
      <Classes />
    </Module>
    <Module skippedDueTo="Filter" hash="87-C2-BC-EE-DD-8B-0E-07-0C-4A-CC-8E-5B-C2-11-BC-49-8A-3F-18">
      <ModulePath>C:\Program Files\dotnet\shared\Microsoft.NETCore.App\1.1.1\System.Reflection.dll</ModulePath>
      <ModuleTime>2017-02-10T08:37:28Z</ModuleTime>
      <ModuleName>System.Reflection</ModuleName>
      <Classes />
    </Module>
    <Module skippedDueTo="MissingPdb" hash="7F-A0-EE-4E-86-35-77-73-E5-17-DD-7F-5C-B9-1D-2E-EC-81-B0-FC">
      <ModulePath>C:\Program Files\dotnet\sdk\1.0.1\Microsoft.DotNet.PlatformAbstractions.dll</ModulePath>
      <ModuleTime>2017-02-27T23:32:26Z</ModuleTime>
      <ModuleName>Microsoft.DotNet.PlatformAbstractions</ModuleName>
      <Classes />
    </Module>
    <Module skippedDueTo="Filter" hash="32-63-E6-06-7B-79-A4-86-DB-05-C9-58-44-0B-43-66-35-5E-09-D1">
      <ModulePath>C:\Program Files\dotnet\shared\Microsoft.NETCore.App\1.1.1\System.Runtime.InteropServices.dll</ModulePath>
      <ModuleTime>2017-02-10T08:37:14Z</ModuleTime>
      <ModuleName>System.Runtime.InteropServices</ModuleName>
      <Classes />
    </Module>
    <Module skippedDueTo="Filter" hash="BD-3F-16-31-E8-FA-5B-3F-7D-54-9F-68-E4-97-0E-88-C5-52-63-03">
      <ModulePath>C:\Program Files\dotnet\shared\Microsoft.NETCore.App\1.1.1\System.IO.FileSystem.dll</ModulePath>
      <ModuleTime>2017-02-10T08:37:20Z</ModuleTime>
      <ModuleName>System.IO.FileSystem</ModuleName>
      <Classes />
    </Module>
    <Module skippedDueTo="Filter" hash="BF-B2-E8-F0-13-43-69-C4-4B-79-5C-73-1A-E7-BB-D2-BA-9A-38-6C">
      <ModulePath>C:\Program Files\dotnet\shared\Microsoft.NETCore.App\1.1.1\System.IO.FileSystem.Primitives.dll</ModulePath>
      <ModuleTime>2017-02-10T08:37:18Z</ModuleTime>
      <ModuleName>System.IO.FileSystem.Primitives</ModuleName>
      <Classes />
    </Module>
    <Module skippedDueTo="Filter" hash="E8-E1-75-35-31-53-6E-42-52-EC-88-ED-F0-CA-28-DC-12-CB-1E-A8">
      <ModulePath>C:\Program Files\dotnet\shared\Microsoft.NETCore.App\1.1.1\System.Runtime.Loader.dll</ModulePath>
      <ModuleTime>2017-02-10T08:37:28Z</ModuleTime>
      <ModuleName>System.Runtime.Loader</ModuleName>
      <Classes />
    </Module>
    <Module skippedDueTo="Filter" hash="30-16-92-68-27-EC-2C-82-99-96-4E-35-28-19-BB-51-7F-E4-F1-0C">
      <ModulePath>C:\Program Files\dotnet\sdk\1.0.1\runtimes\win\lib\netstandard1.3\System.Text.Encoding.CodePages.dll</ModulePath>
      <ModuleTime>2017-02-27T23:32:28Z</ModuleTime>
      <ModuleName>System.Text.Encoding.CodePages</ModuleName>
      <Classes />
    </Module>
    <Module skippedDueTo="Filter" hash="A3-21-80-4F-25-22-6A-D2-1C-D8-C8-AA-3B-8C-46-7A-96-34-B3-ED">
      <ModulePath>C:\Program Files\dotnet\shared\Microsoft.NETCore.App\1.1.1\System.Text.Encoding.dll</ModulePath>
      <ModuleTime>2017-02-10T08:37:30Z</ModuleTime>
      <ModuleName>System.Text.Encoding</ModuleName>
      <Classes />
    </Module>
    <Module skippedDueTo="Filter" hash="2C-1E-1E-95-53-33-D8-74-6B-8E-AF-3C-61-95-B8-EC-A6-46-54-1E">
      <ModulePath>C:\Program Files\dotnet\shared\Microsoft.NETCore.App\1.1.1\System.Collections.dll</ModulePath>
      <ModuleTime>2017-02-10T08:37:10Z</ModuleTime>
      <ModuleName>System.Collections</ModuleName>
      <Classes />
    </Module>
    <Module skippedDueTo="Filter" hash="F9-14-54-02-CA-B5-AF-BC-4F-38-1D-43-F9-AF-3F-0B-B1-16-49-5F">
      <ModulePath>C:\Program Files\dotnet\shared\Microsoft.NETCore.App\1.1.1\System.Threading.dll</ModulePath>
      <ModuleTime>2017-02-10T08:37:26Z</ModuleTime>
      <ModuleName>System.Threading</ModuleName>
      <Classes />
    </Module>
    <Module skippedDueTo="Filter" hash="36-8E-C6-B7-20-CB-EC-EC-39-0B-DA-12-20-31-C7-6A-CB-C5-5B-56">
      <ModulePath>C:\Program Files\dotnet\shared\Microsoft.NETCore.App\1.1.1\System.Collections.Concurrent.dll</ModulePath>
      <ModuleTime>2017-02-10T08:37:02Z</ModuleTime>
      <ModuleName>System.Collections.Concurrent</ModuleName>
      <Classes />
    </Module>
    <Module skippedDueTo="Filter" hash="08-D3-E6-62-C3-C9-E4-EF-2C-38-38-AD-F2-BA-C8-30-CE-4F-6F-D5">
      <ModulePath>C:\Program Files\dotnet\shared\Microsoft.NETCore.App\1.1.1\System.Threading.Thread.dll</ModulePath>
      <ModuleTime>2017-02-10T08:37:16Z</ModuleTime>
      <ModuleName>System.Threading.Thread</ModuleName>
      <Classes />
    </Module>
    <Module skippedDueTo="Filter" hash="DF-12-DE-C2-6F-C6-21-47-CB-C7-6B-67-B8-C4-A2-90-A2-9B-51-D8">
      <ModulePath>C:\Program Files\dotnet\shared\Microsoft.NETCore.App\1.1.1\System.Diagnostics.Process.dll</ModulePath>
      <ModuleTime>2017-02-10T08:37:14Z</ModuleTime>
      <ModuleName>System.Diagnostics.Process</ModuleName>
      <Classes />
    </Module>
    <Module skippedDueTo="Filter" hash="15-C1-41-18-C8-E4-89-59-A0-09-9F-98-5F-88-93-94-3A-F4-0F-5F">
      <ModulePath>C:\Program Files\dotnet\shared\Microsoft.NETCore.App\1.1.1\System.Linq.dll</ModulePath>
      <ModuleTime>2017-02-10T08:37:12Z</ModuleTime>
      <ModuleName>System.Linq</ModuleName>
      <Classes />
    </Module>
    <Module skippedDueTo="MissingPdb" hash="A5-CC-78-69-7A-07-AC-DE-0A-61-12-AE-5F-EE-FD-38-A4-1E-7B-EA">
      <ModulePath>C:\Program Files\dotnet\sdk\1.0.1\Microsoft.DotNet.Configurer.dll</ModulePath>
      <ModuleTime>2017-02-27T23:32:26Z</ModuleTime>
      <ModuleName>Microsoft.DotNet.Configurer</ModuleName>
      <Classes />
    </Module>
    <Module skippedDueTo="MissingPdb" hash="56-B3-2F-A1-85-3B-00-7A-3E-A4-0B-29-C2-8A-25-0D-B4-66-11-81">
      <ModulePath>C:\Program Files\dotnet\sdk\1.0.1\Microsoft.DotNet.InternalAbstractions.dll</ModulePath>
      <ModuleTime>2017-02-27T23:32:26Z</ModuleTime>
      <ModuleName>Microsoft.DotNet.InternalAbstractions</ModuleName>
      <Classes />
    </Module>
    <Module skippedDueTo="MissingPdb" hash="C9-1E-0F-4C-5A-8B-94-23-CE-4B-6C-D1-44-DB-B6-9F-B5-F9-34-A0">
      <ModulePath>C:\Program Files\dotnet\sdk\1.0.1\NuGet.Configuration.dll</ModulePath>
      <ModuleTime>2017-02-27T23:32:28Z</ModuleTime>
      <ModuleName>NuGet.Configuration</ModuleName>
      <Classes />
    </Module>
    <Module skippedDueTo="MissingPdb" hash="19-A3-30-DA-B0-CD-45-33-E0-B6-B1-B9-48-7F-09-E3-D3-8A-C1-C4">
      <ModulePath>C:\Program Files\dotnet\sdk\1.0.1\NuGet.Common.dll</ModulePath>
      <ModuleTime>2017-02-27T23:32:28Z</ModuleTime>
      <ModuleName>NuGet.Common</ModuleName>
      <Classes />
    </Module>
    <Module skippedDueTo="Filter" hash="68-6F-BC-3F-8F-BD-2B-BC-78-CA-73-7F-E4-C6-B0-D3-52-DC-0D-A2">
      <ModulePath>C:\Program Files\dotnet\shared\Microsoft.NETCore.App\1.1.1\System.IO.dll</ModulePath>
      <ModuleTime>2017-02-10T08:37:28Z</ModuleTime>
      <ModuleName>System.IO</ModuleName>
      <Classes />
    </Module>
    <Module skippedDueTo="Filter" hash="F6-FC-F8-81-D4-06-82-2D-85-A8-59-21-7D-6D-4D-55-5B-A9-87-80">
      <ModulePath>C:\Program Files\dotnet\shared\Microsoft.NETCore.App\1.1.1\System.Threading.Tasks.dll</ModulePath>
      <ModuleTime>2017-02-10T08:37:28Z</ModuleTime>
      <ModuleName>System.Threading.Tasks</ModuleName>
      <Classes />
    </Module>
    <Module skippedDueTo="Filter" hash="AA-84-5B-28-2E-F2-96-18-9B-A2-48-45-26-BF-08-BE-51-81-C7-AE">
      <ModulePath>C:\Program Files\dotnet\shared\Microsoft.NETCore.App\1.1.1\System.Runtime.Handles.dll</ModulePath>
      <ModuleTime>2017-02-10T08:37:28Z</ModuleTime>
      <ModuleName>System.Runtime.Handles</ModuleName>
      <Classes />
    </Module>
    <Module skippedDueTo="MissingPdb" hash="3A-7B-29-82-65-7F-57-A1-D1-A1-CD-B9-C3-F0-50-07-BC-EC-1C-49">
      <ModulePath>C:\Program Files\dotnet\sdk\1.0.1\NuGet.Frameworks.dll</ModulePath>
      <ModuleTime>2017-02-27T23:32:28Z</ModuleTime>
      <ModuleName>NuGet.Frameworks</ModuleName>
      <Classes />
    </Module>
    <Module skippedDueTo="MissingPdb" hash="42-DD-3F-C1-AA-81-C0-0E-96-B4-4C-38-92-F3-F9-2B-8F-D9-14-AB">
      <ModulePath>C:\Program Files\dotnet\sdk\1.0.1\Microsoft.ApplicationInsights.dll</ModulePath>
      <ModuleTime>2017-02-27T23:32:26Z</ModuleTime>
      <ModuleName>Microsoft.ApplicationInsights</ModuleName>
      <Classes />
    </Module>
    <Module skippedDueTo="Filter" hash="A8-28-75-19-63-D9-35-C7-F4-FE-95-71-A6-72-7C-00-2B-E3-5D-13">
      <ModulePath>C:\Program Files\dotnet\shared\Microsoft.NETCore.App\1.1.1\System.Text.RegularExpressions.dll</ModulePath>
      <ModuleTime>2017-02-10T08:37:22Z</ModuleTime>
      <ModuleName>System.Text.RegularExpressions</ModuleName>
      <Classes />
    </Module>
    <Module skippedDueTo="Filter" hash="AB-8D-3C-56-B3-67-8F-A0-6C-7A-A1-FA-C2-8D-50-1C-CD-59-ED-E7">
      <ModulePath>C:\Program Files\dotnet\shared\Microsoft.NETCore.App\1.1.1\System.Globalization.dll</ModulePath>
      <ModuleTime>2017-02-10T08:37:02Z</ModuleTime>
      <ModuleName>System.Globalization</ModuleName>
      <Classes />
    </Module>
    <Module skippedDueTo="Filter" hash="46-E9-0D-A8-BE-24-FD-7E-2E-7F-FF-7E-8B-22-B0-B5-63-A3-44-79">
      <ModulePath>C:\Program Files\dotnet\shared\Microsoft.NETCore.App\1.1.1\System.Xml.XDocument.dll</ModulePath>
      <ModuleTime>2017-02-10T08:37:18Z</ModuleTime>
      <ModuleName>System.Xml.XDocument</ModuleName>
      <Classes />
    </Module>
    <Module skippedDueTo="Filter" hash="3E-66-16-64-26-3C-87-1E-74-15-0C-FF-2D-4C-EF-E3-CB-8D-D1-06">
      <ModulePath>C:\Program Files\dotnet\shared\Microsoft.NETCore.App\1.1.1\System.Diagnostics.Tracing.dll</ModulePath>
      <ModuleTime>2017-02-10T08:37:04Z</ModuleTime>
      <ModuleName>System.Diagnostics.Tracing</ModuleName>
      <Classes />
    </Module>
    <Module skippedDueTo="Filter" hash="F1-84-33-57-C5-71-97-39-3F-4A-A4-AA-E7-FE-F9-94-F2-81-8B-7B">
      <ModulePath>C:\Program Files\dotnet\shared\Microsoft.NETCore.App\1.1.1\System.Private.Uri.dll</ModulePath>
      <ModuleTime>2017-02-10T08:37:14Z</ModuleTime>
      <ModuleName>System.Private.Uri</ModuleName>
      <Classes />
    </Module>
    <Module skippedDueTo="Filter" hash="43-D8-79-96-86-69-AA-77-DC-38-75-7D-53-4E-D7-85-14-07-E8-2C">
      <ModulePath>C:\Program Files\dotnet\shared\Microsoft.NETCore.App\1.1.1\System.Console.dll</ModulePath>
      <ModuleTime>2017-02-10T08:37:16Z</ModuleTime>
      <ModuleName>System.Console</ModuleName>
      <Classes />
    </Module>
  </Modules>
</CoverageSession>